[0.875s] Invoking command in 'C:\Users\felix\dev\SLAM-robot\ros2_ws\build\examples_rclcpp_async_client': C:\Program Files\CMake\bin\cmake.EXE C:\Users\felix\dev\SLAM-robot\ros2_ws\src\examples\rclcpp\services\async_client -DAMENT_CMAKE_SYMLINK_INSTALL=1 -DCMAKE_INSTALL_PREFIX=C:\Users\felix\dev\SLAM-robot\ros2_ws\install -G Visual Studio 16 2019
[1.125s] -- Selecting Windows SDK version 10.0.19041.0 to target Windows 10.0.19045.
[9.438s] -- The C compiler identification is MSVC 19.29.30154.0
[163.969s] -- The CXX compiler identification is MSVC 19.29.30154.0
[163.985s] -- Detecting C compiler ABI info
[163.985s] -- Detecting C compiler ABI info - done
[163.985s] -- Check for working C compiler: C:/Program Files (x86)/Microsoft Visual Studio/2019/Community/VC/Tools/MSVC/14.29.30133/bin/Hostx64/x64/cl.exe - skipped
[163.985s] -- Detecting C compile features
[163.985s] -- Detecting C compile features - done
[163.985s] -- Detecting CXX compiler ABI info
[163.985s] -- Detecting CXX compiler ABI info - done
[163.985s] -- Check for working CXX compiler: C:/Program Files (x86)/Microsoft Visual Studio/2019/Community/VC/Tools/MSVC/14.29.30133/bin/Hostx64/x64/cl.exe - skipped
[163.985s] -- Detecting CXX compile features
[163.985s] -- Detecting CXX compile features - done
[163.985s] -- Found ament_cmake: 2.7.0 (C:/ros2-package-windows-AMD64/ros2-windows/share/ament_cmake/cmake)
[164.000s] -- Found Python3: C:/Python38/python.exe (found version "3.8.3") found components: Interpreter
[164.000s] -- Override CMake install command with custom implementation using symlinks instead of copying resources
[164.000s] -- Found example_interfaces: 0.13.0 (C:/ros2-package-windows-AMD64/ros2-windows/share/example_interfaces/cmake)
[164.000s] -- Found rosidl_generator_c: 4.8.1 (C:/ros2-package-windows-AMD64/ros2-windows/share/rosidl_generator_c/cmake)
[164.000s] -- Found rosidl_generator_cpp: 4.8.1 (C:/ros2-package-windows-AMD64/ros2-windows/share/rosidl_generator_cpp/cmake)
[164.000s] -- Using all available rosidl_typesupport_c: rosidl_typesupport_fastrtps_c;rosidl_typesupport_introspection_c
[164.000s] -- Using all available rosidl_typesupport_cpp: rosidl_typesupport_fastrtps_cpp;rosidl_typesupport_introspection_cpp
[164.000s] -- Found rclcpp: 28.3.1 (C:/ros2-package-windows-AMD64/ros2-windows/share/rclcpp/cmake)
[164.000s] -- Found rmw_implementation_cmake: 7.4.1 (C:/ros2-package-windows-AMD64/ros2-windows/share/rmw_implementation_cmake/cmake)
[164.000s] -- Found rmw_fastrtps_cpp: 9.0.0 (C:/ros2-package-windows-AMD64/ros2-windows/share/rmw_fastrtps_cpp/cmake)
[164.000s] -- Found OpenSSL: optimized;C:/Program Files/OpenSSL-Win64/lib/VC/libcrypto64MD.lib;debug;C:/Program Files/OpenSSL-Win64/lib/VC/libcrypto64MDd.lib (found version "1.1.1u")
[164.000s] -- Found FastRTPS: C:/ros2-package-windows-AMD64/ros2-windows/include (Required is at least version "2.13")
[164.000s] -- Using RMW implementation 'rmw_fastrtps_cpp' as default
[164.000s] -- Found ament_lint_auto: 0.18.1 (C:/ros2-package-windows-AMD64/ros2-windows/share/ament_lint_auto/cmake)
[164.000s] -- Added test 'copyright' to check source files copyright and LICENSE
[164.000s] -- Added test 'cppcheck' to perform static code analysis on C / C++ code
[164.000s] -- Configured cppcheck include dirs: 
[164.000s] -- Configured cppcheck exclude dirs and/or files: 
[164.000s] -- Added test 'cpplint' to check C / C++ code against the Google style
[164.000s] -- Configured cpplint exclude dirs and/or files: 
[164.000s] -- Added test 'lint_cmake' to check CMake code style
[164.000s] -- Added test 'uncrustify' to check C / C++ code style
[164.000s] -- Configured uncrustify additional arguments: 
[164.000s] -- Added test 'xmllint' to check XML markup files
[164.000s] -- Configuring done (77.8s)
[164.000s] -- Generating done (2.7s)
[164.000s] -- Build files have been written to: C:/Users/felix/dev/SLAM-robot/ros2_ws/build/examples_rclcpp_async_client
[164.047s] Invoked command in 'C:\Users\felix\dev\SLAM-robot\ros2_ws\build\examples_rclcpp_async_client' returned '0': C:\Program Files\CMake\bin\cmake.EXE C:\Users\felix\dev\SLAM-robot\ros2_ws\src\examples\rclcpp\services\async_client -DAMENT_CMAKE_SYMLINK_INSTALL=1 -DCMAKE_INSTALL_PREFIX=C:\Users\felix\dev\SLAM-robot\ros2_ws\install -G Visual Studio 16 2019
[164.047s] Invoking command in 'C:\Users\felix\dev\SLAM-robot\ros2_ws\build\examples_rclcpp_async_client': CL=/MP C:\Program Files\CMake\bin\cmake.EXE --build C:\Users\felix\dev\SLAM-robot\ros2_ws\build\examples_rclcpp_async_client --config Release
[164.438s] Microsoft (R) Build Engine version 16.11.2+f32259642 for .NET Framework
[164.438s] Copyright (C) Microsoft Corporation. All rights reserved.
[164.438s] 
[165.547s]   1>Checking Build System
[166.203s]   Building Custom Rule C:/Users/felix/dev/SLAM-robot/ros2_ws/src/examples/rclcpp/services/async_client/CMakeLists.txt
[166.891s]   main.cpp
[203.172s]   client_main.vcxproj -> C:\Users\felix\dev\SLAM-robot\ros2_ws\build\examples_rclcpp_async_client\Release\client_main.exe
[203.625s]   Building Custom Rule C:/Users/felix/dev/SLAM-robot/ros2_ws/src/examples/rclcpp/services/async_client/CMakeLists.txt
[205.172s] Invoked command in 'C:\Users\felix\dev\SLAM-robot\ros2_ws\build\examples_rclcpp_async_client' returned '0': CL=/MP C:\Program Files\CMake\bin\cmake.EXE --build C:\Users\felix\dev\SLAM-robot\ros2_ws\build\examples_rclcpp_async_client --config Release
[205.735s] Invoking command in 'C:\Users\felix\dev\SLAM-robot\ros2_ws\build\examples_rclcpp_async_client': C:\Program Files\CMake\bin\cmake.EXE --install C:\Users\felix\dev\SLAM-robot\ros2_ws\build\examples_rclcpp_async_client --config Release
[206.235s] -- Execute custom install script
[206.360s] -- Symlinking: C:/Users/felix/dev/SLAM-robot/ros2_ws/install/lib/examples_rclcpp_async_client/client_main.exe
[206.813s] CMake Error: failed to create symbolic link 'C:/Users/felix/dev/SLAM-robot/ros2_ws/install/lib/examples_rclcpp_async_client/client_main.exe': A required privilege is not held by the client.
[206.860s] 
[207.047s] CMake Error at ament_cmake_symlink_install/ament_cmake_symlink_install.cmake:302 (message):
[207.078s]   Could not create symlink
[207.125s]   'C:/Users/felix/dev/SLAM-robot/ros2_ws/install/lib/examples_rclcpp_async_client/client_main.exe'
[207.157s]   pointing to
[207.172s]   'C:/Users/felix/dev/SLAM-robot/ros2_ws/build/examples_rclcpp_async_client/Release/client_main.exe'
[207.188s] Call Stack (most recent call first):
[207.219s]   ament_cmake_symlink_install/ament_cmake_symlink_install.cmake:264 (_ament_cmake_symlink_install_create_symlink)
[207.250s]   ament_cmake_symlink_install_targets_0_Release.cmake:1 (ament_cmake_symlink_install_targets)
[207.266s]   ament_cmake_symlink_install/ament_cmake_symlink_install.cmake:314 (include)
[207.297s]   cmake_install.cmake:36 (include)
[207.328s] 
[207.485s] 
[207.735s] Invoked command in 'C:\Users\felix\dev\SLAM-robot\ros2_ws\build\examples_rclcpp_async_client' returned '1': C:\Program Files\CMake\bin\cmake.EXE --install C:\Users\felix\dev\SLAM-robot\ros2_ws\build\examples_rclcpp_async_client --config Release
