[0.029s] Invoking command in '/Users/fergusproctor/dev/SLAM-robot/ros2_ws/build/serial_communicator': CONDA_PROMPT_MODIFIER=(ros_env) SHLVL=2 _=/Users/fergusproctor/miniforge3/envs/ros_env/bin/env __CF_USER_TEXT_ENCODING=0x1F5:0x0:0x0 /Users/fergusproctor/miniforge3/envs/ros_env/bin/cmake --build /Users/fergusproctor/dev/SLAM-robot/ros2_ws/build/serial_communicator -- -j8 -l8
[0.326s] [ 50%] Building CXX object CMakeFiles/serial_node.dir/src/serial_node.cpp.o
[2.426s] /Users/fergusproctor/dev/SLAM-robot/ros2_ws/src/serial_communicator/src/serial_node.cpp:34:13: error: unknown type name 'io_service_'; did you mean 'io_service'?
[2.426s]             io_service_->run();  // This will block and keep the io_service running
[2.426s]             ^~~~~~~~~~~
[2.426s]             io_service
[2.426s] /Users/fergusproctor/dev/SLAM-robot/ros2_ws/src/serial_communicator/src/serial_node.cpp:9:20: note: 'io_service' declared here
[2.426s] using boost::asio::io_service;
[2.426s]                    ^
[2.426s] /Users/fergusproctor/dev/SLAM-robot/ros2_ws/src/serial_communicator/src/serial_node.cpp:34:24: error: cannot use arrow operator on a type
[2.426s]             io_service_->run();  // This will block and keep the io_service running
[2.426s]                        ^
[2.426s] /Users/fergusproctor/dev/SLAM-robot/ros2_ws/src/serial_communicator/src/serial_node.cpp:33:35: warning: lambda capture 'this' is not used [-Wunused-lambda-capture]
[2.426s]         io_thread_ = std::thread([this]() {
[2.426s]                                   ^~~~
[2.444s] /Users/fergusproctor/dev/SLAM-robot/ros2_ws/src/serial_communicator/src/serial_node.cpp:55:9: error: unknown type name 'io_service_'; did you mean 'io_service'?
[2.444s]         io_service_->stop();
[2.444s]         ^~~~~~~~~~~
[2.444s]         io_service
[2.444s] /Users/fergusproctor/dev/SLAM-robot/ros2_ws/src/serial_communicator/src/serial_node.cpp:9:20: note: 'io_service' declared here
[2.444s] using boost::asio::io_service;
[2.444s]                    ^
[2.444s] /Users/fergusproctor/dev/SLAM-robot/ros2_ws/src/serial_communicator/src/serial_node.cpp:55:20: error: cannot use arrow operator on a type
[2.445s]         io_service_->stop();
[2.445s]                    ^
[3.413s] 1 warning and 4 errors generated.
[3.422s] make[2]: *** [CMakeFiles/serial_node.dir/build.make:76: CMakeFiles/serial_node.dir/src/serial_node.cpp.o] Error 1
[3.422s] make[1]: *** [CMakeFiles/Makefile2:137: CMakeFiles/serial_node.dir/all] Error 2
[3.422s] make: *** [Makefile:146: all] Error 2
[3.424s] Invoked command in '/Users/fergusproctor/dev/SLAM-robot/ros2_ws/build/serial_communicator' returned '2': CONDA_PROMPT_MODIFIER=(ros_env) SHLVL=2 _=/Users/fergusproctor/miniforge3/envs/ros_env/bin/env __CF_USER_TEXT_ENCODING=0x1F5:0x0:0x0 /Users/fergusproctor/miniforge3/envs/ros_env/bin/cmake --build /Users/fergusproctor/dev/SLAM-robot/ros2_ws/build/serial_communicator -- -j8 -l8
