-- The C compiler identification is Clang 16.0.6
-- The CXX compiler identification is Clang 16.0.6
-- Detecting C compiler ABI info
-- Detecting C compiler ABI info - done
-- Check for working C compiler: /Users/fergusproctor/miniforge3/envs/ros_env/bin/arm64-apple-darwin20.0.0-clang - skipped
-- Detecting C compile features
-- Detecting C compile features - done
-- Detecting CXX compiler ABI info
-- Detecting CXX compiler ABI info - done
-- Check for working CXX compiler: /Users/fergusproctor/miniforge3/envs/ros_env/bin/arm64-apple-darwin20.0.0-clang++ - skipped
-- Detecting CXX compile features
-- Detecting CXX compile features - done
-- Found ament_cmake: 1.3.7 (/Users/fergusproctor/miniforge3/envs/ros_env/share/ament_cmake/cmake)
-- Found Python3: /opt/homebrew/Frameworks/Python.framework/Versions/3.12/bin/python3.12 (found version "3.12.4") found components: Interpreter 
-- Found rclcpp: 16.0.8 (/Users/fergusproctor/miniforge3/envs/ros_env/share/rclcpp/cmake)
-- Found rosidl_generator_c: 3.1.5 (/Users/fergusproctor/miniforge3/envs/ros_env/share/rosidl_generator_c/cmake)
-- Found rosidl_adapter: 3.1.5 (/Users/fergusproctor/miniforge3/envs/ros_env/share/rosidl_adapter/cmake)
-- Found rosidl_generator_cpp: 3.1.5 (/Users/fergusproctor/miniforge3/envs/ros_env/share/rosidl_generator_cpp/cmake)
-- Using all available rosidl_typesupport_c: rosidl_typesupport_fastrtps_c;rosidl_typesupport_introspection_c
-- Using all available rosidl_typesupport_cpp: rosidl_typesupport_fastrtps_cpp;rosidl_typesupport_introspection_cpp
-- Checking for module 'yaml-0.1'
--   Found yaml-0.1, version 0.2.5
-- Found rmw_implementation_cmake: 6.1.1 (/Users/fergusproctor/miniforge3/envs/ros_env/share/rmw_implementation_cmake/cmake)
-- Found rmw_cyclonedds_cpp: 1.3.4 (/Users/fergusproctor/miniforge3/envs/ros_env/share/rmw_cyclonedds_cpp/cmake)
-- Using RMW implementation 'rmw_cyclonedds_cpp' as default
-- Performing Test CMAKE_HAVE_LIBC_PTHREAD
-- Performing Test CMAKE_HAVE_LIBC_PTHREAD - Success
-- Found Threads: TRUE  
-- Found Boost: /Users/fergusproctor/miniforge3/envs/ros_env/lib/cmake/Boost-1.82.0/BoostConfig.cmake (found version "1.82.0") found components: system 
-- Found ament_lint_auto: 0.12.10 (/Users/fergusproctor/miniforge3/envs/ros_env/share/ament_lint_auto/cmake)
-- Added test 'cppcheck' to perform static code analysis on C / C++ code
-- Configured cppcheck include dirs: 
-- Configured cppcheck exclude dirs and/or files: 
-- Added test 'lint_cmake' to check CMake code style
-- Added test 'uncrustify' to check C / C++ code style
-- Configured uncrustify additional arguments: 
-- Added test 'xmllint' to check XML markup files
-- Configuring done (4.5s)
-- Generating done (0.0s)
-- Build files have been written to: /Users/fergusproctor/dev/SLAM-robot/ros2_ws/build/my_serial_communicator_cpp
[ 50%] Building CXX object CMakeFiles/serial_sender_node.dir/src/serial_sender_node.cpp.o
[100%] Linking CXX executable serial_sender_node
[100%] Built target serial_sender_node
-- Install configuration: ""
-- Installing: /Users/fergusproctor/dev/SLAM-robot/ros2_ws/install/my_serial_communicator_cpp/lib/my_serial_communicator_cpp/serial_sender_node
-- Installing: /Users/fergusproctor/dev/SLAM-robot/ros2_ws/install/my_serial_communicator_cpp/share/ament_index/resource_index/package_run_dependencies/my_serial_communicator_cpp
-- Installing: /Users/fergusproctor/dev/SLAM-robot/ros2_ws/install/my_serial_communicator_cpp/share/ament_index/resource_index/parent_prefix_path/my_serial_communicator_cpp
-- Installing: /Users/fergusproctor/dev/SLAM-robot/ros2_ws/install/my_serial_communicator_cpp/share/my_serial_communicator_cpp/environment/ament_prefix_path.sh
-- Installing: /Users/fergusproctor/dev/SLAM-robot/ros2_ws/install/my_serial_communicator_cpp/share/my_serial_communicator_cpp/environment/ament_prefix_path.dsv
-- Installing: /Users/fergusproctor/dev/SLAM-robot/ros2_ws/install/my_serial_communicator_cpp/share/my_serial_communicator_cpp/environment/path.sh
-- Installing: /Users/fergusproctor/dev/SLAM-robot/ros2_ws/install/my_serial_communicator_cpp/share/my_serial_communicator_cpp/environment/path.dsv
-- Installing: /Users/fergusproctor/dev/SLAM-robot/ros2_ws/install/my_serial_communicator_cpp/share/my_serial_communicator_cpp/local_setup.bash
-- Installing: /Users/fergusproctor/dev/SLAM-robot/ros2_ws/install/my_serial_communicator_cpp/share/my_serial_communicator_cpp/local_setup.sh
-- Installing: /Users/fergusproctor/dev/SLAM-robot/ros2_ws/install/my_serial_communicator_cpp/share/my_serial_communicator_cpp/local_setup.zsh
-- Installing: /Users/fergusproctor/dev/SLAM-robot/ros2_ws/install/my_serial_communicator_cpp/share/my_serial_communicator_cpp/local_setup.dsv
-- Installing: /Users/fergusproctor/dev/SLAM-robot/ros2_ws/install/my_serial_communicator_cpp/share/my_serial_communicator_cpp/package.dsv
-- Installing: /Users/fergusproctor/dev/SLAM-robot/ros2_ws/install/my_serial_communicator_cpp/share/ament_index/resource_index/packages/my_serial_communicator_cpp
-- Installing: /Users/fergusproctor/dev/SLAM-robot/ros2_ws/install/my_serial_communicator_cpp/share/my_serial_communicator_cpp/cmake/my_serial_communicator_cppConfig.cmake
-- Installing: /Users/fergusproctor/dev/SLAM-robot/ros2_ws/install/my_serial_communicator_cpp/share/my_serial_communicator_cpp/cmake/my_serial_communicator_cppConfig-version.cmake
-- Installing: /Users/fergusproctor/dev/SLAM-robot/ros2_ws/install/my_serial_communicator_cpp/share/my_serial_communicator_cpp/package.xml
