[0.026s] Invoking command in '/Users/fergusproctor/dev/SLAM-robot/ros2_ws/build/my_serial_communicator_cpp': CMAKE_PREFIX_PATH=${CMAKE_PREFIX_PATH}:/Users/fergusproctor/miniforge3/envs/ros_env CONDA_PROMPT_MODIFIER=(ros_env) SHLVL=2 _=/Users/fergusproctor/miniforge3/envs/ros_env/bin/env __CF_USER_TEXT_ENCODING=0x1F5:0x0:0x0 /Users/fergusproctor/miniforge3/envs/ros_env/bin/cmake /Users/fergusproctor/dev/SLAM-robot/ros2_ws/src/my_serial_communicator_cpp -DCMAKE_INSTALL_PREFIX=/Users/fergusproctor/dev/SLAM-robot/ros2_ws/install/my_serial_communicator_cpp
[0.661s] -- The C compiler identification is Clang 16.0.6
[0.781s] -- The CXX compiler identification is Clang 16.0.6
[0.822s] -- Detecting C compiler ABI info
[1.046s] -- Detecting C compiler ABI info - done
[1.051s] -- Check for working C compiler: /Users/fergusproctor/miniforge3/envs/ros_env/bin/arm64-apple-darwin20.0.0-clang - skipped
[1.052s] -- Detecting C compile features
[1.052s] -- Detecting C compile features - done
[1.086s] -- Detecting CXX compiler ABI info
[1.322s] -- Detecting CXX compiler ABI info - done
[1.327s] -- Check for working CXX compiler: /Users/fergusproctor/miniforge3/envs/ros_env/bin/arm64-apple-darwin20.0.0-clang++ - skipped
[1.327s] -- Detecting CXX compile features
[1.327s] -- Detecting CXX compile features - done
[1.358s] -- Found ament_cmake: 1.3.7 (/Users/fergusproctor/miniforge3/envs/ros_env/share/ament_cmake/cmake)
[2.030s] -- Found Python3: /opt/homebrew/Frameworks/Python.framework/Versions/3.12/bin/python3.12 (found version "3.12.4") found components: Interpreter 
[2.422s] -- Found rclcpp: 16.0.8 (/Users/fergusproctor/miniforge3/envs/ros_env/share/rclcpp/cmake)
[2.664s] -- Found rosidl_generator_c: 3.1.5 (/Users/fergusproctor/miniforge3/envs/ros_env/share/rosidl_generator_c/cmake)
[2.697s] -- Found rosidl_adapter: 3.1.5 (/Users/fergusproctor/miniforge3/envs/ros_env/share/rosidl_adapter/cmake)
[2.738s] -- Found rosidl_generator_cpp: 3.1.5 (/Users/fergusproctor/miniforge3/envs/ros_env/share/rosidl_generator_cpp/cmake)
[2.783s] -- Using all available rosidl_typesupport_c: rosidl_typesupport_fastrtps_c;rosidl_typesupport_introspection_c
[2.848s] -- Using all available rosidl_typesupport_cpp: rosidl_typesupport_fastrtps_cpp;rosidl_typesupport_introspection_cpp
[3.118s] -- Checking for module 'yaml-0.1'
[3.305s] --   Found yaml-0.1, version 0.2.5
[3.842s] -- Found rmw_implementation_cmake: 6.1.1 (/Users/fergusproctor/miniforge3/envs/ros_env/share/rmw_implementation_cmake/cmake)
[3.861s] -- Found rmw_cyclonedds_cpp: 1.3.4 (/Users/fergusproctor/miniforge3/envs/ros_env/share/rmw_cyclonedds_cpp/cmake)
[3.964s] -- Using RMW implementation 'rmw_cyclonedds_cpp' as default
[4.011s] -- Performing Test CMAKE_HAVE_LIBC_PTHREAD
[4.260s] -- Performing Test CMAKE_HAVE_LIBC_PTHREAD - Success
[4.261s] -- Found Threads: TRUE  
[4.426s] -- Found Boost: /Users/fergusproctor/miniforge3/envs/ros_env/lib/cmake/Boost-1.82.0/BoostConfig.cmake (found version "1.82.0") found components: system 
[4.443s] -- Found ament_lint_auto: 0.12.10 (/Users/fergusproctor/miniforge3/envs/ros_env/share/ament_lint_auto/cmake)
[4.617s] -- Added test 'cppcheck' to perform static code analysis on C / C++ code
[4.617s] -- Configured cppcheck include dirs: 
[4.617s] -- Configured cppcheck exclude dirs and/or files: 
[4.618s] -- Added test 'lint_cmake' to check CMake code style
[4.620s] -- Added test 'uncrustify' to check C / C++ code style
[4.620s] -- Configured uncrustify additional arguments: 
[4.621s] -- Added test 'xmllint' to check XML markup files
[4.622s] -- Configuring done (4.5s)
[4.653s] -- Generating done (0.0s)
[4.657s] -- Build files have been written to: /Users/fergusproctor/dev/SLAM-robot/ros2_ws/build/my_serial_communicator_cpp
[4.661s] Invoked command in '/Users/fergusproctor/dev/SLAM-robot/ros2_ws/build/my_serial_communicator_cpp' returned '0': CMAKE_PREFIX_PATH=${CMAKE_PREFIX_PATH}:/Users/fergusproctor/miniforge3/envs/ros_env CONDA_PROMPT_MODIFIER=(ros_env) SHLVL=2 _=/Users/fergusproctor/miniforge3/envs/ros_env/bin/env __CF_USER_TEXT_ENCODING=0x1F5:0x0:0x0 /Users/fergusproctor/miniforge3/envs/ros_env/bin/cmake /Users/fergusproctor/dev/SLAM-robot/ros2_ws/src/my_serial_communicator_cpp -DCMAKE_INSTALL_PREFIX=/Users/fergusproctor/dev/SLAM-robot/ros2_ws/install/my_serial_communicator_cpp
[4.663s] Invoking command in '/Users/fergusproctor/dev/SLAM-robot/ros2_ws/build/my_serial_communicator_cpp': CMAKE_PREFIX_PATH=${CMAKE_PREFIX_PATH}:/Users/fergusproctor/miniforge3/envs/ros_env CONDA_PROMPT_MODIFIER=(ros_env) SHLVL=2 _=/Users/fergusproctor/miniforge3/envs/ros_env/bin/env __CF_USER_TEXT_ENCODING=0x1F5:0x0:0x0 /Users/fergusproctor/miniforge3/envs/ros_env/bin/cmake --build /Users/fergusproctor/dev/SLAM-robot/ros2_ws/build/my_serial_communicator_cpp -- -j8 -l8
[4.751s] [ 50%] Building CXX object CMakeFiles/serial_sender_node.dir/src/serial_sender_node.cpp.o
[7.686s] [100%] Linking CXX executable serial_sender_node
[7.774s] [100%] Built target serial_sender_node
[7.791s] Invoked command in '/Users/fergusproctor/dev/SLAM-robot/ros2_ws/build/my_serial_communicator_cpp' returned '0': CMAKE_PREFIX_PATH=${CMAKE_PREFIX_PATH}:/Users/fergusproctor/miniforge3/envs/ros_env CONDA_PROMPT_MODIFIER=(ros_env) SHLVL=2 _=/Users/fergusproctor/miniforge3/envs/ros_env/bin/env __CF_USER_TEXT_ENCODING=0x1F5:0x0:0x0 /Users/fergusproctor/miniforge3/envs/ros_env/bin/cmake --build /Users/fergusproctor/dev/SLAM-robot/ros2_ws/build/my_serial_communicator_cpp -- -j8 -l8
[7.866s] Invoking command in '/Users/fergusproctor/dev/SLAM-robot/ros2_ws/build/my_serial_communicator_cpp': CMAKE_PREFIX_PATH=${CMAKE_PREFIX_PATH}:/Users/fergusproctor/miniforge3/envs/ros_env CONDA_PROMPT_MODIFIER=(ros_env) SHLVL=2 _=/Users/fergusproctor/miniforge3/envs/ros_env/bin/env __CF_USER_TEXT_ENCODING=0x1F5:0x0:0x0 /Users/fergusproctor/miniforge3/envs/ros_env/bin/cmake --install /Users/fergusproctor/dev/SLAM-robot/ros2_ws/build/my_serial_communicator_cpp
[7.882s] -- Install configuration: ""
[7.882s] -- Installing: /Users/fergusproctor/dev/SLAM-robot/ros2_ws/install/my_serial_communicator_cpp/lib/my_serial_communicator_cpp/serial_sender_node
[7.882s] -- Installing: /Users/fergusproctor/dev/SLAM-robot/ros2_ws/install/my_serial_communicator_cpp/share/ament_index/resource_index/package_run_dependencies/my_serial_communicator_cpp
[7.883s] -- Installing: /Users/fergusproctor/dev/SLAM-robot/ros2_ws/install/my_serial_communicator_cpp/share/ament_index/resource_index/parent_prefix_path/my_serial_communicator_cpp
[7.883s] -- Installing: /Users/fergusproctor/dev/SLAM-robot/ros2_ws/install/my_serial_communicator_cpp/share/my_serial_communicator_cpp/environment/ament_prefix_path.sh
[7.883s] -- Installing: /Users/fergusproctor/dev/SLAM-robot/ros2_ws/install/my_serial_communicator_cpp/share/my_serial_communicator_cpp/environment/ament_prefix_path.dsv
[7.883s] -- Installing: /Users/fergusproctor/dev/SLAM-robot/ros2_ws/install/my_serial_communicator_cpp/share/my_serial_communicator_cpp/environment/path.sh
[7.883s] -- Installing: /Users/fergusproctor/dev/SLAM-robot/ros2_ws/install/my_serial_communicator_cpp/share/my_serial_communicator_cpp/environment/path.dsv
[7.884s] -- Installing: /Users/fergusproctor/dev/SLAM-robot/ros2_ws/install/my_serial_communicator_cpp/share/my_serial_communicator_cpp/local_setup.bash
[7.884s] -- Installing: /Users/fergusproctor/dev/SLAM-robot/ros2_ws/install/my_serial_communicator_cpp/share/my_serial_communicator_cpp/local_setup.sh
[7.884s] -- Installing: /Users/fergusproctor/dev/SLAM-robot/ros2_ws/install/my_serial_communicator_cpp/share/my_serial_communicator_cpp/local_setup.zsh
[7.884s] -- Installing: /Users/fergusproctor/dev/SLAM-robot/ros2_ws/install/my_serial_communicator_cpp/share/my_serial_communicator_cpp/local_setup.dsv
[7.884s] -- Installing: /Users/fergusproctor/dev/SLAM-robot/ros2_ws/install/my_serial_communicator_cpp/share/my_serial_communicator_cpp/package.dsv
[7.884s] -- Installing: /Users/fergusproctor/dev/SLAM-robot/ros2_ws/install/my_serial_communicator_cpp/share/ament_index/resource_index/packages/my_serial_communicator_cpp
[7.885s] -- Installing: /Users/fergusproctor/dev/SLAM-robot/ros2_ws/install/my_serial_communicator_cpp/share/my_serial_communicator_cpp/cmake/my_serial_communicator_cppConfig.cmake
[7.885s] -- Installing: /Users/fergusproctor/dev/SLAM-robot/ros2_ws/install/my_serial_communicator_cpp/share/my_serial_communicator_cpp/cmake/my_serial_communicator_cppConfig-version.cmake
[7.885s] -- Installing: /Users/fergusproctor/dev/SLAM-robot/ros2_ws/install/my_serial_communicator_cpp/share/my_serial_communicator_cpp/package.xml
[7.887s] Invoked command in '/Users/fergusproctor/dev/SLAM-robot/ros2_ws/build/my_serial_communicator_cpp' returned '0': CMAKE_PREFIX_PATH=${CMAKE_PREFIX_PATH}:/Users/fergusproctor/miniforge3/envs/ros_env CONDA_PROMPT_MODIFIER=(ros_env) SHLVL=2 _=/Users/fergusproctor/miniforge3/envs/ros_env/bin/env __CF_USER_TEXT_ENCODING=0x1F5:0x0:0x0 /Users/fergusproctor/miniforge3/envs/ros_env/bin/cmake --install /Users/fergusproctor/dev/SLAM-robot/ros2_ws/build/my_serial_communicator_cpp
