[0.022s] Invoking command in '/Users/fergusproctor/dev/SLAM-robot/ros2_ws/build/turtlesim': CMAKE_PREFIX_PATH=${CMAKE_PREFIX_PATH}:/Users/fergusproctor/miniforge3/envs/ros_env CONDA_PROMPT_MODIFIER=(ros_env) SHLVL=2 _=/Users/fergusproctor/miniforge3/envs/ros_env/bin/env __CF_USER_TEXT_ENCODING=0x1F5:0x0:0x0 /Users/fergusproctor/miniforge3/envs/ros_env/bin/cmake /Users/fergusproctor/dev/SLAM-robot/ros2_ws/src/turtlesim -DCMAKE_INSTALL_PREFIX=/Users/fergusproctor/dev/SLAM-robot/ros2_ws/install/turtlesim
[0.443s] -- The C compiler identification is Clang 16.0.6
[0.542s] -- The CXX compiler identification is Clang 16.0.6
[0.579s] -- Detecting C compiler ABI info
[0.773s] -- Detecting C compiler ABI info - done
[0.776s] -- Check for working C compiler: /Users/fergusproctor/miniforge3/envs/ros_env/bin/arm64-apple-darwin20.0.0-clang - skipped
[0.777s] -- Detecting C compile features
[0.777s] -- Detecting C compile features - done
[0.807s] -- Detecting CXX compiler ABI info
[0.985s] -- Detecting CXX compiler ABI info - done
[0.988s] -- Check for working CXX compiler: /Users/fergusproctor/miniforge3/envs/ros_env/bin/arm64-apple-darwin20.0.0-clang++ - skipped
[0.989s] -- Detecting CXX compile features
[0.989s] -- Detecting CXX compile features - done
[1.055s] -- Found ament_cmake: 1.3.7 (/Users/fergusproctor/miniforge3/envs/ros_env/share/ament_cmake/cmake)
[1.607s] -- Found Python3: /opt/homebrew/Frameworks/Python.framework/Versions/3.12/bin/python3.12 (found version "3.12.4") found components: Interpreter 
[1.830s] -- Found ament_index_cpp: 1.4.0 (/Users/fergusproctor/miniforge3/envs/ros_env/share/ament_index_cpp/cmake)
[1.841s] -- Found geometry_msgs: 4.2.3 (/Users/fergusproctor/miniforge3/envs/ros_env/share/geometry_msgs/cmake)
[1.956s] -- Found rosidl_generator_c: 3.1.5 (/Users/fergusproctor/miniforge3/envs/ros_env/share/rosidl_generator_c/cmake)
[1.977s] -- Found rosidl_adapter: 3.1.5 (/Users/fergusproctor/miniforge3/envs/ros_env/share/rosidl_adapter/cmake)
[2.002s] -- Found rosidl_generator_cpp: 3.1.5 (/Users/fergusproctor/miniforge3/envs/ros_env/share/rosidl_generator_cpp/cmake)
[2.033s] -- Using all available rosidl_typesupport_c: rosidl_typesupport_fastrtps_c;rosidl_typesupport_introspection_c
[2.076s] -- Using all available rosidl_typesupport_cpp: rosidl_typesupport_fastrtps_cpp;rosidl_typesupport_introspection_cpp
[2.334s] -- Found rclcpp: 16.0.8 (/Users/fergusproctor/miniforge3/envs/ros_env/share/rclcpp/cmake)
[2.499s] -- Checking for module 'yaml-0.1'
[2.644s] --   Found yaml-0.1, version 0.2.5
[3.067s] -- Found rmw_implementation_cmake: 6.1.1 (/Users/fergusproctor/miniforge3/envs/ros_env/share/rmw_implementation_cmake/cmake)
[3.079s] -- Found rmw_cyclonedds_cpp: 1.3.4 (/Users/fergusproctor/miniforge3/envs/ros_env/share/rmw_cyclonedds_cpp/cmake)
[3.151s] -- Using RMW implementation 'rmw_cyclonedds_cpp' as default
[3.181s] -- Performing Test CMAKE_HAVE_LIBC_PTHREAD
[3.362s] -- Performing Test CMAKE_HAVE_LIBC_PTHREAD - Success
[3.363s] -- Found Threads: TRUE  
[3.482s] -- Found rclcpp_action: 16.0.8 (/Users/fergusproctor/miniforge3/envs/ros_env/share/rclcpp_action/cmake)
[3.589s] -- Found std_srvs: 4.2.3 (/Users/fergusproctor/miniforge3/envs/ros_env/share/std_srvs/cmake)
[4.092s] -- Found ament_cmake_ros: 0.10.0 (/Users/fergusproctor/miniforge3/envs/ros_env/share/ament_cmake_ros/cmake)
[4.962s] -- Using all available rosidl_typesupport_c: rosidl_typesupport_fastrtps_c;rosidl_typesupport_introspection_c
[5.297s] -- Using all available rosidl_typesupport_cpp: rosidl_typesupport_fastrtps_cpp;rosidl_typesupport_introspection_cpp
[5.315s] -- Configuring done (5.2s)
[5.412s] -- Generating done (0.1s)
[5.418s] -- Build files have been written to: /Users/fergusproctor/dev/SLAM-robot/ros2_ws/build/turtlesim
[5.423s] Invoked command in '/Users/fergusproctor/dev/SLAM-robot/ros2_ws/build/turtlesim' returned '0': CMAKE_PREFIX_PATH=${CMAKE_PREFIX_PATH}:/Users/fergusproctor/miniforge3/envs/ros_env CONDA_PROMPT_MODIFIER=(ros_env) SHLVL=2 _=/Users/fergusproctor/miniforge3/envs/ros_env/bin/env __CF_USER_TEXT_ENCODING=0x1F5:0x0:0x0 /Users/fergusproctor/miniforge3/envs/ros_env/bin/cmake /Users/fergusproctor/dev/SLAM-robot/ros2_ws/src/turtlesim -DCMAKE_INSTALL_PREFIX=/Users/fergusproctor/dev/SLAM-robot/ros2_ws/install/turtlesim
[5.426s] Invoking command in '/Users/fergusproctor/dev/SLAM-robot/ros2_ws/build/turtlesim': CMAKE_PREFIX_PATH=${CMAKE_PREFIX_PATH}:/Users/fergusproctor/miniforge3/envs/ros_env CONDA_PROMPT_MODIFIER=(ros_env) SHLVL=2 _=/Users/fergusproctor/miniforge3/envs/ros_env/bin/env __CF_USER_TEXT_ENCODING=0x1F5:0x0:0x0 /Users/fergusproctor/miniforge3/envs/ros_env/bin/cmake --build /Users/fergusproctor/dev/SLAM-robot/ros2_ws/build/turtlesim -- -j8 -l8
[5.496s] [  1%] Generating C code for ROS interfaces
[5.515s] [  2%] Generating C++ code for ROS interfaces
[6.125s] [  2%] Built target turtlesim__cpp
[6.153s] [  3%] Generating C++ type support dispatch for ROS interfaces
[6.158s] [  4%] Generating C++ type support for eProsima Fast-RTPS
[6.159s] [  6%] Generating C++ introspection for ROS interfaces
[6.212s] [  7%] Building C object CMakeFiles/turtlesim__rosidl_generator_c.dir/rosidl_generator_c/turtlesim/msg/detail/pose__functions.c.o
[6.212s] [  8%] Building C object CMakeFiles/turtlesim__rosidl_generator_c.dir/rosidl_generator_c/turtlesim/srv/detail/set_pen__functions.c.o
[6.221s] [  9%] Building C object CMakeFiles/turtlesim__rosidl_generator_c.dir/rosidl_generator_c/turtlesim/action/detail/rotate_absolute__functions.c.o
[6.221s] [ 10%] Building C object CMakeFiles/turtlesim__rosidl_generator_c.dir/rosidl_generator_c/turtlesim/msg/detail/color__functions.c.o
[6.221s] [ 12%] Building C object CMakeFiles/turtlesim__rosidl_generator_c.dir/rosidl_generator_c/turtlesim/srv/detail/kill__functions.c.o
[6.399s] [ 13%] Building C object CMakeFiles/turtlesim__rosidl_generator_c.dir/rosidl_generator_c/turtlesim/srv/detail/spawn__functions.c.o
[6.401s] [ 14%] Building C object CMakeFiles/turtlesim__rosidl_generator_c.dir/rosidl_generator_c/turtlesim/srv/detail/teleport_relative__functions.c.o
[6.409s] [ 15%] Building C object CMakeFiles/turtlesim__rosidl_generator_c.dir/rosidl_generator_c/turtlesim/srv/detail/teleport_absolute__functions.c.o
[6.530s] [ 16%] Linking C shared library libturtlesim__rosidl_generator_c.dylib
[6.634s] [ 16%] Built target turtlesim__rosidl_generator_c
[6.660s] [ 18%] Generating C type support for eProsima Fast-RTPS
[6.667s] [ 19%] Generating C introspection for ROS interfaces
[6.677s] [ 20%] Generating C type support dispatch for ROS interfaces
[6.709s] [ 22%] Building CXX object CMakeFiles/turtlesim__rosidl_typesupport_cpp.dir/rosidl_typesupport_cpp/turtlesim/msg/pose__type_support.cpp.o
[6.710s] [ 22%] Building CXX object CMakeFiles/turtlesim__rosidl_typesupport_cpp.dir/rosidl_typesupport_cpp/turtlesim/action/rotate_absolute__type_support.cpp.o
[6.711s] [ 24%] Building CXX object CMakeFiles/turtlesim__rosidl_typesupport_cpp.dir/rosidl_typesupport_cpp/turtlesim/msg/color__type_support.cpp.o
[7.177s] [ 25%] Building CXX object CMakeFiles/turtlesim__rosidl_typesupport_fastrtps_cpp.dir/rosidl_typesupport_fastrtps_cpp/turtlesim/action/detail/dds_fastrtps/rotate_absolute__type_support.cpp.o
[7.189s] [ 26%] Building CXX object CMakeFiles/turtlesim__rosidl_typesupport_introspection_cpp.dir/rosidl_typesupport_introspection_cpp/turtlesim/action/detail/rotate_absolute__type_support.cpp.o
[7.354s] [ 27%] Building CXX object CMakeFiles/turtlesim__rosidl_typesupport_c.dir/rosidl_typesupport_c/turtlesim/action/rotate_absolute__type_support.cpp.o
[7.491s] [ 28%] Building CXX object CMakeFiles/turtlesim__rosidl_typesupport_c.dir/rosidl_typesupport_c/turtlesim/msg/color__type_support.cpp.o
[7.551s] [ 30%] Building CXX object CMakeFiles/turtlesim__rosidl_typesupport_cpp.dir/rosidl_typesupport_cpp/turtlesim/srv/set_pen__type_support.cpp.o
[7.551s] [ 31%] Building CXX object CMakeFiles/turtlesim__rosidl_typesupport_cpp.dir/rosidl_typesupport_cpp/turtlesim/srv/kill__type_support.cpp.o
[7.581s] [ 32%] Building CXX object CMakeFiles/turtlesim__rosidl_typesupport_c.dir/rosidl_typesupport_c/turtlesim/msg/pose__type_support.cpp.o
[7.677s] [ 33%] Building CXX object CMakeFiles/turtlesim__rosidl_typesupport_c.dir/rosidl_typesupport_c/turtlesim/srv/kill__type_support.cpp.o
[7.772s] [ 34%] Building CXX object CMakeFiles/turtlesim__rosidl_typesupport_fastrtps_c.dir/rosidl_typesupport_fastrtps_c/turtlesim/action/detail/rotate_absolute__type_support_c.cpp.o
[7.790s] [ 36%] Building CXX object CMakeFiles/turtlesim__rosidl_typesupport_c.dir/rosidl_typesupport_c/turtlesim/srv/set_pen__type_support.cpp.o
[7.812s] [ 37%] Building C object CMakeFiles/turtlesim__rosidl_typesupport_introspection_c.dir/rosidl_typesupport_introspection_c/turtlesim/action/detail/rotate_absolute__type_support.c.o
[7.842s] [ 38%] Building C object CMakeFiles/turtlesim__rosidl_typesupport_introspection_c.dir/rosidl_typesupport_introspection_c/turtlesim/msg/detail/color__type_support.c.o
[7.888s] [ 39%] Building CXX object CMakeFiles/turtlesim__rosidl_typesupport_c.dir/rosidl_typesupport_c/turtlesim/srv/spawn__type_support.cpp.o
[7.945s] [ 40%] Building C object CMakeFiles/turtlesim__rosidl_typesupport_introspection_c.dir/rosidl_typesupport_introspection_c/turtlesim/msg/detail/pose__type_support.c.o
[7.964s] [ 42%] Building C object CMakeFiles/turtlesim__rosidl_typesupport_introspection_c.dir/rosidl_typesupport_introspection_c/turtlesim/srv/detail/kill__type_support.c.o
[7.976s] [ 43%] Building CXX object CMakeFiles/turtlesim__rosidl_typesupport_c.dir/rosidl_typesupport_c/turtlesim/srv/teleport_absolute__type_support.cpp.o
[8.038s] [ 44%] Building CXX object CMakeFiles/turtlesim__rosidl_typesupport_fastrtps_cpp.dir/rosidl_typesupport_fastrtps_cpp/turtlesim/msg/detail/dds_fastrtps/color__type_support.cpp.o
[8.050s] [ 45%] Building C object CMakeFiles/turtlesim__rosidl_typesupport_introspection_c.dir/rosidl_typesupport_introspection_c/turtlesim/srv/detail/set_pen__type_support.c.o
[8.063s] [ 46%] Building CXX object CMakeFiles/turtlesim__rosidl_typesupport_c.dir/rosidl_typesupport_c/turtlesim/srv/teleport_relative__type_support.cpp.o
[8.146s] [ 48%] Building C object CMakeFiles/turtlesim__rosidl_typesupport_introspection_c.dir/rosidl_typesupport_introspection_c/turtlesim/srv/detail/spawn__type_support.c.o
[8.157s] [ 49%] Linking CXX shared library libturtlesim__rosidl_typesupport_c.dylib
[8.178s] [ 50%] Building CXX object CMakeFiles/turtlesim__rosidl_typesupport_introspection_cpp.dir/rosidl_typesupport_introspection_cpp/turtlesim/msg/detail/color__type_support.cpp.o
[8.196s] [ 51%] Building CXX object CMakeFiles/turtlesim__rosidl_typesupport_fastrtps_cpp.dir/rosidl_typesupport_fastrtps_cpp/turtlesim/msg/detail/dds_fastrtps/pose__type_support.cpp.o
[8.233s] [ 53%] Building C object CMakeFiles/turtlesim__rosidl_typesupport_introspection_c.dir/rosidl_typesupport_introspection_c/turtlesim/srv/detail/teleport_absolute__type_support.c.o
[8.249s] [ 54%] Building CXX object CMakeFiles/turtlesim__rosidl_typesupport_cpp.dir/rosidl_typesupport_cpp/turtlesim/srv/spawn__type_support.cpp.o
[8.274s] [ 55%] Building C object CMakeFiles/turtlesim__rosidl_typesupport_introspection_c.dir/rosidl_typesupport_introspection_c/turtlesim/srv/detail/teleport_relative__type_support.c.o
[8.300s] [ 55%] Built target turtlesim__rosidl_typesupport_c
[8.327s] [ 56%] Building CXX object CMakeFiles/turtlesim__rosidl_typesupport_introspection_cpp.dir/rosidl_typesupport_introspection_cpp/turtlesim/msg/detail/pose__type_support.cpp.o
[8.334s] [ 57%] Building CXX object CMakeFiles/turtlesim__rosidl_typesupport_fastrtps_cpp.dir/rosidl_typesupport_fastrtps_cpp/turtlesim/srv/detail/dds_fastrtps/kill__type_support.cpp.o
[8.386s] [ 59%] Linking C shared library libturtlesim__rosidl_typesupport_introspection_c.dylib
[8.560s] [ 59%] Built target turtlesim__rosidl_typesupport_introspection_c
[8.590s] [ 60%] Building CXX object CMakeFiles/turtlesim__rosidl_typesupport_fastrtps_cpp.dir/rosidl_typesupport_fastrtps_cpp/turtlesim/srv/detail/dds_fastrtps/set_pen__type_support.cpp.o
[8.647s] [ 61%] Building CXX object CMakeFiles/turtlesim__rosidl_typesupport_fastrtps_c.dir/rosidl_typesupport_fastrtps_c/turtlesim/msg/detail/color__type_support_c.cpp.o
[8.795s] [ 62%] Building CXX object CMakeFiles/turtlesim__rosidl_typesupport_fastrtps_cpp.dir/rosidl_typesupport_fastrtps_cpp/turtlesim/srv/detail/dds_fastrtps/spawn__type_support.cpp.o
[8.890s] [ 63%] Building CXX object CMakeFiles/turtlesim__rosidl_typesupport_cpp.dir/rosidl_typesupport_cpp/turtlesim/srv/teleport_absolute__type_support.cpp.o
[8.932s] [ 65%] Building CXX object CMakeFiles/turtlesim__rosidl_typesupport_introspection_cpp.dir/rosidl_typesupport_introspection_cpp/turtlesim/srv/detail/kill__type_support.cpp.o
[9.008s] [ 66%] Building CXX object CMakeFiles/turtlesim__rosidl_typesupport_fastrtps_cpp.dir/rosidl_typesupport_fastrtps_cpp/turtlesim/srv/detail/dds_fastrtps/teleport_absolute__type_support.cpp.o
[9.019s] [ 67%] Building CXX object CMakeFiles/turtlesim__rosidl_typesupport_fastrtps_cpp.dir/rosidl_typesupport_fastrtps_cpp/turtlesim/srv/detail/dds_fastrtps/teleport_relative__type_support.cpp.o
[9.224s] [ 68%] Building CXX object CMakeFiles/turtlesim__rosidl_typesupport_cpp.dir/rosidl_typesupport_cpp/turtlesim/srv/teleport_relative__type_support.cpp.o
[9.432s] [ 69%] Building CXX object CMakeFiles/turtlesim__rosidl_typesupport_fastrtps_c.dir/rosidl_typesupport_fastrtps_c/turtlesim/msg/detail/pose__type_support_c.cpp.o
[9.432s] [ 71%] Building CXX object CMakeFiles/turtlesim__rosidl_typesupport_introspection_cpp.dir/rosidl_typesupport_introspection_cpp/turtlesim/srv/detail/set_pen__type_support.cpp.o
[9.525s] [ 72%] Building CXX object CMakeFiles/turtlesim__rosidl_typesupport_introspection_cpp.dir/rosidl_typesupport_introspection_cpp/turtlesim/srv/detail/spawn__type_support.cpp.o
[9.632s] [ 73%] Building CXX object CMakeFiles/turtlesim__rosidl_typesupport_fastrtps_c.dir/rosidl_typesupport_fastrtps_c/turtlesim/srv/detail/kill__type_support_c.cpp.o
[9.643s] [ 74%] Building CXX object CMakeFiles/turtlesim__rosidl_typesupport_fastrtps_c.dir/rosidl_typesupport_fastrtps_c/turtlesim/srv/detail/set_pen__type_support_c.cpp.o
[9.805s] [ 77%] Building CXX object CMakeFiles/turtlesim__rosidl_typesupport_fastrtps_c.dir/rosidl_typesupport_fastrtps_c/turtlesim/srv/detail/spawn__type_support_c.cpp.o
[9.805s] [ 77%] Linking CXX shared library libturtlesim__rosidl_typesupport_fastrtps_cpp.dylib
[9.831s] [ 78%] Linking CXX shared library libturtlesim__rosidl_typesupport_cpp.dylib
[9.976s] [ 78%] Built target turtlesim__rosidl_typesupport_cpp
[9.983s] [ 78%] Built target turtlesim__rosidl_typesupport_fastrtps_cpp
[10.021s] [ 79%] Generating include/turtlesim/moc_turtle_frame.cpp
[10.052s] [ 80%] Building CXX object CMakeFiles/turtle_teleop_key.dir/tutorials/teleop_turtle_key.cpp.o
[10.159s] [ 81%] Building CXX object CMakeFiles/draw_square.dir/tutorials/draw_square.cpp.o
[10.192s] [ 83%] Building CXX object CMakeFiles/turtlesim__rosidl_typesupport_introspection_cpp.dir/rosidl_typesupport_introspection_cpp/turtlesim/srv/detail/teleport_absolute__type_support.cpp.o
[10.194s] [ 84%] Building CXX object CMakeFiles/turtlesim__rosidl_typesupport_fastrtps_c.dir/rosidl_typesupport_fastrtps_c/turtlesim/srv/detail/teleport_absolute__type_support_c.cpp.o
[10.259s] [ 85%] Building CXX object CMakeFiles/turtlesim_node.dir/src/turtlesim.cpp.o
[10.487s] [ 86%] Building CXX object CMakeFiles/turtlesim__rosidl_typesupport_introspection_cpp.dir/rosidl_typesupport_introspection_cpp/turtlesim/srv/detail/teleport_relative__type_support.cpp.o
[10.495s] [ 87%] Building CXX object CMakeFiles/turtlesim__rosidl_typesupport_fastrtps_c.dir/rosidl_typesupport_fastrtps_c/turtlesim/srv/detail/teleport_relative__type_support_c.cpp.o
[10.754s] [ 89%] Building CXX object CMakeFiles/turtlesim_node.dir/src/turtle.cpp.o
[10.859s] [ 90%] Building CXX object CMakeFiles/turtlesim_node.dir/src/turtle_frame.cpp.o
[11.042s] [ 91%] Building CXX object CMakeFiles/turtlesim_node.dir/include/turtlesim/moc_turtle_frame.cpp.o
[11.221s] [ 92%] Linking CXX shared library libturtlesim__rosidl_typesupport_introspection_cpp.dylib
[11.360s] [ 93%] Linking CXX shared library libturtlesim__rosidl_typesupport_fastrtps_c.dylib
[11.373s] [ 93%] Built target turtlesim__rosidl_typesupport_introspection_cpp
[11.446s] [ 95%] Building CXX object CMakeFiles/mimic.dir/tutorials/mimic.cpp.o
[11.520s] [ 95%] Built target turtlesim__rosidl_typesupport_fastrtps_c
[11.613s] [ 95%] Built target turtlesim
[15.764s] [ 96%] Linking CXX executable turtle_teleop_key
[15.900s] [ 96%] Built target turtle_teleop_key
[17.683s] [ 97%] Linking CXX executable draw_square
[17.818s] [ 97%] Built target draw_square
[17.935s] [ 98%] Linking CXX executable mimic
[18.037s] [ 98%] Built target mimic
[19.506s] [100%] Linking CXX executable turtlesim_node
[19.606s] [100%] Built target turtlesim_node
[19.625s] Invoked command in '/Users/fergusproctor/dev/SLAM-robot/ros2_ws/build/turtlesim' returned '0': CMAKE_PREFIX_PATH=${CMAKE_PREFIX_PATH}:/Users/fergusproctor/miniforge3/envs/ros_env CONDA_PROMPT_MODIFIER=(ros_env) SHLVL=2 _=/Users/fergusproctor/miniforge3/envs/ros_env/bin/env __CF_USER_TEXT_ENCODING=0x1F5:0x0:0x0 /Users/fergusproctor/miniforge3/envs/ros_env/bin/cmake --build /Users/fergusproctor/dev/SLAM-robot/ros2_ws/build/turtlesim -- -j8 -l8
[20.249s] Invoking command in '/Users/fergusproctor/dev/SLAM-robot/ros2_ws/build/turtlesim': CMAKE_PREFIX_PATH=${CMAKE_PREFIX_PATH}:/Users/fergusproctor/miniforge3/envs/ros_env CONDA_PROMPT_MODIFIER=(ros_env) SHLVL=2 _=/Users/fergusproctor/miniforge3/envs/ros_env/bin/env __CF_USER_TEXT_ENCODING=0x1F5:0x0:0x0 /Users/fergusproctor/miniforge3/envs/ros_env/bin/cmake --install /Users/fergusproctor/dev/SLAM-robot/ros2_ws/build/turtlesim
[20.263s] -- Install configuration: ""
[20.263s] -- Installing: /Users/fergusproctor/dev/SLAM-robot/ros2_ws/install/turtlesim/share/ament_index/resource_index/rosidl_interfaces/turtlesim
[20.263s] -- Installing: /Users/fergusproctor/dev/SLAM-robot/ros2_ws/install/turtlesim/include/turtlesim/turtlesim
[20.263s] -- Installing: /Users/fergusproctor/dev/SLAM-robot/ros2_ws/install/turtlesim/include/turtlesim/turtlesim/msg
[20.263s] -- Installing: /Users/fergusproctor/dev/SLAM-robot/ros2_ws/install/turtlesim/include/turtlesim/turtlesim/msg/rosidl_generator_c__visibility_control.h
[20.263s] -- Installing: /Users/fergusproctor/dev/SLAM-robot/ros2_ws/install/turtlesim/include/turtlesim/turtlesim/msg/color.h
[20.263s] -- Installing: /Users/fergusproctor/dev/SLAM-robot/ros2_ws/install/turtlesim/include/turtlesim/turtlesim/msg/pose.h
[20.264s] -- Installing: /Users/fergusproctor/dev/SLAM-robot/ros2_ws/install/turtlesim/include/turtlesim/turtlesim/msg/detail
[20.264s] -- Installing: /Users/fergusproctor/dev/SLAM-robot/ros2_ws/install/turtlesim/include/turtlesim/turtlesim/msg/detail/pose__type_support.h
[20.264s] -- Installing: /Users/fergusproctor/dev/SLAM-robot/ros2_ws/install/turtlesim/include/turtlesim/turtlesim/msg/detail/color__functions.h
[20.264s] -- Installing: /Users/fergusproctor/dev/SLAM-robot/ros2_ws/install/turtlesim/include/turtlesim/turtlesim/msg/detail/pose__functions.h
[20.264s] -- Installing: /Users/fergusproctor/dev/SLAM-robot/ros2_ws/install/turtlesim/include/turtlesim/turtlesim/msg/detail/color__struct.h
[20.264s] -- Installing: /Users/fergusproctor/dev/SLAM-robot/ros2_ws/install/turtlesim/include/turtlesim/turtlesim/msg/detail/pose__struct.h
[20.264s] -- Installing: /Users/fergusproctor/dev/SLAM-robot/ros2_ws/install/turtlesim/include/turtlesim/turtlesim/msg/detail/color__functions.c
[20.265s] -- Installing: /Users/fergusproctor/dev/SLAM-robot/ros2_ws/install/turtlesim/include/turtlesim/turtlesim/msg/detail/color__type_support.h
[20.265s] -- Installing: /Users/fergusproctor/dev/SLAM-robot/ros2_ws/install/turtlesim/include/turtlesim/turtlesim/msg/detail/pose__functions.c
[20.265s] -- Installing: /Users/fergusproctor/dev/SLAM-robot/ros2_ws/install/turtlesim/include/turtlesim/turtlesim/action
[20.265s] -- Installing: /Users/fergusproctor/dev/SLAM-robot/ros2_ws/install/turtlesim/include/turtlesim/turtlesim/action/rotate_absolute.h
[20.265s] -- Installing: /Users/fergusproctor/dev/SLAM-robot/ros2_ws/install/turtlesim/include/turtlesim/turtlesim/action/detail
[20.265s] -- Installing: /Users/fergusproctor/dev/SLAM-robot/ros2_ws/install/turtlesim/include/turtlesim/turtlesim/action/detail/rotate_absolute__functions.c
[20.265s] -- Installing: /Users/fergusproctor/dev/SLAM-robot/ros2_ws/install/turtlesim/include/turtlesim/turtlesim/action/detail/rotate_absolute__type_support.h
[20.265s] -- Installing: /Users/fergusproctor/dev/SLAM-robot/ros2_ws/install/turtlesim/include/turtlesim/turtlesim/action/detail/rotate_absolute__struct.h
[20.266s] -- Installing: /Users/fergusproctor/dev/SLAM-robot/ros2_ws/install/turtlesim/include/turtlesim/turtlesim/action/detail/rotate_absolute__functions.h
[20.266s] -- Installing: /Users/fergusproctor/dev/SLAM-robot/ros2_ws/install/turtlesim/include/turtlesim/turtlesim/srv
[20.266s] -- Installing: /Users/fergusproctor/dev/SLAM-robot/ros2_ws/install/turtlesim/include/turtlesim/turtlesim/srv/teleport_relative.h
[20.266s] -- Installing: /Users/fergusproctor/dev/SLAM-robot/ros2_ws/install/turtlesim/include/turtlesim/turtlesim/srv/kill.h
[20.266s] -- Installing: /Users/fergusproctor/dev/SLAM-robot/ros2_ws/install/turtlesim/include/turtlesim/turtlesim/srv/spawn.h
[20.266s] -- Installing: /Users/fergusproctor/dev/SLAM-robot/ros2_ws/install/turtlesim/include/turtlesim/turtlesim/srv/detail
[20.266s] -- Installing: /Users/fergusproctor/dev/SLAM-robot/ros2_ws/install/turtlesim/include/turtlesim/turtlesim/srv/detail/spawn__functions.h
[20.267s] -- Installing: /Users/fergusproctor/dev/SLAM-robot/ros2_ws/install/turtlesim/include/turtlesim/turtlesim/srv/detail/kill__struct.h
[20.267s] -- Installing: /Users/fergusproctor/dev/SLAM-robot/ros2_ws/install/turtlesim/include/turtlesim/turtlesim/srv/detail/teleport_relative__type_support.h
[20.267s] -- Installing: /Users/fergusproctor/dev/SLAM-robot/ros2_ws/install/turtlesim/include/turtlesim/turtlesim/srv/detail/teleport_absolute__functions.c
[20.267s] -- Installing: /Users/fergusproctor/dev/SLAM-robot/ros2_ws/install/turtlesim/include/turtlesim/turtlesim/srv/detail/teleport_absolute__struct.h
[20.267s] -- Installing: /Users/fergusproctor/dev/SLAM-robot/ros2_ws/install/turtlesim/include/turtlesim/turtlesim/srv/detail/set_pen__functions.c
[20.267s] -- Installing: /Users/fergusproctor/dev/SLAM-robot/ros2_ws/install/turtlesim/include/turtlesim/turtlesim/srv/detail/kill__functions.c
[20.268s] -- Installing: /Users/fergusproctor/dev/SLAM-robot/ros2_ws/install/turtlesim/include/turtlesim/turtlesim/srv/detail/teleport_relative__struct.h
[20.268s] -- Installing: /Users/fergusproctor/dev/SLAM-robot/ros2_ws/install/turtlesim/include/turtlesim/turtlesim/srv/detail/teleport_absolute__type_support.h
[20.268s] -- Installing: /Users/fergusproctor/dev/SLAM-robot/ros2_ws/install/turtlesim/include/turtlesim/turtlesim/srv/detail/teleport_relative__functions.c
[20.268s] -- Installing: /Users/fergusproctor/dev/SLAM-robot/ros2_ws/install/turtlesim/include/turtlesim/turtlesim/srv/detail/set_pen__type_support.h
[20.268s] -- Installing: /Users/fergusproctor/dev/SLAM-robot/ros2_ws/install/turtlesim/include/turtlesim/turtlesim/srv/detail/spawn__struct.h
[20.269s] -- Installing: /Users/fergusproctor/dev/SLAM-robot/ros2_ws/install/turtlesim/include/turtlesim/turtlesim/srv/detail/spawn__functions.c
[20.269s] -- Installing: /Users/fergusproctor/dev/SLAM-robot/ros2_ws/install/turtlesim/include/turtlesim/turtlesim/srv/detail/set_pen__struct.h
[20.269s] -- Installing: /Users/fergusproctor/dev/SLAM-robot/ros2_ws/install/turtlesim/include/turtlesim/turtlesim/srv/detail/teleport_absolute__functions.h
[20.269s] -- Installing: /Users/fergusproctor/dev/SLAM-robot/ros2_ws/install/turtlesim/include/turtlesim/turtlesim/srv/detail/spawn__type_support.h
[20.269s] -- Installing: /Users/fergusproctor/dev/SLAM-robot/ros2_ws/install/turtlesim/include/turtlesim/turtlesim/srv/detail/kill__type_support.h
[20.269s] -- Installing: /Users/fergusproctor/dev/SLAM-robot/ros2_ws/install/turtlesim/include/turtlesim/turtlesim/srv/detail/teleport_relative__functions.h
[20.270s] -- Installing: /Users/fergusproctor/dev/SLAM-robot/ros2_ws/install/turtlesim/include/turtlesim/turtlesim/srv/detail/kill__functions.h
[20.270s] -- Installing: /Users/fergusproctor/dev/SLAM-robot/ros2_ws/install/turtlesim/include/turtlesim/turtlesim/srv/detail/set_pen__functions.h
[20.270s] -- Installing: /Users/fergusproctor/dev/SLAM-robot/ros2_ws/install/turtlesim/include/turtlesim/turtlesim/srv/set_pen.h
[20.270s] -- Installing: /Users/fergusproctor/dev/SLAM-robot/ros2_ws/install/turtlesim/include/turtlesim/turtlesim/srv/teleport_absolute.h
[20.270s] -- Installing: /Users/fergusproctor/dev/SLAM-robot/ros2_ws/install/turtlesim/lib/libturtlesim__rosidl_generator_c.dylib
[20.270s] -- Up-to-date: /Users/fergusproctor/dev/SLAM-robot/ros2_ws/install/turtlesim/include/turtlesim/turtlesim
[20.271s] -- Up-to-date: /Users/fergusproctor/dev/SLAM-robot/ros2_ws/install/turtlesim/include/turtlesim/turtlesim/msg
[20.271s] -- Up-to-date: /Users/fergusproctor/dev/SLAM-robot/ros2_ws/install/turtlesim/include/turtlesim/turtlesim/msg/detail
[20.271s] -- Installing: /Users/fergusproctor/dev/SLAM-robot/ros2_ws/install/turtlesim/include/turtlesim/turtlesim/msg/detail/color__rosidl_typesupport_fastrtps_c.h
[20.271s] -- Installing: /Users/fergusproctor/dev/SLAM-robot/ros2_ws/install/turtlesim/include/turtlesim/turtlesim/msg/detail/pose__rosidl_typesupport_fastrtps_c.h
[20.271s] -- Installing: /Users/fergusproctor/dev/SLAM-robot/ros2_ws/install/turtlesim/include/turtlesim/turtlesim/msg/rosidl_typesupport_fastrtps_c__visibility_control.h
[20.271s] -- Up-to-date: /Users/fergusproctor/dev/SLAM-robot/ros2_ws/install/turtlesim/include/turtlesim/turtlesim/action
[20.271s] -- Up-to-date: /Users/fergusproctor/dev/SLAM-robot/ros2_ws/install/turtlesim/include/turtlesim/turtlesim/action/detail
[20.271s] -- Installing: /Users/fergusproctor/dev/SLAM-robot/ros2_ws/install/turtlesim/include/turtlesim/turtlesim/action/detail/rotate_absolute__rosidl_typesupport_fastrtps_c.h
[20.271s] -- Up-to-date: /Users/fergusproctor/dev/SLAM-robot/ros2_ws/install/turtlesim/include/turtlesim/turtlesim/srv
[20.271s] -- Up-to-date: /Users/fergusproctor/dev/SLAM-robot/ros2_ws/install/turtlesim/include/turtlesim/turtlesim/srv/detail
[20.272s] -- Installing: /Users/fergusproctor/dev/SLAM-robot/ros2_ws/install/turtlesim/include/turtlesim/turtlesim/srv/detail/set_pen__rosidl_typesupport_fastrtps_c.h
[20.272s] -- Installing: /Users/fergusproctor/dev/SLAM-robot/ros2_ws/install/turtlesim/include/turtlesim/turtlesim/srv/detail/kill__rosidl_typesupport_fastrtps_c.h
[20.272s] -- Installing: /Users/fergusproctor/dev/SLAM-robot/ros2_ws/install/turtlesim/include/turtlesim/turtlesim/srv/detail/spawn__rosidl_typesupport_fastrtps_c.h
[20.272s] -- Installing: /Users/fergusproctor/dev/SLAM-robot/ros2_ws/install/turtlesim/include/turtlesim/turtlesim/srv/detail/teleport_absolute__rosidl_typesupport_fastrtps_c.h
[20.272s] -- Installing: /Users/fergusproctor/dev/SLAM-robot/ros2_ws/install/turtlesim/include/turtlesim/turtlesim/srv/detail/teleport_relative__rosidl_typesupport_fastrtps_c.h
[20.272s] -- Installing: /Users/fergusproctor/dev/SLAM-robot/ros2_ws/install/turtlesim/lib/libturtlesim__rosidl_typesupport_fastrtps_c.dylib
[20.276s] /Users/fergusproctor/miniforge3/envs/ros_env/bin/install_name_tool: warning: changes being made to the file will invalidate the code signature in: /Users/fergusproctor/dev/SLAM-robot/ros2_ws/install/turtlesim/lib/libturtlesim__rosidl_typesupport_fastrtps_c.dylib
[20.277s] [cctools-port]: generating fake signature for '/Users/fergusproctor/dev/SLAM-robot/ros2_ws/install/turtlesim/lib/libturtlesim__rosidl_typesupport_fastrtps_c.dylib'
[20.290s] -- Up-to-date: /Users/fergusproctor/dev/SLAM-robot/ros2_ws/install/turtlesim/include/turtlesim/turtlesim
[20.290s] -- Up-to-date: /Users/fergusproctor/dev/SLAM-robot/ros2_ws/install/turtlesim/include/turtlesim/turtlesim/msg
[20.290s] -- Installing: /Users/fergusproctor/dev/SLAM-robot/ros2_ws/install/turtlesim/include/turtlesim/turtlesim/msg/pose.hpp
[20.290s] -- Up-to-date: /Users/fergusproctor/dev/SLAM-robot/ros2_ws/install/turtlesim/include/turtlesim/turtlesim/msg/detail
[20.290s] -- Installing: /Users/fergusproctor/dev/SLAM-robot/ros2_ws/install/turtlesim/include/turtlesim/turtlesim/msg/detail/pose__struct.hpp
[20.290s] -- Installing: /Users/fergusproctor/dev/SLAM-robot/ros2_ws/install/turtlesim/include/turtlesim/turtlesim/msg/detail/color__struct.hpp
[20.290s] -- Installing: /Users/fergusproctor/dev/SLAM-robot/ros2_ws/install/turtlesim/include/turtlesim/turtlesim/msg/detail/pose__builder.hpp
[20.290s] -- Installing: /Users/fergusproctor/dev/SLAM-robot/ros2_ws/install/turtlesim/include/turtlesim/turtlesim/msg/detail/pose__traits.hpp
[20.290s] -- Installing: /Users/fergusproctor/dev/SLAM-robot/ros2_ws/install/turtlesim/include/turtlesim/turtlesim/msg/detail/color__builder.hpp
[20.291s] -- Installing: /Users/fergusproctor/dev/SLAM-robot/ros2_ws/install/turtlesim/include/turtlesim/turtlesim/msg/detail/color__traits.hpp
[20.291s] -- Installing: /Users/fergusproctor/dev/SLAM-robot/ros2_ws/install/turtlesim/include/turtlesim/turtlesim/msg/color.hpp
[20.291s] -- Up-to-date: /Users/fergusproctor/dev/SLAM-robot/ros2_ws/install/turtlesim/include/turtlesim/turtlesim/action
[20.291s] -- Installing: /Users/fergusproctor/dev/SLAM-robot/ros2_ws/install/turtlesim/include/turtlesim/turtlesim/action/rotate_absolute.hpp
[20.291s] -- Up-to-date: /Users/fergusproctor/dev/SLAM-robot/ros2_ws/install/turtlesim/include/turtlesim/turtlesim/action/detail
[20.291s] -- Installing: /Users/fergusproctor/dev/SLAM-robot/ros2_ws/install/turtlesim/include/turtlesim/turtlesim/action/detail/rotate_absolute__traits.hpp
[20.291s] -- Installing: /Users/fergusproctor/dev/SLAM-robot/ros2_ws/install/turtlesim/include/turtlesim/turtlesim/action/detail/rotate_absolute__builder.hpp
[20.291s] -- Installing: /Users/fergusproctor/dev/SLAM-robot/ros2_ws/install/turtlesim/include/turtlesim/turtlesim/action/detail/rotate_absolute__struct.hpp
[20.291s] -- Up-to-date: /Users/fergusproctor/dev/SLAM-robot/ros2_ws/install/turtlesim/include/turtlesim/turtlesim/srv
[20.291s] -- Installing: /Users/fergusproctor/dev/SLAM-robot/ros2_ws/install/turtlesim/include/turtlesim/turtlesim/srv/kill.hpp
[20.292s] -- Up-to-date: /Users/fergusproctor/dev/SLAM-robot/ros2_ws/install/turtlesim/include/turtlesim/turtlesim/srv/detail
[20.292s] -- Installing: /Users/fergusproctor/dev/SLAM-robot/ros2_ws/install/turtlesim/include/turtlesim/turtlesim/srv/detail/spawn__struct.hpp
[20.292s] -- Installing: /Users/fergusproctor/dev/SLAM-robot/ros2_ws/install/turtlesim/include/turtlesim/turtlesim/srv/detail/set_pen__builder.hpp
[20.292s] -- Installing: /Users/fergusproctor/dev/SLAM-robot/ros2_ws/install/turtlesim/include/turtlesim/turtlesim/srv/detail/teleport_relative__traits.hpp
[20.292s] -- Installing: /Users/fergusproctor/dev/SLAM-robot/ros2_ws/install/turtlesim/include/turtlesim/turtlesim/srv/detail/set_pen__traits.hpp
[20.292s] -- Installing: /Users/fergusproctor/dev/SLAM-robot/ros2_ws/install/turtlesim/include/turtlesim/turtlesim/srv/detail/kill__builder.hpp
[20.292s] -- Installing: /Users/fergusproctor/dev/SLAM-robot/ros2_ws/install/turtlesim/include/turtlesim/turtlesim/srv/detail/teleport_absolute__struct.hpp
[20.292s] -- Installing: /Users/fergusproctor/dev/SLAM-robot/ros2_ws/install/turtlesim/include/turtlesim/turtlesim/srv/detail/teleport_relative__builder.hpp
[20.293s] -- Installing: /Users/fergusproctor/dev/SLAM-robot/ros2_ws/install/turtlesim/include/turtlesim/turtlesim/srv/detail/teleport_absolute__builder.hpp
[20.293s] -- Installing: /Users/fergusproctor/dev/SLAM-robot/ros2_ws/install/turtlesim/include/turtlesim/turtlesim/srv/detail/kill__struct.hpp
[20.293s] -- Installing: /Users/fergusproctor/dev/SLAM-robot/ros2_ws/install/turtlesim/include/turtlesim/turtlesim/srv/detail/teleport_absolute__traits.hpp
[20.293s] -- Installing: /Users/fergusproctor/dev/SLAM-robot/ros2_ws/install/turtlesim/include/turtlesim/turtlesim/srv/detail/spawn__traits.hpp
[20.293s] -- Installing: /Users/fergusproctor/dev/SLAM-robot/ros2_ws/install/turtlesim/include/turtlesim/turtlesim/srv/detail/set_pen__struct.hpp
[20.293s] -- Installing: /Users/fergusproctor/dev/SLAM-robot/ros2_ws/install/turtlesim/include/turtlesim/turtlesim/srv/detail/teleport_relative__struct.hpp
[20.294s] -- Installing: /Users/fergusproctor/dev/SLAM-robot/ros2_ws/install/turtlesim/include/turtlesim/turtlesim/srv/detail/spawn__builder.hpp
[20.294s] -- Installing: /Users/fergusproctor/dev/SLAM-robot/ros2_ws/install/turtlesim/include/turtlesim/turtlesim/srv/detail/kill__traits.hpp
[20.294s] -- Installing: /Users/fergusproctor/dev/SLAM-robot/ros2_ws/install/turtlesim/include/turtlesim/turtlesim/srv/teleport_absolute.hpp
[20.294s] -- Installing: /Users/fergusproctor/dev/SLAM-robot/ros2_ws/install/turtlesim/include/turtlesim/turtlesim/srv/teleport_relative.hpp
[20.294s] -- Installing: /Users/fergusproctor/dev/SLAM-robot/ros2_ws/install/turtlesim/include/turtlesim/turtlesim/srv/spawn.hpp
[20.294s] -- Installing: /Users/fergusproctor/dev/SLAM-robot/ros2_ws/install/turtlesim/include/turtlesim/turtlesim/srv/set_pen.hpp
[20.295s] -- Up-to-date: /Users/fergusproctor/dev/SLAM-robot/ros2_ws/install/turtlesim/include/turtlesim/turtlesim
[20.295s] -- Up-to-date: /Users/fergusproctor/dev/SLAM-robot/ros2_ws/install/turtlesim/include/turtlesim/turtlesim/msg
[20.295s] -- Installing: /Users/fergusproctor/dev/SLAM-robot/ros2_ws/install/turtlesim/include/turtlesim/turtlesim/msg/rosidl_typesupport_fastrtps_cpp__visibility_control.h
[20.295s] -- Up-to-date: /Users/fergusproctor/dev/SLAM-robot/ros2_ws/install/turtlesim/include/turtlesim/turtlesim/msg/detail
[20.295s] -- Installing: /Users/fergusproctor/dev/SLAM-robot/ros2_ws/install/turtlesim/include/turtlesim/turtlesim/msg/detail/color__rosidl_typesupport_fastrtps_cpp.hpp
[20.295s] -- Installing: /Users/fergusproctor/dev/SLAM-robot/ros2_ws/install/turtlesim/include/turtlesim/turtlesim/msg/detail/pose__rosidl_typesupport_fastrtps_cpp.hpp
[20.295s] -- Installing: /Users/fergusproctor/dev/SLAM-robot/ros2_ws/install/turtlesim/include/turtlesim/turtlesim/msg/detail/dds_fastrtps
[20.296s] -- Up-to-date: /Users/fergusproctor/dev/SLAM-robot/ros2_ws/install/turtlesim/include/turtlesim/turtlesim/action
[20.296s] -- Up-to-date: /Users/fergusproctor/dev/SLAM-robot/ros2_ws/install/turtlesim/include/turtlesim/turtlesim/action/detail
[20.296s] -- Installing: /Users/fergusproctor/dev/SLAM-robot/ros2_ws/install/turtlesim/include/turtlesim/turtlesim/action/detail/rotate_absolute__rosidl_typesupport_fastrtps_cpp.hpp
[20.296s] -- Installing: /Users/fergusproctor/dev/SLAM-robot/ros2_ws/install/turtlesim/include/turtlesim/turtlesim/action/detail/dds_fastrtps
[20.296s] -- Up-to-date: /Users/fergusproctor/dev/SLAM-robot/ros2_ws/install/turtlesim/include/turtlesim/turtlesim/srv
[20.296s] -- Up-to-date: /Users/fergusproctor/dev/SLAM-robot/ros2_ws/install/turtlesim/include/turtlesim/turtlesim/srv/detail
[20.296s] -- Installing: /Users/fergusproctor/dev/SLAM-robot/ros2_ws/install/turtlesim/include/turtlesim/turtlesim/srv/detail/spawn__rosidl_typesupport_fastrtps_cpp.hpp
[20.296s] -- Installing: /Users/fergusproctor/dev/SLAM-robot/ros2_ws/install/turtlesim/include/turtlesim/turtlesim/srv/detail/teleport_relative__rosidl_typesupport_fastrtps_cpp.hpp
[20.297s] -- Installing: /Users/fergusproctor/dev/SLAM-robot/ros2_ws/install/turtlesim/include/turtlesim/turtlesim/srv/detail/kill__rosidl_typesupport_fastrtps_cpp.hpp
[20.297s] -- Installing: /Users/fergusproctor/dev/SLAM-robot/ros2_ws/install/turtlesim/include/turtlesim/turtlesim/srv/detail/dds_fastrtps
[20.297s] -- Installing: /Users/fergusproctor/dev/SLAM-robot/ros2_ws/install/turtlesim/include/turtlesim/turtlesim/srv/detail/set_pen__rosidl_typesupport_fastrtps_cpp.hpp
[20.297s] -- Installing: /Users/fergusproctor/dev/SLAM-robot/ros2_ws/install/turtlesim/include/turtlesim/turtlesim/srv/detail/teleport_absolute__rosidl_typesupport_fastrtps_cpp.hpp
[20.297s] -- Installing: /Users/fergusproctor/dev/SLAM-robot/ros2_ws/install/turtlesim/lib/libturtlesim__rosidl_typesupport_fastrtps_cpp.dylib
[20.298s] -- Up-to-date: /Users/fergusproctor/dev/SLAM-robot/ros2_ws/install/turtlesim/include/turtlesim/turtlesim
[20.298s] -- Up-to-date: /Users/fergusproctor/dev/SLAM-robot/ros2_ws/install/turtlesim/include/turtlesim/turtlesim/msg
[20.298s] -- Up-to-date: /Users/fergusproctor/dev/SLAM-robot/ros2_ws/install/turtlesim/include/turtlesim/turtlesim/msg/detail
[20.298s] -- Installing: /Users/fergusproctor/dev/SLAM-robot/ros2_ws/install/turtlesim/include/turtlesim/turtlesim/msg/detail/pose__rosidl_typesupport_introspection_c.h
[20.298s] -- Installing: /Users/fergusproctor/dev/SLAM-robot/ros2_ws/install/turtlesim/include/turtlesim/turtlesim/msg/detail/color__rosidl_typesupport_introspection_c.h
[20.298s] -- Installing: /Users/fergusproctor/dev/SLAM-robot/ros2_ws/install/turtlesim/include/turtlesim/turtlesim/msg/detail/color__type_support.c
[20.298s] -- Installing: /Users/fergusproctor/dev/SLAM-robot/ros2_ws/install/turtlesim/include/turtlesim/turtlesim/msg/detail/pose__type_support.c
[20.299s] -- Installing: /Users/fergusproctor/dev/SLAM-robot/ros2_ws/install/turtlesim/include/turtlesim/turtlesim/msg/rosidl_typesupport_introspection_c__visibility_control.h
[20.299s] -- Up-to-date: /Users/fergusproctor/dev/SLAM-robot/ros2_ws/install/turtlesim/include/turtlesim/turtlesim/action
[20.299s] -- Up-to-date: /Users/fergusproctor/dev/SLAM-robot/ros2_ws/install/turtlesim/include/turtlesim/turtlesim/action/detail
[20.299s] -- Installing: /Users/fergusproctor/dev/SLAM-robot/ros2_ws/install/turtlesim/include/turtlesim/turtlesim/action/detail/rotate_absolute__rosidl_typesupport_introspection_c.h
[20.299s] -- Installing: /Users/fergusproctor/dev/SLAM-robot/ros2_ws/install/turtlesim/include/turtlesim/turtlesim/action/detail/rotate_absolute__type_support.c
[20.299s] -- Up-to-date: /Users/fergusproctor/dev/SLAM-robot/ros2_ws/install/turtlesim/include/turtlesim/turtlesim/srv
[20.299s] -- Up-to-date: /Users/fergusproctor/dev/SLAM-robot/ros2_ws/install/turtlesim/include/turtlesim/turtlesim/srv/detail
[20.299s] -- Installing: /Users/fergusproctor/dev/SLAM-robot/ros2_ws/install/turtlesim/include/turtlesim/turtlesim/srv/detail/set_pen__type_support.c
[20.299s] -- Installing: /Users/fergusproctor/dev/SLAM-robot/ros2_ws/install/turtlesim/include/turtlesim/turtlesim/srv/detail/teleport_relative__rosidl_typesupport_introspection_c.h
[20.300s] -- Installing: /Users/fergusproctor/dev/SLAM-robot/ros2_ws/install/turtlesim/include/turtlesim/turtlesim/srv/detail/spawn__type_support.c
[20.300s] -- Installing: /Users/fergusproctor/dev/SLAM-robot/ros2_ws/install/turtlesim/include/turtlesim/turtlesim/srv/detail/spawn__rosidl_typesupport_introspection_c.h
[20.300s] -- Installing: /Users/fergusproctor/dev/SLAM-robot/ros2_ws/install/turtlesim/include/turtlesim/turtlesim/srv/detail/teleport_absolute__rosidl_typesupport_introspection_c.h
[20.300s] -- Installing: /Users/fergusproctor/dev/SLAM-robot/ros2_ws/install/turtlesim/include/turtlesim/turtlesim/srv/detail/kill__type_support.c
[20.300s] -- Installing: /Users/fergusproctor/dev/SLAM-robot/ros2_ws/install/turtlesim/include/turtlesim/turtlesim/srv/detail/set_pen__rosidl_typesupport_introspection_c.h
[20.301s] -- Installing: /Users/fergusproctor/dev/SLAM-robot/ros2_ws/install/turtlesim/include/turtlesim/turtlesim/srv/detail/teleport_relative__type_support.c
[20.301s] -- Installing: /Users/fergusproctor/dev/SLAM-robot/ros2_ws/install/turtlesim/include/turtlesim/turtlesim/srv/detail/kill__rosidl_typesupport_introspection_c.h
[20.301s] -- Installing: /Users/fergusproctor/dev/SLAM-robot/ros2_ws/install/turtlesim/include/turtlesim/turtlesim/srv/detail/teleport_absolute__type_support.c
[20.301s] -- Installing: /Users/fergusproctor/dev/SLAM-robot/ros2_ws/install/turtlesim/lib/libturtlesim__rosidl_typesupport_introspection_c.dylib
[20.304s] /Users/fergusproctor/miniforge3/envs/ros_env/bin/install_name_tool: warning: changes being made to the file will invalidate the code signature in: /Users/fergusproctor/dev/SLAM-robot/ros2_ws/install/turtlesim/lib/libturtlesim__rosidl_typesupport_introspection_c.dylib
[20.305s] [cctools-port]: generating fake signature for '/Users/fergusproctor/dev/SLAM-robot/ros2_ws/install/turtlesim/lib/libturtlesim__rosidl_typesupport_introspection_c.dylib'
[20.315s] -- Installing: /Users/fergusproctor/dev/SLAM-robot/ros2_ws/install/turtlesim/lib/libturtlesim__rosidl_typesupport_c.dylib
[20.317s] /Users/fergusproctor/miniforge3/envs/ros_env/bin/install_name_tool: warning: changes being made to the file will invalidate the code signature in: /Users/fergusproctor/dev/SLAM-robot/ros2_ws/install/turtlesim/lib/libturtlesim__rosidl_typesupport_c.dylib
[20.317s] [cctools-port]: generating fake signature for '/Users/fergusproctor/dev/SLAM-robot/ros2_ws/install/turtlesim/lib/libturtlesim__rosidl_typesupport_c.dylib'
[20.327s] -- Up-to-date: /Users/fergusproctor/dev/SLAM-robot/ros2_ws/install/turtlesim/include/turtlesim/turtlesim
[20.327s] -- Up-to-date: /Users/fergusproctor/dev/SLAM-robot/ros2_ws/install/turtlesim/include/turtlesim/turtlesim/msg
[20.327s] -- Up-to-date: /Users/fergusproctor/dev/SLAM-robot/ros2_ws/install/turtlesim/include/turtlesim/turtlesim/msg/detail
[20.327s] -- Installing: /Users/fergusproctor/dev/SLAM-robot/ros2_ws/install/turtlesim/include/turtlesim/turtlesim/msg/detail/pose__rosidl_typesupport_introspection_cpp.hpp
[20.327s] -- Installing: /Users/fergusproctor/dev/SLAM-robot/ros2_ws/install/turtlesim/include/turtlesim/turtlesim/msg/detail/color__type_support.cpp
[20.327s] -- Installing: /Users/fergusproctor/dev/SLAM-robot/ros2_ws/install/turtlesim/include/turtlesim/turtlesim/msg/detail/pose__type_support.cpp
[20.327s] -- Installing: /Users/fergusproctor/dev/SLAM-robot/ros2_ws/install/turtlesim/include/turtlesim/turtlesim/msg/detail/color__rosidl_typesupport_introspection_cpp.hpp
[20.327s] -- Up-to-date: /Users/fergusproctor/dev/SLAM-robot/ros2_ws/install/turtlesim/include/turtlesim/turtlesim/action
[20.328s] -- Up-to-date: /Users/fergusproctor/dev/SLAM-robot/ros2_ws/install/turtlesim/include/turtlesim/turtlesim/action/detail
[20.328s] -- Installing: /Users/fergusproctor/dev/SLAM-robot/ros2_ws/install/turtlesim/include/turtlesim/turtlesim/action/detail/rotate_absolute__type_support.cpp
[20.328s] -- Installing: /Users/fergusproctor/dev/SLAM-robot/ros2_ws/install/turtlesim/include/turtlesim/turtlesim/action/detail/rotate_absolute__rosidl_typesupport_introspection_cpp.hpp
[20.328s] -- Up-to-date: /Users/fergusproctor/dev/SLAM-robot/ros2_ws/install/turtlesim/include/turtlesim/turtlesim/srv
[20.328s] -- Up-to-date: /Users/fergusproctor/dev/SLAM-robot/ros2_ws/install/turtlesim/include/turtlesim/turtlesim/srv/detail
[20.328s] -- Installing: /Users/fergusproctor/dev/SLAM-robot/ros2_ws/install/turtlesim/include/turtlesim/turtlesim/srv/detail/spawn__rosidl_typesupport_introspection_cpp.hpp
[20.328s] -- Installing: /Users/fergusproctor/dev/SLAM-robot/ros2_ws/install/turtlesim/include/turtlesim/turtlesim/srv/detail/teleport_absolute__rosidl_typesupport_introspection_cpp.hpp
[20.328s] -- Installing: /Users/fergusproctor/dev/SLAM-robot/ros2_ws/install/turtlesim/include/turtlesim/turtlesim/srv/detail/spawn__type_support.cpp
[20.328s] -- Installing: /Users/fergusproctor/dev/SLAM-robot/ros2_ws/install/turtlesim/include/turtlesim/turtlesim/srv/detail/set_pen__rosidl_typesupport_introspection_cpp.hpp
[20.328s] -- Installing: /Users/fergusproctor/dev/SLAM-robot/ros2_ws/install/turtlesim/include/turtlesim/turtlesim/srv/detail/teleport_relative__rosidl_typesupport_introspection_cpp.hpp
[20.329s] -- Installing: /Users/fergusproctor/dev/SLAM-robot/ros2_ws/install/turtlesim/include/turtlesim/turtlesim/srv/detail/teleport_relative__type_support.cpp
[20.329s] -- Installing: /Users/fergusproctor/dev/SLAM-robot/ros2_ws/install/turtlesim/include/turtlesim/turtlesim/srv/detail/teleport_absolute__type_support.cpp
[20.329s] -- Installing: /Users/fergusproctor/dev/SLAM-robot/ros2_ws/install/turtlesim/include/turtlesim/turtlesim/srv/detail/kill__rosidl_typesupport_introspection_cpp.hpp
[20.330s] -- Installing: /Users/fergusproctor/dev/SLAM-robot/ros2_ws/install/turtlesim/include/turtlesim/turtlesim/srv/detail/kill__type_support.cpp
[20.330s] -- Installing: /Users/fergusproctor/dev/SLAM-robot/ros2_ws/install/turtlesim/include/turtlesim/turtlesim/srv/detail/set_pen__type_support.cpp
[20.330s] -- Installing: /Users/fergusproctor/dev/SLAM-robot/ros2_ws/install/turtlesim/lib/libturtlesim__rosidl_typesupport_introspection_cpp.dylib
[20.330s] -- Installing: /Users/fergusproctor/dev/SLAM-robot/ros2_ws/install/turtlesim/lib/libturtlesim__rosidl_typesupport_cpp.dylib
[20.330s] -- Installing: /Users/fergusproctor/dev/SLAM-robot/ros2_ws/install/turtlesim/share/turtlesim/action/RotateAbsolute.idl
[20.331s] -- Installing: /Users/fergusproctor/dev/SLAM-robot/ros2_ws/install/turtlesim/share/turtlesim/msg/Color.idl
[20.331s] -- Installing: /Users/fergusproctor/dev/SLAM-robot/ros2_ws/install/turtlesim/share/turtlesim/msg/Pose.idl
[20.331s] -- Installing: /Users/fergusproctor/dev/SLAM-robot/ros2_ws/install/turtlesim/share/turtlesim/srv/Kill.idl
[20.331s] -- Installing: /Users/fergusproctor/dev/SLAM-robot/ros2_ws/install/turtlesim/share/turtlesim/srv/SetPen.idl
[20.332s] -- Installing: /Users/fergusproctor/dev/SLAM-robot/ros2_ws/install/turtlesim/share/turtlesim/srv/Spawn.idl
[20.332s] -- Installing: /Users/fergusproctor/dev/SLAM-robot/ros2_ws/install/turtlesim/share/turtlesim/srv/TeleportAbsolute.idl
[20.332s] -- Installing: /Users/fergusproctor/dev/SLAM-robot/ros2_ws/install/turtlesim/share/turtlesim/srv/TeleportRelative.idl
[20.332s] -- Installing: /Users/fergusproctor/dev/SLAM-robot/ros2_ws/install/turtlesim/share/turtlesim/action/RotateAbsolute.action
[20.332s] -- Installing: /Users/fergusproctor/dev/SLAM-robot/ros2_ws/install/turtlesim/share/turtlesim/msg/Color.msg
[20.332s] -- Installing: /Users/fergusproctor/dev/SLAM-robot/ros2_ws/install/turtlesim/share/turtlesim/msg/Pose.msg
[20.332s] -- Installing: /Users/fergusproctor/dev/SLAM-robot/ros2_ws/install/turtlesim/share/turtlesim/srv/Kill.srv
[20.332s] -- Installing: /Users/fergusproctor/dev/SLAM-robot/ros2_ws/install/turtlesim/share/turtlesim/srv/Kill_Request.msg
[20.332s] -- Installing: /Users/fergusproctor/dev/SLAM-robot/ros2_ws/install/turtlesim/share/turtlesim/srv/Kill_Response.msg
[20.333s] -- Installing: /Users/fergusproctor/dev/SLAM-robot/ros2_ws/install/turtlesim/share/turtlesim/srv/SetPen.srv
[20.333s] -- Installing: /Users/fergusproctor/dev/SLAM-robot/ros2_ws/install/turtlesim/share/turtlesim/srv/SetPen_Request.msg
[20.333s] -- Installing: /Users/fergusproctor/dev/SLAM-robot/ros2_ws/install/turtlesim/share/turtlesim/srv/SetPen_Response.msg
[20.333s] -- Installing: /Users/fergusproctor/dev/SLAM-robot/ros2_ws/install/turtlesim/share/turtlesim/srv/Spawn.srv
[20.338s] -- Installing: /Users/fergusproctor/dev/SLAM-robot/ros2_ws/install/turtlesim/share/turtlesim/srv/Spawn_Request.msg
[20.338s] -- Installing: /Users/fergusproctor/dev/SLAM-robot/ros2_ws/install/turtlesim/share/turtlesim/srv/Spawn_Response.msg
[20.338s] -- Installing: /Users/fergusproctor/dev/SLAM-robot/ros2_ws/install/turtlesim/share/turtlesim/srv/TeleportAbsolute.srv
[20.338s] -- Installing: /Users/fergusproctor/dev/SLAM-robot/ros2_ws/install/turtlesim/share/turtlesim/srv/TeleportAbsolute_Request.msg
[20.338s] -- Installing: /Users/fergusproctor/dev/SLAM-robot/ros2_ws/install/turtlesim/share/turtlesim/srv/TeleportAbsolute_Response.msg
[20.339s] -- Installing: /Users/fergusproctor/dev/SLAM-robot/ros2_ws/install/turtlesim/share/turtlesim/srv/TeleportRelative.srv
[20.339s] -- Installing: /Users/fergusproctor/dev/SLAM-robot/ros2_ws/install/turtlesim/share/turtlesim/srv/TeleportRelative_Request.msg
[20.339s] -- Installing: /Users/fergusproctor/dev/SLAM-robot/ros2_ws/install/turtlesim/share/turtlesim/srv/TeleportRelative_Response.msg
[20.339s] -- Installing: /Users/fergusproctor/dev/SLAM-robot/ros2_ws/install/turtlesim/lib/turtlesim/turtlesim_node
[20.339s] /Users/fergusproctor/miniforge3/envs/ros_env/bin/install_name_tool: warning: changes being made to the file will invalidate the code signature in: /Users/fergusproctor/dev/SLAM-robot/ros2_ws/install/turtlesim/lib/turtlesim/turtlesim_node
[20.341s] [cctools-port]: generating fake signature for '/Users/fergusproctor/dev/SLAM-robot/ros2_ws/install/turtlesim/lib/turtlesim/turtlesim_node'
[20.355s] -- Installing: /Users/fergusproctor/dev/SLAM-robot/ros2_ws/install/turtlesim/lib/turtlesim/turtle_teleop_key
[20.357s] /Users/fergusproctor/miniforge3/envs/ros_env/bin/install_name_tool: warning: changes being made to the file will invalidate the code signature in: /Users/fergusproctor/dev/SLAM-robot/ros2_ws/install/turtlesim/lib/turtlesim/turtle_teleop_key
[20.358s] [cctools-port]: generating fake signature for '/Users/fergusproctor/dev/SLAM-robot/ros2_ws/install/turtlesim/lib/turtlesim/turtle_teleop_key'
[20.368s] -- Installing: /Users/fergusproctor/dev/SLAM-robot/ros2_ws/install/turtlesim/lib/turtlesim/draw_square
[20.370s] /Users/fergusproctor/miniforge3/envs/ros_env/bin/install_name_tool: warning: changes being made to the file will invalidate the code signature in: /Users/fergusproctor/dev/SLAM-robot/ros2_ws/install/turtlesim/lib/turtlesim/draw_square
[20.371s] [cctools-port]: generating fake signature for '/Users/fergusproctor/dev/SLAM-robot/ros2_ws/install/turtlesim/lib/turtlesim/draw_square'
[20.381s] -- Installing: /Users/fergusproctor/dev/SLAM-robot/ros2_ws/install/turtlesim/lib/turtlesim/mimic
[20.383s] /Users/fergusproctor/miniforge3/envs/ros_env/bin/install_name_tool: warning: changes being made to the file will invalidate the code signature in: /Users/fergusproctor/dev/SLAM-robot/ros2_ws/install/turtlesim/lib/turtlesim/mimic
[20.384s] [cctools-port]: generating fake signature for '/Users/fergusproctor/dev/SLAM-robot/ros2_ws/install/turtlesim/lib/turtlesim/mimic'
[20.394s] -- Installing: /Users/fergusproctor/dev/SLAM-robot/ros2_ws/install/turtlesim/share/turtlesim/images
[20.394s] -- Installing: /Users/fergusproctor/dev/SLAM-robot/ros2_ws/install/turtlesim/share/turtlesim/images/dashing.png
[20.395s] -- Installing: /Users/fergusproctor/dev/SLAM-robot/ros2_ws/install/turtlesim/share/turtlesim/images/galactic.png
[20.395s] -- Installing: /Users/fergusproctor/dev/SLAM-robot/ros2_ws/install/turtlesim/share/turtlesim/images/rolling.png
[20.395s] -- Installing: /Users/fergusproctor/dev/SLAM-robot/ros2_ws/install/turtlesim/share/turtlesim/images/foxy.png
[20.395s] -- Installing: /Users/fergusproctor/dev/SLAM-robot/ros2_ws/install/turtlesim/share/turtlesim/images/bouncy.png
[20.395s] -- Installing: /Users/fergusproctor/dev/SLAM-robot/ros2_ws/install/turtlesim/share/turtlesim/images/crystal.png
[20.395s] -- Installing: /Users/fergusproctor/dev/SLAM-robot/ros2_ws/install/turtlesim/share/turtlesim/images/ardent.png
[20.395s] -- Installing: /Users/fergusproctor/dev/SLAM-robot/ros2_ws/install/turtlesim/share/turtlesim/images/eloquent.png
[20.395s] -- Installing: /Users/fergusproctor/dev/SLAM-robot/ros2_ws/install/turtlesim/share/turtlesim/images/humble.png
[20.396s] -- Installing: /Users/fergusproctor/dev/SLAM-robot/ros2_ws/install/turtlesim/share/turtlesim/launch
[20.396s] -- Installing: /Users/fergusproctor/dev/SLAM-robot/ros2_ws/install/turtlesim/share/turtlesim/launch/multisim.launch.py
[20.396s] -- Installing: /Users/fergusproctor/dev/SLAM-robot/ros2_ws/install/turtlesim/share/ament_index/resource_index/package_run_dependencies/turtlesim
[20.396s] -- Installing: /Users/fergusproctor/dev/SLAM-robot/ros2_ws/install/turtlesim/share/ament_index/resource_index/parent_prefix_path/turtlesim
[20.396s] -- Installing: /Users/fergusproctor/dev/SLAM-robot/ros2_ws/install/turtlesim/share/turtlesim/environment/ament_prefix_path.sh
[20.396s] -- Installing: /Users/fergusproctor/dev/SLAM-robot/ros2_ws/install/turtlesim/share/turtlesim/environment/ament_prefix_path.dsv
[20.396s] -- Installing: /Users/fergusproctor/dev/SLAM-robot/ros2_ws/install/turtlesim/share/turtlesim/environment/path.sh
[20.397s] -- Installing: /Users/fergusproctor/dev/SLAM-robot/ros2_ws/install/turtlesim/share/turtlesim/environment/path.dsv
[20.397s] -- Installing: /Users/fergusproctor/dev/SLAM-robot/ros2_ws/install/turtlesim/share/turtlesim/local_setup.bash
[20.397s] -- Installing: /Users/fergusproctor/dev/SLAM-robot/ros2_ws/install/turtlesim/share/turtlesim/local_setup.sh
[20.397s] -- Installing: /Users/fergusproctor/dev/SLAM-robot/ros2_ws/install/turtlesim/share/turtlesim/local_setup.zsh
[20.397s] -- Installing: /Users/fergusproctor/dev/SLAM-robot/ros2_ws/install/turtlesim/share/turtlesim/local_setup.dsv
[20.397s] -- Installing: /Users/fergusproctor/dev/SLAM-robot/ros2_ws/install/turtlesim/share/turtlesim/package.dsv
[20.398s] -- Installing: /Users/fergusproctor/dev/SLAM-robot/ros2_ws/install/turtlesim/share/ament_index/resource_index/packages/turtlesim
[20.398s] -- Installing: /Users/fergusproctor/dev/SLAM-robot/ros2_ws/install/turtlesim/share/turtlesim/cmake/export_turtlesim__rosidl_generator_cExport.cmake
[20.398s] -- Installing: /Users/fergusproctor/dev/SLAM-robot/ros2_ws/install/turtlesim/share/turtlesim/cmake/export_turtlesim__rosidl_generator_cExport-noconfig.cmake
[20.398s] -- Installing: /Users/fergusproctor/dev/SLAM-robot/ros2_ws/install/turtlesim/share/turtlesim/cmake/export_turtlesim__rosidl_typesupport_fastrtps_cExport.cmake
[20.398s] -- Installing: /Users/fergusproctor/dev/SLAM-robot/ros2_ws/install/turtlesim/share/turtlesim/cmake/export_turtlesim__rosidl_typesupport_fastrtps_cExport-noconfig.cmake
[20.399s] -- Installing: /Users/fergusproctor/dev/SLAM-robot/ros2_ws/install/turtlesim/share/turtlesim/cmake/export_turtlesim__rosidl_generator_cppExport.cmake
[20.399s] -- Installing: /Users/fergusproctor/dev/SLAM-robot/ros2_ws/install/turtlesim/share/turtlesim/cmake/export_turtlesim__rosidl_typesupport_fastrtps_cppExport.cmake
[20.399s] -- Installing: /Users/fergusproctor/dev/SLAM-robot/ros2_ws/install/turtlesim/share/turtlesim/cmake/export_turtlesim__rosidl_typesupport_fastrtps_cppExport-noconfig.cmake
[20.399s] -- Installing: /Users/fergusproctor/dev/SLAM-robot/ros2_ws/install/turtlesim/share/turtlesim/cmake/turtlesim__rosidl_typesupport_introspection_cExport.cmake
[20.400s] -- Installing: /Users/fergusproctor/dev/SLAM-robot/ros2_ws/install/turtlesim/share/turtlesim/cmake/turtlesim__rosidl_typesupport_introspection_cExport-noconfig.cmake
[20.400s] -- Installing: /Users/fergusproctor/dev/SLAM-robot/ros2_ws/install/turtlesim/share/turtlesim/cmake/turtlesim__rosidl_typesupport_cExport.cmake
[20.400s] -- Installing: /Users/fergusproctor/dev/SLAM-robot/ros2_ws/install/turtlesim/share/turtlesim/cmake/turtlesim__rosidl_typesupport_cExport-noconfig.cmake
[20.400s] -- Installing: /Users/fergusproctor/dev/SLAM-robot/ros2_ws/install/turtlesim/share/turtlesim/cmake/turtlesim__rosidl_typesupport_introspection_cppExport.cmake
[20.400s] -- Installing: /Users/fergusproctor/dev/SLAM-robot/ros2_ws/install/turtlesim/share/turtlesim/cmake/turtlesim__rosidl_typesupport_introspection_cppExport-noconfig.cmake
[20.401s] -- Installing: /Users/fergusproctor/dev/SLAM-robot/ros2_ws/install/turtlesim/share/turtlesim/cmake/turtlesim__rosidl_typesupport_cppExport.cmake
[20.401s] -- Installing: /Users/fergusproctor/dev/SLAM-robot/ros2_ws/install/turtlesim/share/turtlesim/cmake/turtlesim__rosidl_typesupport_cppExport-noconfig.cmake
[20.401s] -- Installing: /Users/fergusproctor/dev/SLAM-robot/ros2_ws/install/turtlesim/share/turtlesim/cmake/rosidl_cmake-extras.cmake
[20.401s] -- Installing: /Users/fergusproctor/dev/SLAM-robot/ros2_ws/install/turtlesim/share/turtlesim/cmake/ament_cmake_export_dependencies-extras.cmake
[20.401s] -- Installing: /Users/fergusproctor/dev/SLAM-robot/ros2_ws/install/turtlesim/share/turtlesim/cmake/ament_cmake_export_include_directories-extras.cmake
[20.401s] -- Installing: /Users/fergusproctor/dev/SLAM-robot/ros2_ws/install/turtlesim/share/turtlesim/cmake/ament_cmake_export_libraries-extras.cmake
[20.402s] -- Installing: /Users/fergusproctor/dev/SLAM-robot/ros2_ws/install/turtlesim/share/turtlesim/cmake/ament_cmake_export_targets-extras.cmake
[20.402s] -- Installing: /Users/fergusproctor/dev/SLAM-robot/ros2_ws/install/turtlesim/share/turtlesim/cmake/rosidl_cmake_export_typesupport_targets-extras.cmake
[20.402s] -- Installing: /Users/fergusproctor/dev/SLAM-robot/ros2_ws/install/turtlesim/share/turtlesim/cmake/rosidl_cmake_export_typesupport_libraries-extras.cmake
[20.402s] -- Installing: /Users/fergusproctor/dev/SLAM-robot/ros2_ws/install/turtlesim/share/turtlesim/cmake/turtlesimConfig.cmake
[20.402s] -- Installing: /Users/fergusproctor/dev/SLAM-robot/ros2_ws/install/turtlesim/share/turtlesim/cmake/turtlesimConfig-version.cmake
[20.402s] -- Installing: /Users/fergusproctor/dev/SLAM-robot/ros2_ws/install/turtlesim/share/turtlesim/package.xml
[20.405s] Invoked command in '/Users/fergusproctor/dev/SLAM-robot/ros2_ws/build/turtlesim' returned '0': CMAKE_PREFIX_PATH=${CMAKE_PREFIX_PATH}:/Users/fergusproctor/miniforge3/envs/ros_env CONDA_PROMPT_MODIFIER=(ros_env) SHLVL=2 _=/Users/fergusproctor/miniforge3/envs/ros_env/bin/env __CF_USER_TEXT_ENCODING=0x1F5:0x0:0x0 /Users/fergusproctor/miniforge3/envs/ros_env/bin/cmake --install /Users/fergusproctor/dev/SLAM-robot/ros2_ws/build/turtlesim
