[0.170s] [34mcolcon[0m [1;30mDEBUG[0m [32mCommand line arguments: ['/Users/fergusproctor/miniforge3/envs/ros_env/bin/colcon', 'build'][0m
[0.170s] [34mcolcon[0m [1;30mDEBUG[0m [32mParsed command line arguments: Namespace(log_base=None, log_level=None, verb_name='build', build_base='build', install_base='install', merge_install=False, symlink_install=False, test_result_base=None, continue_on_error=False, executor='parallel', parallel_workers=8, event_handlers=None, ignore_user_meta=False, metas=['./colcon.meta'], base_paths=['.'], packages_ignore=None, packages_ignore_regex=None, paths=None, packages_up_to=None, packages_up_to_regex=None, packages_above=None, packages_above_and_dependencies=None, packages_above_depth=None, packages_select_by_dep=None, packages_skip_by_dep=None, packages_skip_up_to=None, packages_select_build_failed=False, packages_skip_build_finished=False, packages_select_test_failures=False, packages_skip_test_passed=False, packages_select=None, packages_skip=None, packages_select_regex=None, packages_skip_regex=None, packages_start=None, packages_end=None, cmake_args=None, cmake_target=None, cmake_target_skip_unavailable=False, cmake_clean_cache=False, cmake_clean_first=False, cmake_force_configure=False, ament_cmake_args=None, catkin_cmake_args=None, catkin_skip_building_tests=False, verb_parser=<colcon_defaults.argument_parser.defaults.DefaultArgumentsDecorator object at 0x104531550>, verb_extension=<colcon_core.verb.build.BuildVerb object at 0x104530590>, main=<bound method BuildVerb.main of <colcon_core.verb.build.BuildVerb object at 0x104530590>>)[0m
[0.209s] [34mcolcon.colcon_core.package_discovery[0m [1;30mLevel 1[0m discover_packages(colcon_meta) check parameters
[0.209s] [34mcolcon.colcon_core.package_discovery[0m [1;30mLevel 1[0m discover_packages(recursive) check parameters
[0.209s] [34mcolcon.colcon_core.package_discovery[0m [1;30mLevel 1[0m discover_packages(ignore) check parameters
[0.209s] [34mcolcon.colcon_core.package_discovery[0m [1;30mLevel 1[0m discover_packages(path) check parameters
[0.209s] [34mcolcon.colcon_core.package_discovery[0m [1;30mLevel 1[0m discover_packages(colcon_meta) discover
[0.209s] [34mcolcon.colcon_core.package_discovery[0m [1;30mLevel 1[0m discover_packages(recursive) discover
[0.209s] [34mcolcon.colcon_core.package_discovery[0m [1;30mINFO[0m Crawling recursively for packages in '/Users/fergusproctor/dev/SLAM-robot/ros2_ws'
[0.209s] [34mcolcon.colcon_core.package_identification[0m [1;30mLevel 1[0m _identify(.) by extensions ['ignore', 'ignore_ament_install']
[0.209s] [34mcolcon.colcon_core.package_identification[0m [1;30mLevel 1[0m _identify(.) by extension 'ignore'
[0.209s] [34mcolcon.colcon_core.package_identification[0m [1;30mLevel 1[0m _identify(.) by extension 'ignore_ament_install'
[0.209s] [34mcolcon.colcon_core.package_identification[0m [1;30mLevel 1[0m _identify(.) by extensions ['colcon_pkg']
[0.209s] [34mcolcon.colcon_core.package_identification[0m [1;30mLevel 1[0m _identify(.) by extension 'colcon_pkg'
[0.209s] [34mcolcon.colcon_core.package_identification[0m [1;30mLevel 1[0m _identify(.) by extensions ['colcon_meta']
[0.209s] [34mcolcon.colcon_core.package_identification[0m [1;30mLevel 1[0m _identify(.) by extension 'colcon_meta'
[0.209s] [34mcolcon.colcon_core.package_identification[0m [1;30mLevel 1[0m _identify(.) by extensions ['ros']
[0.209s] [34mcolcon.colcon_core.package_identification[0m [1;30mLevel 1[0m _identify(.) by extension 'ros'
[0.228s] [34mcolcon.colcon_core.package_identification[0m [1;30mLevel 1[0m _identify(.) by extensions ['cmake', 'python']
[0.229s] [34mcolcon.colcon_core.package_identification[0m [1;30mLevel 1[0m _identify(.) by extension 'cmake'
[0.229s] [34mcolcon.colcon_core.package_identification[0m [1;30mLevel 1[0m _identify(.) by extension 'python'
[0.229s] [34mcolcon.colcon_core.package_identification[0m [1;30mLevel 1[0m _identify(.) by extensions ['python_setup_py']
[0.229s] [34mcolcon.colcon_core.package_identification[0m [1;30mLevel 1[0m _identify(.) by extension 'python_setup_py'
[0.229s] [34mcolcon.colcon_core.package_identification[0m [1;30mLevel 1[0m _identify(build) by extensions ['ignore', 'ignore_ament_install']
[0.229s] [34mcolcon.colcon_core.package_identification[0m [1;30mLevel 1[0m _identify(build) by extension 'ignore'
[0.229s] [34mcolcon.colcon_core.package_identification[0m [1;30mLevel 1[0m _identify(build) ignored
[0.229s] [34mcolcon.colcon_core.package_identification[0m [1;30mLevel 1[0m _identify(install) by extensions ['ignore', 'ignore_ament_install']
[0.229s] [34mcolcon.colcon_core.package_identification[0m [1;30mLevel 1[0m _identify(install) by extension 'ignore'
[0.229s] [34mcolcon.colcon_core.package_identification[0m [1;30mLevel 1[0m _identify(install) ignored
[0.229s] [34mcolcon.colcon_core.package_identification[0m [1;30mLevel 1[0m _identify(log) by extensions ['ignore', 'ignore_ament_install']
[0.229s] [34mcolcon.colcon_core.package_identification[0m [1;30mLevel 1[0m _identify(log) by extension 'ignore'
[0.229s] [34mcolcon.colcon_core.package_identification[0m [1;30mLevel 1[0m _identify(log) ignored
[0.230s] [34mcolcon.colcon_core.package_identification[0m [1;30mLevel 1[0m _identify(src) by extensions ['ignore', 'ignore_ament_install']
[0.230s] [34mcolcon.colcon_core.package_identification[0m [1;30mLevel 1[0m _identify(src) by extension 'ignore'
[0.230s] [34mcolcon.colcon_core.package_identification[0m [1;30mLevel 1[0m _identify(src) by extension 'ignore_ament_install'
[0.230s] [34mcolcon.colcon_core.package_identification[0m [1;30mLevel 1[0m _identify(src) by extensions ['colcon_pkg']
[0.230s] [34mcolcon.colcon_core.package_identification[0m [1;30mLevel 1[0m _identify(src) by extension 'colcon_pkg'
[0.230s] [34mcolcon.colcon_core.package_identification[0m [1;30mLevel 1[0m _identify(src) by extensions ['colcon_meta']
[0.230s] [34mcolcon.colcon_core.package_identification[0m [1;30mLevel 1[0m _identify(src) by extension 'colcon_meta'
[0.230s] [34mcolcon.colcon_core.package_identification[0m [1;30mLevel 1[0m _identify(src) by extensions ['ros']
[0.230s] [34mcolcon.colcon_core.package_identification[0m [1;30mLevel 1[0m _identify(src) by extension 'ros'
[0.230s] [34mcolcon.colcon_core.package_identification[0m [1;30mLevel 1[0m _identify(src) by extensions ['cmake', 'python']
[0.230s] [34mcolcon.colcon_core.package_identification[0m [1;30mLevel 1[0m _identify(src) by extension 'cmake'
[0.230s] [34mcolcon.colcon_core.package_identification[0m [1;30mLevel 1[0m _identify(src) by extension 'python'
[0.230s] [34mcolcon.colcon_core.package_identification[0m [1;30mLevel 1[0m _identify(src) by extensions ['python_setup_py']
[0.230s] [34mcolcon.colcon_core.package_identification[0m [1;30mLevel 1[0m _identify(src) by extension 'python_setup_py'
[0.230s] [34mcolcon.colcon_core.package_identification[0m [1;30mLevel 1[0m _identify(src/my_serial_communicator_cpp) by extensions ['ignore', 'ignore_ament_install']
[0.230s] [34mcolcon.colcon_core.package_identification[0m [1;30mLevel 1[0m _identify(src/my_serial_communicator_cpp) by extension 'ignore'
[0.230s] [34mcolcon.colcon_core.package_identification[0m [1;30mLevel 1[0m _identify(src/my_serial_communicator_cpp) by extension 'ignore_ament_install'
[0.230s] [34mcolcon.colcon_core.package_identification[0m [1;30mLevel 1[0m _identify(src/my_serial_communicator_cpp) by extensions ['colcon_pkg']
[0.230s] [34mcolcon.colcon_core.package_identification[0m [1;30mLevel 1[0m _identify(src/my_serial_communicator_cpp) by extension 'colcon_pkg'
[0.230s] [34mcolcon.colcon_core.package_identification[0m [1;30mLevel 1[0m _identify(src/my_serial_communicator_cpp) by extensions ['colcon_meta']
[0.230s] [34mcolcon.colcon_core.package_identification[0m [1;30mLevel 1[0m _identify(src/my_serial_communicator_cpp) by extension 'colcon_meta'
[0.231s] [34mcolcon.colcon_core.package_identification[0m [1;30mLevel 1[0m _identify(src/my_serial_communicator_cpp) by extensions ['ros']
[0.231s] [34mcolcon.colcon_core.package_identification[0m [1;30mLevel 1[0m _identify(src/my_serial_communicator_cpp) by extension 'ros'
[0.232s] [34mcolcon.colcon_core.package_identification[0m [1;30mDEBUG[0m [32mPackage 'src/my_serial_communicator_cpp' with type 'ros.ament_cmake' and name 'my_serial_communicator_cpp'[0m
[0.233s] [34mcolcon.colcon_core.package_identification[0m [1;30mLevel 1[0m _identify(src/serial_communicator) by extensions ['ignore', 'ignore_ament_install']
[0.233s] [34mcolcon.colcon_core.package_identification[0m [1;30mLevel 1[0m _identify(src/serial_communicator) by extension 'ignore'
[0.233s] [34mcolcon.colcon_core.package_identification[0m [1;30mLevel 1[0m _identify(src/serial_communicator) by extension 'ignore_ament_install'
[0.233s] [34mcolcon.colcon_core.package_identification[0m [1;30mLevel 1[0m _identify(src/serial_communicator) by extensions ['colcon_pkg']
[0.233s] [34mcolcon.colcon_core.package_identification[0m [1;30mLevel 1[0m _identify(src/serial_communicator) by extension 'colcon_pkg'
[0.233s] [34mcolcon.colcon_core.package_identification[0m [1;30mLevel 1[0m _identify(src/serial_communicator) by extensions ['colcon_meta']
[0.233s] [34mcolcon.colcon_core.package_identification[0m [1;30mLevel 1[0m _identify(src/serial_communicator) by extension 'colcon_meta'
[0.233s] [34mcolcon.colcon_core.package_identification[0m [1;30mLevel 1[0m _identify(src/serial_communicator) by extensions ['ros']
[0.233s] [34mcolcon.colcon_core.package_identification[0m [1;30mLevel 1[0m _identify(src/serial_communicator) by extension 'ros'
[0.233s] [34mcolcon.colcon_core.package_identification[0m [1;30mDEBUG[0m [32mPackage 'src/serial_communicator' with type 'ros.ament_cmake' and name 'serial_communicator'[0m
[0.234s] [34mcolcon.colcon_core.package_identification[0m [1;30mLevel 1[0m _identify(src/serial_communicator_py) by extensions ['ignore', 'ignore_ament_install']
[0.234s] [34mcolcon.colcon_core.package_identification[0m [1;30mLevel 1[0m _identify(src/serial_communicator_py) by extension 'ignore'
[0.234s] [34mcolcon.colcon_core.package_identification[0m [1;30mLevel 1[0m _identify(src/serial_communicator_py) by extension 'ignore_ament_install'
[0.234s] [34mcolcon.colcon_core.package_identification[0m [1;30mLevel 1[0m _identify(src/serial_communicator_py) by extensions ['colcon_pkg']
[0.234s] [34mcolcon.colcon_core.package_identification[0m [1;30mLevel 1[0m _identify(src/serial_communicator_py) by extension 'colcon_pkg'
[0.234s] [34mcolcon.colcon_core.package_identification[0m [1;30mLevel 1[0m _identify(src/serial_communicator_py) by extensions ['colcon_meta']
[0.234s] [34mcolcon.colcon_core.package_identification[0m [1;30mLevel 1[0m _identify(src/serial_communicator_py) by extension 'colcon_meta'
[0.234s] [34mcolcon.colcon_core.package_identification[0m [1;30mLevel 1[0m _identify(src/serial_communicator_py) by extensions ['ros']
[0.234s] [34mcolcon.colcon_core.package_identification[0m [1;30mLevel 1[0m _identify(src/serial_communicator_py) by extension 'ros'
[0.234s] [34mcolcon.colcon_core.package_identification[0m [1;30mDEBUG[0m [32mPackage 'src/serial_communicator_py' with type 'ros.ament_python' and name 'serial_communicator_py'[0m
[0.235s] [34mcolcon.colcon_core.package_identification[0m [1;30mLevel 1[0m _identify(src/turtlesim) by extensions ['ignore', 'ignore_ament_install']
[0.235s] [34mcolcon.colcon_core.package_identification[0m [1;30mLevel 1[0m _identify(src/turtlesim) by extension 'ignore'
[0.235s] [34mcolcon.colcon_core.package_identification[0m [1;30mLevel 1[0m _identify(src/turtlesim) by extension 'ignore_ament_install'
[0.235s] [34mcolcon.colcon_core.package_identification[0m [1;30mLevel 1[0m _identify(src/turtlesim) by extensions ['colcon_pkg']
[0.235s] [34mcolcon.colcon_core.package_identification[0m [1;30mLevel 1[0m _identify(src/turtlesim) by extension 'colcon_pkg'
[0.235s] [34mcolcon.colcon_core.package_identification[0m [1;30mLevel 1[0m _identify(src/turtlesim) by extensions ['colcon_meta']
[0.235s] [34mcolcon.colcon_core.package_identification[0m [1;30mLevel 1[0m _identify(src/turtlesim) by extension 'colcon_meta'
[0.235s] [34mcolcon.colcon_core.package_identification[0m [1;30mLevel 1[0m _identify(src/turtlesim) by extensions ['ros']
[0.235s] [34mcolcon.colcon_core.package_identification[0m [1;30mLevel 1[0m _identify(src/turtlesim) by extension 'ros'
[0.236s] [34mcolcon.colcon_core.package_identification[0m [1;30mDEBUG[0m [32mPackage 'src/turtlesim' with type 'ros.ament_cmake' and name 'turtlesim'[0m
[0.236s] [34mcolcon.colcon_core.package_discovery[0m [1;30mLevel 1[0m discover_packages(recursive) using defaults
[0.236s] [34mcolcon.colcon_core.package_discovery[0m [1;30mLevel 1[0m discover_packages(ignore) discover
[0.236s] [34mcolcon.colcon_core.package_discovery[0m [1;30mLevel 1[0m discover_packages(ignore) using defaults
[0.236s] [34mcolcon.colcon_core.package_discovery[0m [1;30mLevel 1[0m discover_packages(path) discover
[0.236s] [34mcolcon.colcon_core.package_discovery[0m [1;30mLevel 1[0m discover_packages(path) using defaults
[0.249s] [34mcolcon.colcon_core.verb[0m [1;30mLevel 5[0m set package 'my_serial_communicator_cpp' build argument 'cmake_args' from command line to 'None'
[0.249s] [34mcolcon.colcon_core.verb[0m [1;30mLevel 5[0m set package 'my_serial_communicator_cpp' build argument 'cmake_target' from command line to 'None'
[0.249s] [34mcolcon.colcon_core.verb[0m [1;30mLevel 5[0m set package 'my_serial_communicator_cpp' build argument 'cmake_target_skip_unavailable' from command line to 'False'
[0.249s] [34mcolcon.colcon_core.verb[0m [1;30mLevel 5[0m set package 'my_serial_communicator_cpp' build argument 'cmake_clean_cache' from command line to 'False'
[0.249s] [34mcolcon.colcon_core.verb[0m [1;30mLevel 5[0m set package 'my_serial_communicator_cpp' build argument 'cmake_clean_first' from command line to 'False'
[0.249s] [34mcolcon.colcon_core.verb[0m [1;30mLevel 5[0m set package 'my_serial_communicator_cpp' build argument 'cmake_force_configure' from command line to 'False'
[0.249s] [34mcolcon.colcon_core.verb[0m [1;30mLevel 5[0m set package 'my_serial_communicator_cpp' build argument 'ament_cmake_args' from command line to 'None'
[0.249s] [34mcolcon.colcon_core.verb[0m [1;30mLevel 5[0m set package 'my_serial_communicator_cpp' build argument 'catkin_cmake_args' from command line to 'None'
[0.249s] [34mcolcon.colcon_core.verb[0m [1;30mLevel 5[0m set package 'my_serial_communicator_cpp' build argument 'catkin_skip_building_tests' from command line to 'False'
[0.249s] [34mcolcon.colcon_core.verb[0m [1;30mDEBUG[0m [32mBuilding package 'my_serial_communicator_cpp' with the following arguments: {'ament_cmake_args': None, 'build_base': '/Users/fergusproctor/dev/SLAM-robot/ros2_ws/build/my_serial_communicator_cpp', 'catkin_cmake_args': None, 'catkin_skip_building_tests': False, 'cmake_args': None, 'cmake_clean_cache': False, 'cmake_clean_first': False, 'cmake_force_configure': False, 'cmake_target': None, 'cmake_target_skip_unavailable': False, 'install_base': '/Users/fergusproctor/dev/SLAM-robot/ros2_ws/install/my_serial_communicator_cpp', 'merge_install': False, 'path': '/Users/fergusproctor/dev/SLAM-robot/ros2_ws/src/my_serial_communicator_cpp', 'symlink_install': False, 'test_result_base': None}[0m
[0.249s] [34mcolcon.colcon_core.verb[0m [1;30mLevel 5[0m set package 'serial_communicator' build argument 'cmake_args' from command line to 'None'
[0.249s] [34mcolcon.colcon_core.verb[0m [1;30mLevel 5[0m set package 'serial_communicator' build argument 'cmake_target' from command line to 'None'
[0.249s] [34mcolcon.colcon_core.verb[0m [1;30mLevel 5[0m set package 'serial_communicator' build argument 'cmake_target_skip_unavailable' from command line to 'False'
[0.249s] [34mcolcon.colcon_core.verb[0m [1;30mLevel 5[0m set package 'serial_communicator' build argument 'cmake_clean_cache' from command line to 'False'
[0.249s] [34mcolcon.colcon_core.verb[0m [1;30mLevel 5[0m set package 'serial_communicator' build argument 'cmake_clean_first' from command line to 'False'
[0.249s] [34mcolcon.colcon_core.verb[0m [1;30mLevel 5[0m set package 'serial_communicator' build argument 'cmake_force_configure' from command line to 'False'
[0.249s] [34mcolcon.colcon_core.verb[0m [1;30mLevel 5[0m set package 'serial_communicator' build argument 'ament_cmake_args' from command line to 'None'
[0.249s] [34mcolcon.colcon_core.verb[0m [1;30mLevel 5[0m set package 'serial_communicator' build argument 'catkin_cmake_args' from command line to 'None'
[0.249s] [34mcolcon.colcon_core.verb[0m [1;30mLevel 5[0m set package 'serial_communicator' build argument 'catkin_skip_building_tests' from command line to 'False'
[0.249s] [34mcolcon.colcon_core.verb[0m [1;30mDEBUG[0m [32mBuilding package 'serial_communicator' with the following arguments: {'ament_cmake_args': None, 'build_base': '/Users/fergusproctor/dev/SLAM-robot/ros2_ws/build/serial_communicator', 'catkin_cmake_args': None, 'catkin_skip_building_tests': False, 'cmake_args': None, 'cmake_clean_cache': False, 'cmake_clean_first': False, 'cmake_force_configure': False, 'cmake_target': None, 'cmake_target_skip_unavailable': False, 'install_base': '/Users/fergusproctor/dev/SLAM-robot/ros2_ws/install/serial_communicator', 'merge_install': False, 'path': '/Users/fergusproctor/dev/SLAM-robot/ros2_ws/src/serial_communicator', 'symlink_install': False, 'test_result_base': None}[0m
[0.250s] [34mcolcon.colcon_core.verb[0m [1;30mLevel 5[0m set package 'serial_communicator_py' build argument 'cmake_args' from command line to 'None'
[0.250s] [34mcolcon.colcon_core.verb[0m [1;30mLevel 5[0m set package 'serial_communicator_py' build argument 'cmake_target' from command line to 'None'
[0.250s] [34mcolcon.colcon_core.verb[0m [1;30mLevel 5[0m set package 'serial_communicator_py' build argument 'cmake_target_skip_unavailable' from command line to 'False'
[0.250s] [34mcolcon.colcon_core.verb[0m [1;30mLevel 5[0m set package 'serial_communicator_py' build argument 'cmake_clean_cache' from command line to 'False'
[0.250s] [34mcolcon.colcon_core.verb[0m [1;30mLevel 5[0m set package 'serial_communicator_py' build argument 'cmake_clean_first' from command line to 'False'
[0.250s] [34mcolcon.colcon_core.verb[0m [1;30mLevel 5[0m set package 'serial_communicator_py' build argument 'cmake_force_configure' from command line to 'False'
[0.250s] [34mcolcon.colcon_core.verb[0m [1;30mLevel 5[0m set package 'serial_communicator_py' build argument 'ament_cmake_args' from command line to 'None'
[0.250s] [34mcolcon.colcon_core.verb[0m [1;30mLevel 5[0m set package 'serial_communicator_py' build argument 'catkin_cmake_args' from command line to 'None'
[0.250s] [34mcolcon.colcon_core.verb[0m [1;30mLevel 5[0m set package 'serial_communicator_py' build argument 'catkin_skip_building_tests' from command line to 'False'
[0.250s] [34mcolcon.colcon_core.verb[0m [1;30mDEBUG[0m [32mBuilding package 'serial_communicator_py' with the following arguments: {'ament_cmake_args': None, 'build_base': '/Users/fergusproctor/dev/SLAM-robot/ros2_ws/build/serial_communicator_py', 'catkin_cmake_args': None, 'catkin_skip_building_tests': False, 'cmake_args': None, 'cmake_clean_cache': False, 'cmake_clean_first': False, 'cmake_force_configure': False, 'cmake_target': None, 'cmake_target_skip_unavailable': False, 'install_base': '/Users/fergusproctor/dev/SLAM-robot/ros2_ws/install/serial_communicator_py', 'merge_install': False, 'path': '/Users/fergusproctor/dev/SLAM-robot/ros2_ws/src/serial_communicator_py', 'symlink_install': False, 'test_result_base': None}[0m
[0.250s] [34mcolcon.colcon_core.verb[0m [1;30mLevel 5[0m set package 'turtlesim' build argument 'cmake_args' from command line to 'None'
[0.250s] [34mcolcon.colcon_core.verb[0m [1;30mLevel 5[0m set package 'turtlesim' build argument 'cmake_target' from command line to 'None'
[0.250s] [34mcolcon.colcon_core.verb[0m [1;30mLevel 5[0m set package 'turtlesim' build argument 'cmake_target_skip_unavailable' from command line to 'False'
[0.250s] [34mcolcon.colcon_core.verb[0m [1;30mLevel 5[0m set package 'turtlesim' build argument 'cmake_clean_cache' from command line to 'False'
[0.250s] [34mcolcon.colcon_core.verb[0m [1;30mLevel 5[0m set package 'turtlesim' build argument 'cmake_clean_first' from command line to 'False'
[0.250s] [34mcolcon.colcon_core.verb[0m [1;30mLevel 5[0m set package 'turtlesim' build argument 'cmake_force_configure' from command line to 'False'
[0.250s] [34mcolcon.colcon_core.verb[0m [1;30mLevel 5[0m set package 'turtlesim' build argument 'ament_cmake_args' from command line to 'None'
[0.250s] [34mcolcon.colcon_core.verb[0m [1;30mLevel 5[0m set package 'turtlesim' build argument 'catkin_cmake_args' from command line to 'None'
[0.250s] [34mcolcon.colcon_core.verb[0m [1;30mLevel 5[0m set package 'turtlesim' build argument 'catkin_skip_building_tests' from command line to 'False'
[0.250s] [34mcolcon.colcon_core.verb[0m [1;30mDEBUG[0m [32mBuilding package 'turtlesim' with the following arguments: {'ament_cmake_args': None, 'build_base': '/Users/fergusproctor/dev/SLAM-robot/ros2_ws/build/turtlesim', 'catkin_cmake_args': None, 'catkin_skip_building_tests': False, 'cmake_args': None, 'cmake_clean_cache': False, 'cmake_clean_first': False, 'cmake_force_configure': False, 'cmake_target': None, 'cmake_target_skip_unavailable': False, 'install_base': '/Users/fergusproctor/dev/SLAM-robot/ros2_ws/install/turtlesim', 'merge_install': False, 'path': '/Users/fergusproctor/dev/SLAM-robot/ros2_ws/src/turtlesim', 'symlink_install': False, 'test_result_base': None}[0m
[0.250s] [34mcolcon.colcon_core.executor[0m [1;30mINFO[0m Executing jobs using 'parallel' executor
[0.250s] [34mcolcon.colcon_parallel_executor.executor.parallel[0m [1;30mDEBUG[0m [32mrun_until_complete[0m
[0.251s] [34mcolcon.colcon_ros.task.ament_cmake.build[0m [1;30mINFO[0m Building ROS package in '/Users/fergusproctor/dev/SLAM-robot/ros2_ws/src/my_serial_communicator_cpp' with build type 'ament_cmake'
[0.251s] [34mcolcon.colcon_cmake.task.cmake.build[0m [1;30mINFO[0m Building CMake package in '/Users/fergusproctor/dev/SLAM-robot/ros2_ws/src/my_serial_communicator_cpp'
[0.253s] [34mcolcon.colcon_core.plugin_system[0m [1;30mINFO[0m Skipping extension 'colcon_core.shell.bat': Not used on non-Windows systems
[0.253s] [34mcolcon.colcon_core.shell[0m [1;30mINFO[0m Skip shell extension 'powershell' for command environment: Not usable outside of PowerShell
[0.253s] [34mcolcon.colcon_core.shell[0m [1;30mDEBUG[0m [32mSkip shell extension 'dsv' for command environment[0m
[0.258s] [34mcolcon.colcon_ros.task.ament_cmake.build[0m [1;30mINFO[0m Building ROS package in '/Users/fergusproctor/dev/SLAM-robot/ros2_ws/src/serial_communicator' with build type 'ament_cmake'
[0.259s] [34mcolcon.colcon_cmake.task.cmake.build[0m [1;30mINFO[0m Building CMake package in '/Users/fergusproctor/dev/SLAM-robot/ros2_ws/src/serial_communicator'
[0.259s] [34mcolcon.colcon_core.shell[0m [1;30mINFO[0m Skip shell extension 'powershell' for command environment: Not usable outside of PowerShell
[0.259s] [34mcolcon.colcon_core.shell[0m [1;30mDEBUG[0m [32mSkip shell extension 'dsv' for command environment[0m
[0.262s] [34mcolcon.colcon_ros.task.ament_python.build[0m [1;30mINFO[0m Building ROS package in '/Users/fergusproctor/dev/SLAM-robot/ros2_ws/src/serial_communicator_py' with build type 'ament_python'
[0.262s] [34mcolcon.colcon_core.shell[0m [1;30mLevel 1[0m create_environment_hook('serial_communicator_py', 'ament_prefix_path')
[0.263s] [34mcolcon.colcon_core.shell[0m [1;30mINFO[0m Creating environment hook '/Users/fergusproctor/dev/SLAM-robot/ros2_ws/install/serial_communicator_py/share/serial_communicator_py/hook/ament_prefix_path.ps1'
[0.263s] [34mcolcon.colcon_core.shell[0m [1;30mINFO[0m Creating environment descriptor '/Users/fergusproctor/dev/SLAM-robot/ros2_ws/install/serial_communicator_py/share/serial_communicator_py/hook/ament_prefix_path.dsv'
[0.264s] [34mcolcon.colcon_core.shell[0m [1;30mINFO[0m Creating environment hook '/Users/fergusproctor/dev/SLAM-robot/ros2_ws/install/serial_communicator_py/share/serial_communicator_py/hook/ament_prefix_path.sh'
[0.264s] [34mcolcon.colcon_core.shell[0m [1;30mINFO[0m Skip shell extension 'powershell' for command environment: Not usable outside of PowerShell
[0.264s] [34mcolcon.colcon_core.shell[0m [1;30mDEBUG[0m [32mSkip shell extension 'dsv' for command environment[0m
[0.267s] [34mcolcon.colcon_ros.task.ament_cmake.build[0m [1;30mINFO[0m Building ROS package in '/Users/fergusproctor/dev/SLAM-robot/ros2_ws/src/turtlesim' with build type 'ament_cmake'
[0.268s] [34mcolcon.colcon_cmake.task.cmake.build[0m [1;30mINFO[0m Building CMake package in '/Users/fergusproctor/dev/SLAM-robot/ros2_ws/src/turtlesim'
[0.268s] [34mcolcon.colcon_core.shell[0m [1;30mINFO[0m Skip shell extension 'powershell' for command environment: Not usable outside of PowerShell
[0.268s] [34mcolcon.colcon_core.shell[0m [1;30mDEBUG[0m [32mSkip shell extension 'dsv' for command environment[0m
[0.277s] [34mcolcon.colcon_core.event_handler.log_command[0m [1;30mDEBUG[0m [32mInvoking command in '/Users/fergusproctor/dev/SLAM-robot/ros2_ws/build/my_serial_communicator_cpp': CMAKE_PREFIX_PATH=${CMAKE_PREFIX_PATH}:/Users/fergusproctor/miniforge3/envs/ros_env CONDA_PROMPT_MODIFIER=(ros_env) SHLVL=2 _=/Users/fergusproctor/miniforge3/envs/ros_env/bin/env __CF_USER_TEXT_ENCODING=0x1F5:0x0:0x0 /Users/fergusproctor/miniforge3/envs/ros_env/bin/cmake /Users/fergusproctor/dev/SLAM-robot/ros2_ws/src/my_serial_communicator_cpp -DCMAKE_INSTALL_PREFIX=/Users/fergusproctor/dev/SLAM-robot/ros2_ws/install/my_serial_communicator_cpp[0m
[0.282s] [34mcolcon.colcon_core.event_handler.log_command[0m [1;30mDEBUG[0m [32mInvoking command in '/Users/fergusproctor/dev/SLAM-robot/ros2_ws/build/serial_communicator': CMAKE_PREFIX_PATH=${CMAKE_PREFIX_PATH}:/Users/fergusproctor/miniforge3/envs/ros_env CONDA_PROMPT_MODIFIER=(ros_env) SHLVL=2 _=/Users/fergusproctor/miniforge3/envs/ros_env/bin/env __CF_USER_TEXT_ENCODING=0x1F5:0x0:0x0 /Users/fergusproctor/miniforge3/envs/ros_env/bin/cmake /Users/fergusproctor/dev/SLAM-robot/ros2_ws/src/serial_communicator -DCMAKE_INSTALL_PREFIX=/Users/fergusproctor/dev/SLAM-robot/ros2_ws/install/serial_communicator[0m
[0.449s] [34mcolcon.colcon_core.task.python.build[0m [1;30mINFO[0m Building Python package in '/Users/fergusproctor/dev/SLAM-robot/ros2_ws/src/serial_communicator_py'
[0.450s] [34mcolcon.colcon_core.shell[0m [1;30mINFO[0m Skip shell extension 'powershell' for command environment: Not usable outside of PowerShell
[0.450s] [34mcolcon.colcon_core.shell[0m [1;30mDEBUG[0m [32mSkip shell extension 'dsv' for command environment[0m
[0.460s] [34mcolcon.colcon_core.event_handler.log_command[0m [1;30mDEBUG[0m [32mInvoking command in '/Users/fergusproctor/dev/SLAM-robot/ros2_ws/build/turtlesim': CMAKE_PREFIX_PATH=${CMAKE_PREFIX_PATH}:/Users/fergusproctor/miniforge3/envs/ros_env CONDA_PROMPT_MODIFIER=(ros_env) SHLVL=2 _=/Users/fergusproctor/miniforge3/envs/ros_env/bin/env __CF_USER_TEXT_ENCODING=0x1F5:0x0:0x0 /Users/fergusproctor/miniforge3/envs/ros_env/bin/cmake --build /Users/fergusproctor/dev/SLAM-robot/ros2_ws/build/turtlesim -- -j8 -l8[0m
[0.876s] [34mcolcon.colcon_core.event_handler.log_command[0m [1;30mDEBUG[0m [32mInvoked command in '/Users/fergusproctor/dev/SLAM-robot/ros2_ws/build/turtlesim' returned '0': CMAKE_PREFIX_PATH=${CMAKE_PREFIX_PATH}:/Users/fergusproctor/miniforge3/envs/ros_env CONDA_PROMPT_MODIFIER=(ros_env) SHLVL=2 _=/Users/fergusproctor/miniforge3/envs/ros_env/bin/env __CF_USER_TEXT_ENCODING=0x1F5:0x0:0x0 /Users/fergusproctor/miniforge3/envs/ros_env/bin/cmake --build /Users/fergusproctor/dev/SLAM-robot/ros2_ws/build/turtlesim -- -j8 -l8[0m
[0.972s] [34mcolcon.colcon_core.event_handler.log_command[0m [1;30mDEBUG[0m [32mInvoking command in '/Users/fergusproctor/dev/SLAM-robot/ros2_ws/src/serial_communicator_py': CONDA_PROMPT_MODIFIER=(ros_env) PYTHONPATH=/Users/fergusproctor/dev/SLAM-robot/ros2_ws/build/serial_communicator_py/prefix_override:/Users/fergusproctor/miniforge3/envs/ros_env/lib/python3.11/site-packages/colcon_core/task/python/colcon_distutils_commands:/Users/fergusproctor/dev/SLAM-robot/ros2_ws/install/serial_communicator_py/lib/python3.11/site-packages:${PYTHONPATH} SHLVL=2 _=/Users/fergusproctor/miniforge3/envs/ros_env/bin/env __CF_USER_TEXT_ENCODING=0x1F5:0x0:0x0 /Users/fergusproctor/miniforge3/envs/ros_env/bin/python3.11 -W ignore:setup.py install is deprecated setup.py egg_info --egg-base ../../build/serial_communicator_py build --build-base /Users/fergusproctor/dev/SLAM-robot/ros2_ws/build/serial_communicator_py/build install --record /Users/fergusproctor/dev/SLAM-robot/ros2_ws/build/serial_communicator_py/install.log --single-version-externally-managed install_data[0m
[1.637s] [34mcolcon.colcon_core.event_handler.log_command[0m [1;30mDEBUG[0m [32mInvoked command in '/Users/fergusproctor/dev/SLAM-robot/ros2_ws/src/serial_communicator_py' returned '0': CONDA_PROMPT_MODIFIER=(ros_env) PYTHONPATH=/Users/fergusproctor/dev/SLAM-robot/ros2_ws/build/serial_communicator_py/prefix_override:/Users/fergusproctor/miniforge3/envs/ros_env/lib/python3.11/site-packages/colcon_core/task/python/colcon_distutils_commands:/Users/fergusproctor/dev/SLAM-robot/ros2_ws/install/serial_communicator_py/lib/python3.11/site-packages:${PYTHONPATH} SHLVL=2 _=/Users/fergusproctor/miniforge3/envs/ros_env/bin/env __CF_USER_TEXT_ENCODING=0x1F5:0x0:0x0 /Users/fergusproctor/miniforge3/envs/ros_env/bin/python3.11 -W ignore:setup.py install is deprecated setup.py egg_info --egg-base ../../build/serial_communicator_py build --build-base /Users/fergusproctor/dev/SLAM-robot/ros2_ws/build/serial_communicator_py/build install --record /Users/fergusproctor/dev/SLAM-robot/ros2_ws/build/serial_communicator_py/install.log --single-version-externally-managed install_data[0m
[1.640s] [34mcolcon.colcon_core.environment[0m [1;30mLevel 1[0m checking '/Users/fergusproctor/dev/SLAM-robot/ros2_ws/install/serial_communicator_py' for CMake module files
[1.641s] [34mcolcon.colcon_core.environment[0m [1;30mLevel 1[0m checking '/Users/fergusproctor/dev/SLAM-robot/ros2_ws/install/serial_communicator_py' for CMake config files
[1.641s] [34mcolcon.colcon_core.environment[0m [1;30mLevel 1[0m checking '/Users/fergusproctor/dev/SLAM-robot/ros2_ws/install/serial_communicator_py/lib'
[1.641s] [34mcolcon.colcon_core.environment[0m [1;30mLevel 1[0m checking '/Users/fergusproctor/dev/SLAM-robot/ros2_ws/install/serial_communicator_py/bin'
[1.641s] [34mcolcon.colcon_core.environment[0m [1;30mLevel 1[0m checking '/Users/fergusproctor/dev/SLAM-robot/ros2_ws/install/serial_communicator_py/lib/pkgconfig/serial_communicator_py.pc'
[1.642s] [34mcolcon.colcon_core.environment[0m [1;30mLevel 1[0m checking '/Users/fergusproctor/dev/SLAM-robot/ros2_ws/install/serial_communicator_py/lib/python3.11/site-packages'
[1.642s] [34mcolcon.colcon_core.shell[0m [1;30mLevel 1[0m create_environment_hook('serial_communicator_py', 'pythonpath')
[1.642s] [34mcolcon.colcon_core.shell[0m [1;30mINFO[0m Creating environment hook '/Users/fergusproctor/dev/SLAM-robot/ros2_ws/install/serial_communicator_py/share/serial_communicator_py/hook/pythonpath.ps1'
[1.642s] [34mcolcon.colcon_core.shell[0m [1;30mINFO[0m Creating environment descriptor '/Users/fergusproctor/dev/SLAM-robot/ros2_ws/install/serial_communicator_py/share/serial_communicator_py/hook/pythonpath.dsv'
[1.642s] [34mcolcon.colcon_core.shell[0m [1;30mINFO[0m Creating environment hook '/Users/fergusproctor/dev/SLAM-robot/ros2_ws/install/serial_communicator_py/share/serial_communicator_py/hook/pythonpath.sh'
[1.643s] [34mcolcon.colcon_core.environment[0m [1;30mLevel 1[0m checking '/Users/fergusproctor/dev/SLAM-robot/ros2_ws/install/serial_communicator_py/bin'
[1.643s] [34mcolcon.colcon_core.environment[0m [1;30mLevel 1[0m create_environment_scripts_only(serial_communicator_py)
[1.643s] [34mcolcon.colcon_core.shell[0m [1;30mINFO[0m Creating package script '/Users/fergusproctor/dev/SLAM-robot/ros2_ws/install/serial_communicator_py/share/serial_communicator_py/package.ps1'
[1.643s] [34mcolcon.colcon_core.shell[0m [1;30mINFO[0m Creating package descriptor '/Users/fergusproctor/dev/SLAM-robot/ros2_ws/install/serial_communicator_py/share/serial_communicator_py/package.dsv'
[1.644s] [34mcolcon.colcon_core.shell[0m [1;30mINFO[0m Creating package script '/Users/fergusproctor/dev/SLAM-robot/ros2_ws/install/serial_communicator_py/share/serial_communicator_py/package.sh'
[1.644s] [34mcolcon.colcon_core.shell[0m [1;30mINFO[0m Creating package script '/Users/fergusproctor/dev/SLAM-robot/ros2_ws/install/serial_communicator_py/share/serial_communicator_py/package.bash'
[1.645s] [34mcolcon.colcon_core.shell[0m [1;30mINFO[0m Creating package script '/Users/fergusproctor/dev/SLAM-robot/ros2_ws/install/serial_communicator_py/share/serial_communicator_py/package.zsh'
[1.645s] [34mcolcon.colcon_core.environment[0m [1;30mLevel 1[0m create_file_with_runtime_dependencies(/Users/fergusproctor/dev/SLAM-robot/ros2_ws/install/serial_communicator_py/share/colcon-core/packages/serial_communicator_py)
[1.688s] [34mcolcon.colcon_core.event_handler.log_command[0m [1;30mDEBUG[0m [32mInvoking command in '/Users/fergusproctor/dev/SLAM-robot/ros2_ws/build/turtlesim': CMAKE_PREFIX_PATH=${CMAKE_PREFIX_PATH}:/Users/fergusproctor/miniforge3/envs/ros_env CONDA_PROMPT_MODIFIER=(ros_env) SHLVL=2 _=/Users/fergusproctor/miniforge3/envs/ros_env/bin/env __CF_USER_TEXT_ENCODING=0x1F5:0x0:0x0 /Users/fergusproctor/miniforge3/envs/ros_env/bin/cmake --install /Users/fergusproctor/dev/SLAM-robot/ros2_ws/build/turtlesim[0m
[1.834s] [34mcolcon.colcon_core.environment[0m [1;30mLevel 1[0m create_environment_scripts_only(turtlesim)
[1.834s] [34mcolcon.colcon_core.environment[0m [1;30mLevel 1[0m checking '/Users/fergusproctor/dev/SLAM-robot/ros2_ws/install/turtlesim' for CMake module files
[1.834s] [34mcolcon.colcon_core.event_handler.log_command[0m [1;30mDEBUG[0m [32mInvoked command in '/Users/fergusproctor/dev/SLAM-robot/ros2_ws/build/turtlesim' returned '0': CMAKE_PREFIX_PATH=${CMAKE_PREFIX_PATH}:/Users/fergusproctor/miniforge3/envs/ros_env CONDA_PROMPT_MODIFIER=(ros_env) SHLVL=2 _=/Users/fergusproctor/miniforge3/envs/ros_env/bin/env __CF_USER_TEXT_ENCODING=0x1F5:0x0:0x0 /Users/fergusproctor/miniforge3/envs/ros_env/bin/cmake --install /Users/fergusproctor/dev/SLAM-robot/ros2_ws/build/turtlesim[0m
[1.835s] [34mcolcon.colcon_core.environment[0m [1;30mLevel 1[0m checking '/Users/fergusproctor/dev/SLAM-robot/ros2_ws/install/turtlesim' for CMake config files
[1.837s] [34mcolcon.colcon_core.shell[0m [1;30mLevel 1[0m create_environment_hook('turtlesim', 'cmake_prefix_path')
[1.837s] [34mcolcon.colcon_core.shell[0m [1;30mINFO[0m Creating environment hook '/Users/fergusproctor/dev/SLAM-robot/ros2_ws/install/turtlesim/share/turtlesim/hook/cmake_prefix_path.ps1'
[1.838s] [34mcolcon.colcon_core.shell[0m [1;30mINFO[0m Creating environment descriptor '/Users/fergusproctor/dev/SLAM-robot/ros2_ws/install/turtlesim/share/turtlesim/hook/cmake_prefix_path.dsv'
[1.838s] [34mcolcon.colcon_core.shell[0m [1;30mINFO[0m Creating environment hook '/Users/fergusproctor/dev/SLAM-robot/ros2_ws/install/turtlesim/share/turtlesim/hook/cmake_prefix_path.sh'
[1.838s] [34mcolcon.colcon_core.environment[0m [1;30mLevel 1[0m checking '/Users/fergusproctor/dev/SLAM-robot/ros2_ws/install/turtlesim/lib'
[1.838s] [34mcolcon.colcon_core.shell[0m [1;30mLevel 1[0m create_environment_hook('turtlesim', 'dyld_library_path')
[1.838s] [34mcolcon.colcon_core.shell[0m [1;30mINFO[0m Creating environment hook '/Users/fergusproctor/dev/SLAM-robot/ros2_ws/install/turtlesim/share/turtlesim/hook/dyld_library_path.ps1'
[1.839s] [34mcolcon.colcon_core.shell[0m [1;30mINFO[0m Creating environment descriptor '/Users/fergusproctor/dev/SLAM-robot/ros2_ws/install/turtlesim/share/turtlesim/hook/dyld_library_path.dsv'
[1.839s] [34mcolcon.colcon_core.shell[0m [1;30mINFO[0m Creating environment hook '/Users/fergusproctor/dev/SLAM-robot/ros2_ws/install/turtlesim/share/turtlesim/hook/dyld_library_path.sh'
[1.839s] [34mcolcon.colcon_core.environment[0m [1;30mLevel 1[0m checking '/Users/fergusproctor/dev/SLAM-robot/ros2_ws/install/turtlesim/bin'
[1.839s] [34mcolcon.colcon_core.environment[0m [1;30mLevel 1[0m checking '/Users/fergusproctor/dev/SLAM-robot/ros2_ws/install/turtlesim/lib/pkgconfig/turtlesim.pc'
[1.839s] [34mcolcon.colcon_core.environment[0m [1;30mLevel 1[0m checking '/Users/fergusproctor/dev/SLAM-robot/ros2_ws/install/turtlesim/lib/python3.11/site-packages'
[1.839s] [34mcolcon.colcon_core.environment[0m [1;30mLevel 1[0m checking '/Users/fergusproctor/dev/SLAM-robot/ros2_ws/install/turtlesim/bin'
[1.840s] [34mcolcon.colcon_core.shell[0m [1;30mINFO[0m Creating package script '/Users/fergusproctor/dev/SLAM-robot/ros2_ws/install/turtlesim/share/turtlesim/package.ps1'
[1.840s] [34mcolcon.colcon_core.shell[0m [1;30mINFO[0m Creating package descriptor '/Users/fergusproctor/dev/SLAM-robot/ros2_ws/install/turtlesim/share/turtlesim/package.dsv'
[1.840s] [34mcolcon.colcon_core.shell[0m [1;30mINFO[0m Creating package script '/Users/fergusproctor/dev/SLAM-robot/ros2_ws/install/turtlesim/share/turtlesim/package.sh'
[1.840s] [34mcolcon.colcon_core.shell[0m [1;30mINFO[0m Creating package script '/Users/fergusproctor/dev/SLAM-robot/ros2_ws/install/turtlesim/share/turtlesim/package.bash'
[1.840s] [34mcolcon.colcon_core.shell[0m [1;30mINFO[0m Creating package script '/Users/fergusproctor/dev/SLAM-robot/ros2_ws/install/turtlesim/share/turtlesim/package.zsh'
[1.841s] [34mcolcon.colcon_core.environment[0m [1;30mLevel 1[0m create_file_with_runtime_dependencies(/Users/fergusproctor/dev/SLAM-robot/ros2_ws/install/turtlesim/share/colcon-core/packages/turtlesim)
[2.548s] [34mcolcon.colcon_core.environment[0m [1;30mLevel 1[0m create_environment_scripts_only(turtlesim)
[2.549s] [34mcolcon.colcon_core.environment[0m [1;30mLevel 1[0m checking '/Users/fergusproctor/dev/SLAM-robot/ros2_ws/install/turtlesim' for CMake module files
[2.549s] [34mcolcon.colcon_core.environment[0m [1;30mLevel 1[0m checking '/Users/fergusproctor/dev/SLAM-robot/ros2_ws/install/turtlesim' for CMake config files
[2.550s] [34mcolcon.colcon_core.shell[0m [1;30mLevel 1[0m create_environment_hook('turtlesim', 'cmake_prefix_path')
[2.550s] [34mcolcon.colcon_core.shell[0m [1;30mINFO[0m Creating environment hook '/Users/fergusproctor/dev/SLAM-robot/ros2_ws/install/turtlesim/share/turtlesim/hook/cmake_prefix_path.ps1'
[2.550s] [34mcolcon.colcon_core.shell[0m [1;30mINFO[0m Creating environment descriptor '/Users/fergusproctor/dev/SLAM-robot/ros2_ws/install/turtlesim/share/turtlesim/hook/cmake_prefix_path.dsv'
[2.550s] [34mcolcon.colcon_core.shell[0m [1;30mINFO[0m Creating environment hook '/Users/fergusproctor/dev/SLAM-robot/ros2_ws/install/turtlesim/share/turtlesim/hook/cmake_prefix_path.sh'
[2.551s] [34mcolcon.colcon_core.environment[0m [1;30mLevel 1[0m checking '/Users/fergusproctor/dev/SLAM-robot/ros2_ws/install/turtlesim/lib'
[2.551s] [34mcolcon.colcon_core.shell[0m [1;30mLevel 1[0m create_environment_hook('turtlesim', 'dyld_library_path')
[2.551s] [34mcolcon.colcon_core.shell[0m [1;30mINFO[0m Creating environment hook '/Users/fergusproctor/dev/SLAM-robot/ros2_ws/install/turtlesim/share/turtlesim/hook/dyld_library_path.ps1'
[2.551s] [34mcolcon.colcon_core.shell[0m [1;30mINFO[0m Creating environment descriptor '/Users/fergusproctor/dev/SLAM-robot/ros2_ws/install/turtlesim/share/turtlesim/hook/dyld_library_path.dsv'
[2.551s] [34mcolcon.colcon_core.shell[0m [1;30mINFO[0m Creating environment hook '/Users/fergusproctor/dev/SLAM-robot/ros2_ws/install/turtlesim/share/turtlesim/hook/dyld_library_path.sh'
[2.551s] [34mcolcon.colcon_core.environment[0m [1;30mLevel 1[0m checking '/Users/fergusproctor/dev/SLAM-robot/ros2_ws/install/turtlesim/bin'
[2.551s] [34mcolcon.colcon_core.environment[0m [1;30mLevel 1[0m checking '/Users/fergusproctor/dev/SLAM-robot/ros2_ws/install/turtlesim/lib/pkgconfig/turtlesim.pc'
[2.552s] [34mcolcon.colcon_core.environment[0m [1;30mLevel 1[0m checking '/Users/fergusproctor/dev/SLAM-robot/ros2_ws/install/turtlesim/lib/python3.11/site-packages'
[2.552s] [34mcolcon.colcon_core.environment[0m [1;30mLevel 1[0m checking '/Users/fergusproctor/dev/SLAM-robot/ros2_ws/install/turtlesim/bin'
[2.552s] [34mcolcon.colcon_core.shell[0m [1;30mINFO[0m Creating package script '/Users/fergusproctor/dev/SLAM-robot/ros2_ws/install/turtlesim/share/turtlesim/package.ps1'
[2.552s] [34mcolcon.colcon_core.shell[0m [1;30mINFO[0m Creating package descriptor '/Users/fergusproctor/dev/SLAM-robot/ros2_ws/install/turtlesim/share/turtlesim/package.dsv'
[2.552s] [34mcolcon.colcon_core.shell[0m [1;30mINFO[0m Creating package script '/Users/fergusproctor/dev/SLAM-robot/ros2_ws/install/turtlesim/share/turtlesim/package.sh'
[2.553s] [34mcolcon.colcon_core.shell[0m [1;30mINFO[0m Creating package script '/Users/fergusproctor/dev/SLAM-robot/ros2_ws/install/turtlesim/share/turtlesim/package.bash'
[2.553s] [34mcolcon.colcon_core.shell[0m [1;30mINFO[0m Creating package script '/Users/fergusproctor/dev/SLAM-robot/ros2_ws/install/turtlesim/share/turtlesim/package.zsh'
[2.553s] [34mcolcon.colcon_core.environment[0m [1;30mLevel 1[0m create_file_with_runtime_dependencies(/Users/fergusproctor/dev/SLAM-robot/ros2_ws/install/turtlesim/share/colcon-core/packages/turtlesim)
[4.911s] [34mcolcon.colcon_core.event_handler.log_command[0m [1;30mDEBUG[0m [32mInvoked command in '/Users/fergusproctor/dev/SLAM-robot/ros2_ws/build/my_serial_communicator_cpp' returned '0': CMAKE_PREFIX_PATH=${CMAKE_PREFIX_PATH}:/Users/fergusproctor/miniforge3/envs/ros_env CONDA_PROMPT_MODIFIER=(ros_env) SHLVL=2 _=/Users/fergusproctor/miniforge3/envs/ros_env/bin/env __CF_USER_TEXT_ENCODING=0x1F5:0x0:0x0 /Users/fergusproctor/miniforge3/envs/ros_env/bin/cmake /Users/fergusproctor/dev/SLAM-robot/ros2_ws/src/my_serial_communicator_cpp -DCMAKE_INSTALL_PREFIX=/Users/fergusproctor/dev/SLAM-robot/ros2_ws/install/my_serial_communicator_cpp[0m
[4.914s] [34mcolcon.colcon_core.event_handler.log_command[0m [1;30mDEBUG[0m [32mInvoking command in '/Users/fergusproctor/dev/SLAM-robot/ros2_ws/build/my_serial_communicator_cpp': CMAKE_PREFIX_PATH=${CMAKE_PREFIX_PATH}:/Users/fergusproctor/miniforge3/envs/ros_env CONDA_PROMPT_MODIFIER=(ros_env) SHLVL=2 _=/Users/fergusproctor/miniforge3/envs/ros_env/bin/env __CF_USER_TEXT_ENCODING=0x1F5:0x0:0x0 /Users/fergusproctor/miniforge3/envs/ros_env/bin/cmake --build /Users/fergusproctor/dev/SLAM-robot/ros2_ws/build/my_serial_communicator_cpp -- -j8 -l8[0m
[4.931s] [34mcolcon.colcon_core.event_handler.log_command[0m [1;30mDEBUG[0m [32mInvoked command in '/Users/fergusproctor/dev/SLAM-robot/ros2_ws/build/serial_communicator' returned '0': CMAKE_PREFIX_PATH=${CMAKE_PREFIX_PATH}:/Users/fergusproctor/miniforge3/envs/ros_env CONDA_PROMPT_MODIFIER=(ros_env) SHLVL=2 _=/Users/fergusproctor/miniforge3/envs/ros_env/bin/env __CF_USER_TEXT_ENCODING=0x1F5:0x0:0x0 /Users/fergusproctor/miniforge3/envs/ros_env/bin/cmake /Users/fergusproctor/dev/SLAM-robot/ros2_ws/src/serial_communicator -DCMAKE_INSTALL_PREFIX=/Users/fergusproctor/dev/SLAM-robot/ros2_ws/install/serial_communicator[0m
[4.933s] [34mcolcon.colcon_core.event_handler.log_command[0m [1;30mDEBUG[0m [32mInvoking command in '/Users/fergusproctor/dev/SLAM-robot/ros2_ws/build/serial_communicator': CMAKE_PREFIX_PATH=${CMAKE_PREFIX_PATH}:/Users/fergusproctor/miniforge3/envs/ros_env CONDA_PROMPT_MODIFIER=(ros_env) SHLVL=2 _=/Users/fergusproctor/miniforge3/envs/ros_env/bin/env __CF_USER_TEXT_ENCODING=0x1F5:0x0:0x0 /Users/fergusproctor/miniforge3/envs/ros_env/bin/cmake --build /Users/fergusproctor/dev/SLAM-robot/ros2_ws/build/serial_communicator -- -j8 -l8[0m
[8.041s] [34mcolcon.colcon_core.event_handler.log_command[0m [1;30mDEBUG[0m [32mInvoked command in '/Users/fergusproctor/dev/SLAM-robot/ros2_ws/build/my_serial_communicator_cpp' returned '0': CMAKE_PREFIX_PATH=${CMAKE_PREFIX_PATH}:/Users/fergusproctor/miniforge3/envs/ros_env CONDA_PROMPT_MODIFIER=(ros_env) SHLVL=2 _=/Users/fergusproctor/miniforge3/envs/ros_env/bin/env __CF_USER_TEXT_ENCODING=0x1F5:0x0:0x0 /Users/fergusproctor/miniforge3/envs/ros_env/bin/cmake --build /Users/fergusproctor/dev/SLAM-robot/ros2_ws/build/my_serial_communicator_cpp -- -j8 -l8[0m
[8.118s] [34mcolcon.colcon_core.event_handler.log_command[0m [1;30mDEBUG[0m [32mInvoking command in '/Users/fergusproctor/dev/SLAM-robot/ros2_ws/build/my_serial_communicator_cpp': CMAKE_PREFIX_PATH=${CMAKE_PREFIX_PATH}:/Users/fergusproctor/miniforge3/envs/ros_env CONDA_PROMPT_MODIFIER=(ros_env) SHLVL=2 _=/Users/fergusproctor/miniforge3/envs/ros_env/bin/env __CF_USER_TEXT_ENCODING=0x1F5:0x0:0x0 /Users/fergusproctor/miniforge3/envs/ros_env/bin/cmake --install /Users/fergusproctor/dev/SLAM-robot/ros2_ws/build/my_serial_communicator_cpp[0m
[8.137s] [34mcolcon.colcon_core.environment[0m [1;30mLevel 1[0m create_environment_scripts_only(my_serial_communicator_cpp)
[8.137s] [34mcolcon.colcon_core.environment[0m [1;30mLevel 1[0m checking '/Users/fergusproctor/dev/SLAM-robot/ros2_ws/install/my_serial_communicator_cpp' for CMake module files
[8.137s] [34mcolcon.colcon_core.event_handler.log_command[0m [1;30mDEBUG[0m [32mInvoked command in '/Users/fergusproctor/dev/SLAM-robot/ros2_ws/build/my_serial_communicator_cpp' returned '0': CMAKE_PREFIX_PATH=${CMAKE_PREFIX_PATH}:/Users/fergusproctor/miniforge3/envs/ros_env CONDA_PROMPT_MODIFIER=(ros_env) SHLVL=2 _=/Users/fergusproctor/miniforge3/envs/ros_env/bin/env __CF_USER_TEXT_ENCODING=0x1F5:0x0:0x0 /Users/fergusproctor/miniforge3/envs/ros_env/bin/cmake --install /Users/fergusproctor/dev/SLAM-robot/ros2_ws/build/my_serial_communicator_cpp[0m
[8.137s] [34mcolcon.colcon_core.environment[0m [1;30mLevel 1[0m checking '/Users/fergusproctor/dev/SLAM-robot/ros2_ws/install/my_serial_communicator_cpp' for CMake config files
[8.138s] [34mcolcon.colcon_core.shell[0m [1;30mLevel 1[0m create_environment_hook('my_serial_communicator_cpp', 'cmake_prefix_path')
[8.138s] [34mcolcon.colcon_core.shell[0m [1;30mINFO[0m Creating environment hook '/Users/fergusproctor/dev/SLAM-robot/ros2_ws/install/my_serial_communicator_cpp/share/my_serial_communicator_cpp/hook/cmake_prefix_path.ps1'
[8.138s] [34mcolcon.colcon_core.shell[0m [1;30mINFO[0m Creating environment descriptor '/Users/fergusproctor/dev/SLAM-robot/ros2_ws/install/my_serial_communicator_cpp/share/my_serial_communicator_cpp/hook/cmake_prefix_path.dsv'
[8.139s] [34mcolcon.colcon_core.shell[0m [1;30mINFO[0m Creating environment hook '/Users/fergusproctor/dev/SLAM-robot/ros2_ws/install/my_serial_communicator_cpp/share/my_serial_communicator_cpp/hook/cmake_prefix_path.sh'
[8.139s] [34mcolcon.colcon_core.environment[0m [1;30mLevel 1[0m checking '/Users/fergusproctor/dev/SLAM-robot/ros2_ws/install/my_serial_communicator_cpp/lib'
[8.139s] [34mcolcon.colcon_core.environment[0m [1;30mLevel 1[0m checking '/Users/fergusproctor/dev/SLAM-robot/ros2_ws/install/my_serial_communicator_cpp/bin'
[8.139s] [34mcolcon.colcon_core.environment[0m [1;30mLevel 1[0m checking '/Users/fergusproctor/dev/SLAM-robot/ros2_ws/install/my_serial_communicator_cpp/lib/pkgconfig/my_serial_communicator_cpp.pc'
[8.139s] [34mcolcon.colcon_core.environment[0m [1;30mLevel 1[0m checking '/Users/fergusproctor/dev/SLAM-robot/ros2_ws/install/my_serial_communicator_cpp/lib/python3.11/site-packages'
[8.139s] [34mcolcon.colcon_core.environment[0m [1;30mLevel 1[0m checking '/Users/fergusproctor/dev/SLAM-robot/ros2_ws/install/my_serial_communicator_cpp/bin'
[8.140s] [34mcolcon.colcon_core.shell[0m [1;30mINFO[0m Creating package script '/Users/fergusproctor/dev/SLAM-robot/ros2_ws/install/my_serial_communicator_cpp/share/my_serial_communicator_cpp/package.ps1'
[8.140s] [34mcolcon.colcon_core.shell[0m [1;30mINFO[0m Creating package descriptor '/Users/fergusproctor/dev/SLAM-robot/ros2_ws/install/my_serial_communicator_cpp/share/my_serial_communicator_cpp/package.dsv'
[8.140s] [34mcolcon.colcon_core.shell[0m [1;30mINFO[0m Creating package script '/Users/fergusproctor/dev/SLAM-robot/ros2_ws/install/my_serial_communicator_cpp/share/my_serial_communicator_cpp/package.sh'
[8.140s] [34mcolcon.colcon_core.shell[0m [1;30mINFO[0m Creating package script '/Users/fergusproctor/dev/SLAM-robot/ros2_ws/install/my_serial_communicator_cpp/share/my_serial_communicator_cpp/package.bash'
[8.141s] [34mcolcon.colcon_core.shell[0m [1;30mINFO[0m Creating package script '/Users/fergusproctor/dev/SLAM-robot/ros2_ws/install/my_serial_communicator_cpp/share/my_serial_communicator_cpp/package.zsh'
[8.141s] [34mcolcon.colcon_core.environment[0m [1;30mLevel 1[0m create_file_with_runtime_dependencies(/Users/fergusproctor/dev/SLAM-robot/ros2_ws/install/my_serial_communicator_cpp/share/colcon-core/packages/my_serial_communicator_cpp)
[8.217s] [34mcolcon.colcon_core.environment[0m [1;30mLevel 1[0m create_environment_scripts_only(my_serial_communicator_cpp)
[8.217s] [34mcolcon.colcon_core.environment[0m [1;30mLevel 1[0m checking '/Users/fergusproctor/dev/SLAM-robot/ros2_ws/install/my_serial_communicator_cpp' for CMake module files
[8.217s] [34mcolcon.colcon_core.environment[0m [1;30mLevel 1[0m checking '/Users/fergusproctor/dev/SLAM-robot/ros2_ws/install/my_serial_communicator_cpp' for CMake config files
[8.217s] [34mcolcon.colcon_core.shell[0m [1;30mLevel 1[0m create_environment_hook('my_serial_communicator_cpp', 'cmake_prefix_path')
[8.217s] [34mcolcon.colcon_core.shell[0m [1;30mINFO[0m Creating environment hook '/Users/fergusproctor/dev/SLAM-robot/ros2_ws/install/my_serial_communicator_cpp/share/my_serial_communicator_cpp/hook/cmake_prefix_path.ps1'
[8.218s] [34mcolcon.colcon_core.shell[0m [1;30mINFO[0m Creating environment descriptor '/Users/fergusproctor/dev/SLAM-robot/ros2_ws/install/my_serial_communicator_cpp/share/my_serial_communicator_cpp/hook/cmake_prefix_path.dsv'
[8.218s] [34mcolcon.colcon_core.shell[0m [1;30mINFO[0m Creating environment hook '/Users/fergusproctor/dev/SLAM-robot/ros2_ws/install/my_serial_communicator_cpp/share/my_serial_communicator_cpp/hook/cmake_prefix_path.sh'
[8.219s] [34mcolcon.colcon_core.environment[0m [1;30mLevel 1[0m checking '/Users/fergusproctor/dev/SLAM-robot/ros2_ws/install/my_serial_communicator_cpp/lib'
[8.219s] [34mcolcon.colcon_core.environment[0m [1;30mLevel 1[0m checking '/Users/fergusproctor/dev/SLAM-robot/ros2_ws/install/my_serial_communicator_cpp/bin'
[8.219s] [34mcolcon.colcon_core.environment[0m [1;30mLevel 1[0m checking '/Users/fergusproctor/dev/SLAM-robot/ros2_ws/install/my_serial_communicator_cpp/lib/pkgconfig/my_serial_communicator_cpp.pc'
[8.219s] [34mcolcon.colcon_core.environment[0m [1;30mLevel 1[0m checking '/Users/fergusproctor/dev/SLAM-robot/ros2_ws/install/my_serial_communicator_cpp/lib/python3.11/site-packages'
[8.219s] [34mcolcon.colcon_core.environment[0m [1;30mLevel 1[0m checking '/Users/fergusproctor/dev/SLAM-robot/ros2_ws/install/my_serial_communicator_cpp/bin'
[8.219s] [34mcolcon.colcon_core.shell[0m [1;30mINFO[0m Creating package script '/Users/fergusproctor/dev/SLAM-robot/ros2_ws/install/my_serial_communicator_cpp/share/my_serial_communicator_cpp/package.ps1'
[8.219s] [34mcolcon.colcon_core.shell[0m [1;30mINFO[0m Creating package descriptor '/Users/fergusproctor/dev/SLAM-robot/ros2_ws/install/my_serial_communicator_cpp/share/my_serial_communicator_cpp/package.dsv'
[8.220s] [34mcolcon.colcon_core.shell[0m [1;30mINFO[0m Creating package script '/Users/fergusproctor/dev/SLAM-robot/ros2_ws/install/my_serial_communicator_cpp/share/my_serial_communicator_cpp/package.sh'
[8.220s] [34mcolcon.colcon_core.shell[0m [1;30mINFO[0m Creating package script '/Users/fergusproctor/dev/SLAM-robot/ros2_ws/install/my_serial_communicator_cpp/share/my_serial_communicator_cpp/package.bash'
[8.220s] [34mcolcon.colcon_core.shell[0m [1;30mINFO[0m Creating package script '/Users/fergusproctor/dev/SLAM-robot/ros2_ws/install/my_serial_communicator_cpp/share/my_serial_communicator_cpp/package.zsh'
[8.220s] [34mcolcon.colcon_core.environment[0m [1;30mLevel 1[0m create_file_with_runtime_dependencies(/Users/fergusproctor/dev/SLAM-robot/ros2_ws/install/my_serial_communicator_cpp/share/colcon-core/packages/my_serial_communicator_cpp)
[10.952s] [34mcolcon.colcon_core.event_handler.log_command[0m [1;30mDEBUG[0m [32mInvoked command in '/Users/fergusproctor/dev/SLAM-robot/ros2_ws/build/serial_communicator' returned '0': CMAKE_PREFIX_PATH=${CMAKE_PREFIX_PATH}:/Users/fergusproctor/miniforge3/envs/ros_env CONDA_PROMPT_MODIFIER=(ros_env) SHLVL=2 _=/Users/fergusproctor/miniforge3/envs/ros_env/bin/env __CF_USER_TEXT_ENCODING=0x1F5:0x0:0x0 /Users/fergusproctor/miniforge3/envs/ros_env/bin/cmake --build /Users/fergusproctor/dev/SLAM-robot/ros2_ws/build/serial_communicator -- -j8 -l8[0m
[11.024s] [34mcolcon.colcon_core.event_handler.log_command[0m [1;30mDEBUG[0m [32mInvoking command in '/Users/fergusproctor/dev/SLAM-robot/ros2_ws/build/serial_communicator': CMAKE_PREFIX_PATH=${CMAKE_PREFIX_PATH}:/Users/fergusproctor/miniforge3/envs/ros_env CONDA_PROMPT_MODIFIER=(ros_env) SHLVL=2 _=/Users/fergusproctor/miniforge3/envs/ros_env/bin/env __CF_USER_TEXT_ENCODING=0x1F5:0x0:0x0 /Users/fergusproctor/miniforge3/envs/ros_env/bin/cmake --install /Users/fergusproctor/dev/SLAM-robot/ros2_ws/build/serial_communicator[0m
[11.040s] [34mcolcon.colcon_core.environment[0m [1;30mLevel 1[0m create_environment_scripts_only(serial_communicator)
[11.040s] [34mcolcon.colcon_core.environment[0m [1;30mLevel 1[0m checking '/Users/fergusproctor/dev/SLAM-robot/ros2_ws/install/serial_communicator' for CMake module files
[11.041s] [34mcolcon.colcon_core.event_handler.log_command[0m [1;30mDEBUG[0m [32mInvoked command in '/Users/fergusproctor/dev/SLAM-robot/ros2_ws/build/serial_communicator' returned '0': CMAKE_PREFIX_PATH=${CMAKE_PREFIX_PATH}:/Users/fergusproctor/miniforge3/envs/ros_env CONDA_PROMPT_MODIFIER=(ros_env) SHLVL=2 _=/Users/fergusproctor/miniforge3/envs/ros_env/bin/env __CF_USER_TEXT_ENCODING=0x1F5:0x0:0x0 /Users/fergusproctor/miniforge3/envs/ros_env/bin/cmake --install /Users/fergusproctor/dev/SLAM-robot/ros2_ws/build/serial_communicator[0m
[11.041s] [34mcolcon.colcon_core.environment[0m [1;30mLevel 1[0m checking '/Users/fergusproctor/dev/SLAM-robot/ros2_ws/install/serial_communicator' for CMake config files
[11.041s] [34mcolcon.colcon_core.shell[0m [1;30mLevel 1[0m create_environment_hook('serial_communicator', 'cmake_prefix_path')
[11.041s] [34mcolcon.colcon_core.shell[0m [1;30mINFO[0m Creating environment hook '/Users/fergusproctor/dev/SLAM-robot/ros2_ws/install/serial_communicator/share/serial_communicator/hook/cmake_prefix_path.ps1'
[11.042s] [34mcolcon.colcon_core.shell[0m [1;30mINFO[0m Creating environment descriptor '/Users/fergusproctor/dev/SLAM-robot/ros2_ws/install/serial_communicator/share/serial_communicator/hook/cmake_prefix_path.dsv'
[11.042s] [34mcolcon.colcon_core.shell[0m [1;30mINFO[0m Creating environment hook '/Users/fergusproctor/dev/SLAM-robot/ros2_ws/install/serial_communicator/share/serial_communicator/hook/cmake_prefix_path.sh'
[11.042s] [34mcolcon.colcon_core.environment[0m [1;30mLevel 1[0m checking '/Users/fergusproctor/dev/SLAM-robot/ros2_ws/install/serial_communicator/lib'
[11.042s] [34mcolcon.colcon_core.environment[0m [1;30mLevel 1[0m checking '/Users/fergusproctor/dev/SLAM-robot/ros2_ws/install/serial_communicator/bin'
[11.042s] [34mcolcon.colcon_core.environment[0m [1;30mLevel 1[0m checking '/Users/fergusproctor/dev/SLAM-robot/ros2_ws/install/serial_communicator/lib/pkgconfig/serial_communicator.pc'
[11.042s] [34mcolcon.colcon_core.environment[0m [1;30mLevel 1[0m checking '/Users/fergusproctor/dev/SLAM-robot/ros2_ws/install/serial_communicator/lib/python3.11/site-packages'
[11.042s] [34mcolcon.colcon_core.environment[0m [1;30mLevel 1[0m checking '/Users/fergusproctor/dev/SLAM-robot/ros2_ws/install/serial_communicator/bin'
[11.043s] [34mcolcon.colcon_core.shell[0m [1;30mINFO[0m Creating package script '/Users/fergusproctor/dev/SLAM-robot/ros2_ws/install/serial_communicator/share/serial_communicator/package.ps1'
[11.043s] [34mcolcon.colcon_core.shell[0m [1;30mINFO[0m Creating package descriptor '/Users/fergusproctor/dev/SLAM-robot/ros2_ws/install/serial_communicator/share/serial_communicator/package.dsv'
[11.043s] [34mcolcon.colcon_core.shell[0m [1;30mINFO[0m Creating package script '/Users/fergusproctor/dev/SLAM-robot/ros2_ws/install/serial_communicator/share/serial_communicator/package.sh'
[11.043s] [34mcolcon.colcon_core.shell[0m [1;30mINFO[0m Creating package script '/Users/fergusproctor/dev/SLAM-robot/ros2_ws/install/serial_communicator/share/serial_communicator/package.bash'
[11.043s] [34mcolcon.colcon_core.shell[0m [1;30mINFO[0m Creating package script '/Users/fergusproctor/dev/SLAM-robot/ros2_ws/install/serial_communicator/share/serial_communicator/package.zsh'
[11.043s] [34mcolcon.colcon_core.environment[0m [1;30mLevel 1[0m create_file_with_runtime_dependencies(/Users/fergusproctor/dev/SLAM-robot/ros2_ws/install/serial_communicator/share/colcon-core/packages/serial_communicator)
[11.116s] [34mcolcon.colcon_core.environment[0m [1;30mLevel 1[0m create_environment_scripts_only(serial_communicator)
[11.116s] [34mcolcon.colcon_core.environment[0m [1;30mLevel 1[0m checking '/Users/fergusproctor/dev/SLAM-robot/ros2_ws/install/serial_communicator' for CMake module files
[11.117s] [34mcolcon.colcon_core.environment[0m [1;30mLevel 1[0m checking '/Users/fergusproctor/dev/SLAM-robot/ros2_ws/install/serial_communicator' for CMake config files
[11.117s] [34mcolcon.colcon_core.shell[0m [1;30mLevel 1[0m create_environment_hook('serial_communicator', 'cmake_prefix_path')
[11.117s] [34mcolcon.colcon_core.shell[0m [1;30mINFO[0m Creating environment hook '/Users/fergusproctor/dev/SLAM-robot/ros2_ws/install/serial_communicator/share/serial_communicator/hook/cmake_prefix_path.ps1'
[11.117s] [34mcolcon.colcon_core.shell[0m [1;30mINFO[0m Creating environment descriptor '/Users/fergusproctor/dev/SLAM-robot/ros2_ws/install/serial_communicator/share/serial_communicator/hook/cmake_prefix_path.dsv'
[11.117s] [34mcolcon.colcon_core.shell[0m [1;30mINFO[0m Creating environment hook '/Users/fergusproctor/dev/SLAM-robot/ros2_ws/install/serial_communicator/share/serial_communicator/hook/cmake_prefix_path.sh'
[11.118s] [34mcolcon.colcon_core.environment[0m [1;30mLevel 1[0m checking '/Users/fergusproctor/dev/SLAM-robot/ros2_ws/install/serial_communicator/lib'
[11.118s] [34mcolcon.colcon_core.environment[0m [1;30mLevel 1[0m checking '/Users/fergusproctor/dev/SLAM-robot/ros2_ws/install/serial_communicator/bin'
[11.118s] [34mcolcon.colcon_core.environment[0m [1;30mLevel 1[0m checking '/Users/fergusproctor/dev/SLAM-robot/ros2_ws/install/serial_communicator/lib/pkgconfig/serial_communicator.pc'
[11.118s] [34mcolcon.colcon_core.environment[0m [1;30mLevel 1[0m checking '/Users/fergusproctor/dev/SLAM-robot/ros2_ws/install/serial_communicator/lib/python3.11/site-packages'
[11.118s] [34mcolcon.colcon_core.environment[0m [1;30mLevel 1[0m checking '/Users/fergusproctor/dev/SLAM-robot/ros2_ws/install/serial_communicator/bin'
[11.118s] [34mcolcon.colcon_core.shell[0m [1;30mINFO[0m Creating package script '/Users/fergusproctor/dev/SLAM-robot/ros2_ws/install/serial_communicator/share/serial_communicator/package.ps1'
[11.118s] [34mcolcon.colcon_core.shell[0m [1;30mINFO[0m Creating package descriptor '/Users/fergusproctor/dev/SLAM-robot/ros2_ws/install/serial_communicator/share/serial_communicator/package.dsv'
[11.119s] [34mcolcon.colcon_core.shell[0m [1;30mINFO[0m Creating package script '/Users/fergusproctor/dev/SLAM-robot/ros2_ws/install/serial_communicator/share/serial_communicator/package.sh'
[11.119s] [34mcolcon.colcon_core.shell[0m [1;30mINFO[0m Creating package script '/Users/fergusproctor/dev/SLAM-robot/ros2_ws/install/serial_communicator/share/serial_communicator/package.bash'
[11.119s] [34mcolcon.colcon_core.shell[0m [1;30mINFO[0m Creating package script '/Users/fergusproctor/dev/SLAM-robot/ros2_ws/install/serial_communicator/share/serial_communicator/package.zsh'
[11.119s] [34mcolcon.colcon_core.environment[0m [1;30mLevel 1[0m create_file_with_runtime_dependencies(/Users/fergusproctor/dev/SLAM-robot/ros2_ws/install/serial_communicator/share/colcon-core/packages/serial_communicator)
[11.119s] [34mcolcon.colcon_parallel_executor.executor.parallel[0m [1;30mDEBUG[0m [32mclosing loop[0m
[11.120s] [34mcolcon.colcon_parallel_executor.executor.parallel[0m [1;30mDEBUG[0m [32mloop closed[0m
[11.120s] [34mcolcon.colcon_parallel_executor.executor.parallel[0m [1;30mDEBUG[0m [32mrun_until_complete finished with '0'[0m
[11.120s] [34mcolcon.colcon_core.event_reactor[0m [1;30mDEBUG[0m [32mjoining thread[0m
[11.122s] [34mcolcon.colcon_core.plugin_system[0m [1;30mINFO[0m Skipping extension 'colcon_notification.desktop_notification.notify2': 'notify2' not found
[11.122s] [34mcolcon.colcon_core.plugin_system[0m [1;30mINFO[0m Skipping extension 'colcon_notification.desktop_notification.notify_send': Not used on non-Linux systems
[11.122s] [34mcolcon.colcon_core.plugin_system[0m [1;30mINFO[0m Skipping extension 'colcon_notification.desktop_notification.win32': Not used on non-Windows systems
[11.122s] [34mcolcon.colcon_notification.desktop_notification[0m [1;30mINFO[0m Sending desktop notification using 'terminal_notifier'
[11.279s] [34mcolcon.colcon_core.event_reactor[0m [1;30mDEBUG[0m [32mjoined thread[0m
[11.280s] [34mcolcon.colcon_core.shell[0m [1;30mINFO[0m Creating prefix script '/Users/fergusproctor/dev/SLAM-robot/ros2_ws/install/local_setup.ps1'
[11.281s] [34mcolcon.colcon_core.shell[0m [1;30mINFO[0m Creating prefix util module '/Users/fergusproctor/dev/SLAM-robot/ros2_ws/install/_local_setup_util_ps1.py'
[11.282s] [34mcolcon.colcon_core.shell[0m [1;30mINFO[0m Creating prefix chain script '/Users/fergusproctor/dev/SLAM-robot/ros2_ws/install/setup.ps1'
[11.282s] [34mcolcon.colcon_core.shell[0m [1;30mINFO[0m Creating prefix script '/Users/fergusproctor/dev/SLAM-robot/ros2_ws/install/local_setup.sh'
[11.283s] [34mcolcon.colcon_core.shell[0m [1;30mINFO[0m Creating prefix util module '/Users/fergusproctor/dev/SLAM-robot/ros2_ws/install/_local_setup_util_sh.py'
[11.283s] [34mcolcon.colcon_core.shell[0m [1;30mINFO[0m Creating prefix chain script '/Users/fergusproctor/dev/SLAM-robot/ros2_ws/install/setup.sh'
[11.284s] [34mcolcon.colcon_core.shell[0m [1;30mINFO[0m Creating prefix script '/Users/fergusproctor/dev/SLAM-robot/ros2_ws/install/local_setup.bash'
[11.285s] [34mcolcon.colcon_core.shell[0m [1;30mINFO[0m Creating prefix chain script '/Users/fergusproctor/dev/SLAM-robot/ros2_ws/install/setup.bash'
[11.285s] [34mcolcon.colcon_core.shell[0m [1;30mINFO[0m Creating prefix script '/Users/fergusproctor/dev/SLAM-robot/ros2_ws/install/local_setup.zsh'
[11.286s] [34mcolcon.colcon_core.shell[0m [1;30mINFO[0m Creating prefix chain script '/Users/fergusproctor/dev/SLAM-robot/ros2_ws/install/setup.zsh'
