-- Selecting Windows SDK version 10.0.19041.0 to target Windows 10.0.19045.
-- The C compiler identification is MSVC 19.29.30154.0
-- The CXX compiler identification is MSVC 19.29.30154.0
-- Detecting C compiler ABI info
-- Detecting C compiler ABI info - done
-- Check for working C compiler: C:/Program Files (x86)/Microsoft Visual Studio/2019/Community/VC/Tools/MSVC/14.29.30133/bin/Hostx64/x64/cl.exe - skipped
-- Detecting C compile features
-- Detecting C compile features - done
-- Detecting CXX compiler ABI info
-- Detecting CXX compiler ABI info - done
-- Check for working CXX compiler: C:/Program Files (x86)/Microsoft Visual Studio/2019/Community/VC/Tools/MSVC/14.29.30133/bin/Hostx64/x64/cl.exe - skipped
-- Detecting CXX compile features
-- Detecting CXX compile features - done
-- Found ament_cmake: 2.7.0 (C:/ros2-package-windows-AMD64/ros2-windows/share/ament_cmake/cmake)
-- Found Python3: C:/Python38/python.exe (found version "3.8.3") found components: Interpreter
-- Override CMake install command with custom implementation using symlinks instead of copying resources
-- Found rclcpp: 28.3.1 (C:/ros2-package-windows-AMD64/ros2-windows/share/rclcpp/cmake)
-- Found rosidl_generator_c: 4.8.1 (C:/ros2-package-windows-AMD64/ros2-windows/share/rosidl_generator_c/cmake)
-- Found rosidl_generator_cpp: 4.8.1 (C:/ros2-package-windows-AMD64/ros2-windows/share/rosidl_generator_cpp/cmake)
-- Using all available rosidl_typesupport_c: rosidl_typesupport_fastrtps_c;rosidl_typesupport_introspection_c
-- Using all available rosidl_typesupport_cpp: rosidl_typesupport_fastrtps_cpp;rosidl_typesupport_introspection_cpp
-- Found rmw_implementation_cmake: 7.4.1 (C:/ros2-package-windows-AMD64/ros2-windows/share/rmw_implementation_cmake/cmake)
-- Found rmw_fastrtps_cpp: 9.0.0 (C:/ros2-package-windows-AMD64/ros2-windows/share/rmw_fastrtps_cpp/cmake)
-- Found OpenSSL: optimized;C:/Program Files/OpenSSL-Win64/lib/VC/libcrypto64MD.lib;debug;C:/Program Files/OpenSSL-Win64/lib/VC/libcrypto64MDd.lib (found version "1.1.1u")
-- Found FastRTPS: C:/ros2-package-windows-AMD64/ros2-windows/include (Required is at least version "2.13")
-- Using RMW implementation 'rmw_fastrtps_cpp' as default
-- Found std_msgs: 5.4.1 (C:/ros2-package-windows-AMD64/ros2-windows/share/std_msgs/cmake)
-- Found ament_lint_auto: 0.18.1 (C:/ros2-package-windows-AMD64/ros2-windows/share/ament_lint_auto/cmake)
-- Added test 'copyright' to check source files copyright and LICENSE
-- Added test 'cppcheck' to perform static code analysis on C / C++ code
-- Configured cppcheck include dirs: C:/Users/felix/dev/SLAM-robot/ros2_ws/src/examples/rclcpp/executors/cbg_executor/include
-- Configured cppcheck exclude dirs and/or files: 
-- Added test 'cpplint' to check C / C++ code against the Google style
-- Configured cpplint exclude dirs and/or files: 
-- Added test 'lint_cmake' to check CMake code style
-- Added test 'uncrustify' to check C / C++ code style
-- Configured uncrustify additional arguments: 
-- Added test 'xmllint' to check XML markup files
-- Configuring done (77.8s)
-- Generating done (3.5s)
-- Build files have been written to: C:/Users/felix/dev/SLAM-robot/ros2_ws/build/examples_rclcpp_cbg_executor
Microsoft (R) Build Engine version 16.11.2+f32259642 for .NET Framework
Copyright (C) Microsoft Corporation. All rights reserved.

  1>Checking Build System
  Building Custom Rule C:/Users/felix/dev/SLAM-robot/ros2_ws/src/examples/rclcpp/executors/cbg_executor/CMakeLists.txt
  ping.cpp
  ping_node.cpp
  ping.vcxproj -> C:\Users\felix\dev\SLAM-robot\ros2_ws\build\examples_rclcpp_cbg_executor\Release\ping.exe
  Building Custom Rule C:/Users/felix/dev/SLAM-robot/ros2_ws/src/examples/rclcpp/executors/cbg_executor/CMakeLists.txt
  ping_pong.cpp
  ping_node.cpp
  pong_node.cpp
  ping_pong.vcxproj -> C:\Users\felix\dev\SLAM-robot\ros2_ws\build\examples_rclcpp_cbg_executor\Release\ping_pong.exe
  Building Custom Rule C:/Users/felix/dev/SLAM-robot/ros2_ws/src/examples/rclcpp/executors/cbg_executor/CMakeLists.txt
  pong.cpp
  pong_node.cpp
  pong.vcxproj -> C:\Users\felix\dev\SLAM-robot\ros2_ws\build\examples_rclcpp_cbg_executor\Release\pong.exe
  Building Custom Rule C:/Users/felix/dev/SLAM-robot/ros2_ws/src/examples/rclcpp/executors/cbg_executor/CMakeLists.txt
