[0.531s] Invoking command in 'C:\Users\felix\dev\SLAM-robot\ros2_ws\build\examples_rclcpp_cbg_executor': C:\Program Files\CMake\bin\cmake.EXE C:\Users\felix\dev\SLAM-robot\ros2_ws\src\examples\rclcpp\executors\cbg_executor -DAMENT_CMAKE_SYMLINK_INSTALL=1 -DCMAKE_INSTALL_PREFIX=C:\Users\felix\dev\SLAM-robot\ros2_ws\install -G Visual Studio 16 2019
[0.922s] -- Selecting Windows SDK version 10.0.19041.0 to target Windows 10.0.19045.
[9.281s] -- The C compiler identification is MSVC 19.29.30154.0
[163.781s] -- The CXX compiler identification is MSVC 19.29.30154.0
[163.797s] -- Detecting C compiler ABI info
[163.797s] -- Detecting C compiler ABI info - done
[163.797s] -- Check for working C compiler: C:/Program Files (x86)/Microsoft Visual Studio/2019/Community/VC/Tools/MSVC/14.29.30133/bin/Hostx64/x64/cl.exe - skipped
[163.797s] -- Detecting C compile features
[163.797s] -- Detecting C compile features - done
[163.797s] -- Detecting CXX compiler ABI info
[163.812s] -- Detecting CXX compiler ABI info - done
[163.812s] -- Check for working CXX compiler: C:/Program Files (x86)/Microsoft Visual Studio/2019/Community/VC/Tools/MSVC/14.29.30133/bin/Hostx64/x64/cl.exe - skipped
[163.812s] -- Detecting CXX compile features
[163.812s] -- Detecting CXX compile features - done
[163.812s] -- Found ament_cmake: 2.7.0 (C:/ros2-package-windows-AMD64/ros2-windows/share/ament_cmake/cmake)
[163.812s] -- Found Python3: C:/Python38/python.exe (found version "3.8.3") found components: Interpreter
[163.812s] -- Override CMake install command with custom implementation using symlinks instead of copying resources
[163.828s] -- Found rclcpp: 28.3.1 (C:/ros2-package-windows-AMD64/ros2-windows/share/rclcpp/cmake)
[163.828s] -- Found rosidl_generator_c: 4.8.1 (C:/ros2-package-windows-AMD64/ros2-windows/share/rosidl_generator_c/cmake)
[163.828s] -- Found rosidl_generator_cpp: 4.8.1 (C:/ros2-package-windows-AMD64/ros2-windows/share/rosidl_generator_cpp/cmake)
[163.828s] -- Using all available rosidl_typesupport_c: rosidl_typesupport_fastrtps_c;rosidl_typesupport_introspection_c
[163.828s] -- Using all available rosidl_typesupport_cpp: rosidl_typesupport_fastrtps_cpp;rosidl_typesupport_introspection_cpp
[163.828s] -- Found rmw_implementation_cmake: 7.4.1 (C:/ros2-package-windows-AMD64/ros2-windows/share/rmw_implementation_cmake/cmake)
[163.828s] -- Found rmw_fastrtps_cpp: 9.0.0 (C:/ros2-package-windows-AMD64/ros2-windows/share/rmw_fastrtps_cpp/cmake)
[163.828s] -- Found OpenSSL: optimized;C:/Program Files/OpenSSL-Win64/lib/VC/libcrypto64MD.lib;debug;C:/Program Files/OpenSSL-Win64/lib/VC/libcrypto64MDd.lib (found version "1.1.1u")
[163.828s] -- Found FastRTPS: C:/ros2-package-windows-AMD64/ros2-windows/include (Required is at least version "2.13")
[163.828s] -- Using RMW implementation 'rmw_fastrtps_cpp' as default
[163.828s] -- Found std_msgs: 5.4.1 (C:/ros2-package-windows-AMD64/ros2-windows/share/std_msgs/cmake)
[163.828s] -- Found ament_lint_auto: 0.18.1 (C:/ros2-package-windows-AMD64/ros2-windows/share/ament_lint_auto/cmake)
[163.828s] -- Added test 'copyright' to check source files copyright and LICENSE
[163.828s] -- Added test 'cppcheck' to perform static code analysis on C / C++ code
[163.828s] -- Configured cppcheck include dirs: C:/Users/felix/dev/SLAM-robot/ros2_ws/src/examples/rclcpp/executors/cbg_executor/include
[163.828s] -- Configured cppcheck exclude dirs and/or files: 
[163.828s] -- Added test 'cpplint' to check C / C++ code against the Google style
[163.828s] -- Configured cpplint exclude dirs and/or files: 
[163.828s] -- Added test 'lint_cmake' to check CMake code style
[163.828s] -- Added test 'uncrustify' to check C / C++ code style
[163.828s] -- Configured uncrustify additional arguments: 
[163.828s] -- Added test 'xmllint' to check XML markup files
[163.828s] -- Configuring done (77.8s)
[163.828s] -- Generating done (3.5s)
[163.828s] -- Build files have been written to: C:/Users/felix/dev/SLAM-robot/ros2_ws/build/examples_rclcpp_cbg_executor
[163.859s] Invoked command in 'C:\Users\felix\dev\SLAM-robot\ros2_ws\build\examples_rclcpp_cbg_executor' returned '0': C:\Program Files\CMake\bin\cmake.EXE C:\Users\felix\dev\SLAM-robot\ros2_ws\src\examples\rclcpp\executors\cbg_executor -DAMENT_CMAKE_SYMLINK_INSTALL=1 -DCMAKE_INSTALL_PREFIX=C:\Users\felix\dev\SLAM-robot\ros2_ws\install -G Visual Studio 16 2019
[163.859s] Invoking command in 'C:\Users\felix\dev\SLAM-robot\ros2_ws\build\examples_rclcpp_cbg_executor': CL=/MP C:\Program Files\CMake\bin\cmake.EXE --build C:\Users\felix\dev\SLAM-robot\ros2_ws\build\examples_rclcpp_cbg_executor --config Release
[164.281s] Microsoft (R) Build Engine version 16.11.2+f32259642 for .NET Framework
[164.281s] Copyright (C) Microsoft Corporation. All rights reserved.
[164.281s] 
[165.328s]   1>Checking Build System
[166.031s]   Building Custom Rule C:/Users/felix/dev/SLAM-robot/ros2_ws/src/examples/rclcpp/executors/cbg_executor/CMakeLists.txt
[166.781s]   ping.cpp
[166.781s]   ping_node.cpp
[217.531s]   ping.vcxproj -> C:\Users\felix\dev\SLAM-robot\ros2_ws\build\examples_rclcpp_cbg_executor\Release\ping.exe
[218.062s]   Building Custom Rule C:/Users/felix/dev/SLAM-robot/ros2_ws/src/examples/rclcpp/executors/cbg_executor/CMakeLists.txt
[218.859s]   ping_pong.cpp
[218.859s]   ping_node.cpp
[218.890s]   pong_node.cpp
[271.890s]   ping_pong.vcxproj -> C:\Users\felix\dev\SLAM-robot\ros2_ws\build\examples_rclcpp_cbg_executor\Release\ping_pong.exe
[272.219s]   Building Custom Rule C:/Users/felix/dev/SLAM-robot/ros2_ws/src/examples/rclcpp/executors/cbg_executor/CMakeLists.txt
[272.828s]   pong.cpp
[272.844s]   pong_node.cpp
[307.922s]   pong.vcxproj -> C:\Users\felix\dev\SLAM-robot\ros2_ws\build\examples_rclcpp_cbg_executor\Release\pong.exe
[308.203s]   Building Custom Rule C:/Users/felix/dev/SLAM-robot/ros2_ws/src/examples/rclcpp/executors/cbg_executor/CMakeLists.txt
