[0.019s] Invoking command in '/Users/fergusproctor/dev/SLAM-robot/ros2_ws/build/serial_communicator': CMAKE_PREFIX_PATH=${CMAKE_PREFIX_PATH}:/Users/fergusproctor/miniforge3/envs/ros_env CONDA_PROMPT_MODIFIER=(ros_env) SHLVL=2 _=/Users/fergusproctor/miniforge3/envs/ros_env/bin/env __CF_USER_TEXT_ENCODING=0x1F5:0x0:0x0 /Users/fergusproctor/miniforge3/envs/ros_env/bin/cmake --build /Users/fergusproctor/dev/SLAM-robot/ros2_ws/build/serial_communicator -- -j8 -l8
[0.240s] [ 50%] Built target simple_serial
[0.254s] [ 75%] Building CXX object CMakeFiles/serial_node.dir/src/serial_node.cpp.o
[2.303s] /Users/fergusproctor/dev/SLAM-robot/ros2_ws/src/serial_communicator/src/serial_node.cpp:148:26: error: use of undeclared identifier 'sgeometry_msgs'; did you mean 'geometry_msgs'?
[2.303s]     rclcpp::Subscription<sgeometry_msgs::msg::Twist>::SharedPtr subscription_;
[2.303s]                          ^~~~~~~~~~~~~~
[2.303s]                          geometry_msgs
[2.303s] /Users/fergusproctor/miniforge3/envs/ros_env/include/geometry_msgs/geometry_msgs/msg/detail/twist__traits.hpp:22:11: note: 'geometry_msgs' declared here
[2.303s] namespace geometry_msgs
[2.303s]           ^
[2.327s] /Users/fergusproctor/dev/SLAM-robot/ros2_ws/src/serial_communicator/src/serial_node.cpp:77:15: warning: unused variable 'lin_vel_x_' [-Wunused-variable]
[2.327s]         float lin_vel_x_ = vel->linear.x;
[2.327s]               ^
[2.327s] /Users/fergusproctor/dev/SLAM-robot/ros2_ws/src/serial_communicator/src/serial_node.cpp:78:15: warning: unused variable 'ang_vel_' [-Wunused-variable]
[2.327s]         float ang_vel_ = vel->angular.z;
[2.327s]               ^
[3.300s] 2 warnings and 1 error generated.
[3.308s] make[2]: *** [CMakeFiles/serial_node.dir/build.make:76: CMakeFiles/serial_node.dir/src/serial_node.cpp.o] Error 1
[3.309s] make[1]: *** [CMakeFiles/Makefile2:139: CMakeFiles/serial_node.dir/all] Error 2
[3.309s] make: *** [Makefile:146: all] Error 2
[3.310s] Invoked command in '/Users/fergusproctor/dev/SLAM-robot/ros2_ws/build/serial_communicator' returned '2': CMAKE_PREFIX_PATH=${CMAKE_PREFIX_PATH}:/Users/fergusproctor/miniforge3/envs/ros_env CONDA_PROMPT_MODIFIER=(ros_env) SHLVL=2 _=/Users/fergusproctor/miniforge3/envs/ros_env/bin/env __CF_USER_TEXT_ENCODING=0x1F5:0x0:0x0 /Users/fergusproctor/miniforge3/envs/ros_env/bin/cmake --build /Users/fergusproctor/dev/SLAM-robot/ros2_ws/build/serial_communicator -- -j8 -l8
