[0.019s] Invoking command in '/Users/fergusproctor/dev/SLAM-robot/ros2_ws/build/serial_communicator': CMAKE_PREFIX_PATH=${CMAKE_PREFIX_PATH}:/Users/fergusproctor/miniforge3/envs/ros_env CONDA_PROMPT_MODIFIER=(ros_env) SHLVL=2 _=/Users/fergusproctor/miniforge3/envs/ros_env/bin/env __CF_USER_TEXT_ENCODING=0x1F5:0x0:0x0 /Users/fergusproctor/miniforge3/envs/ros_env/bin/cmake --build /Users/fergusproctor/dev/SLAM-robot/ros2_ws/build/serial_communicator -- -j8 -l8
[0.202s] [ 50%] Built target simple_serial
[0.214s] [ 75%] Building CXX object CMakeFiles/serial_node.dir/src/serial_node.cpp.o
[2.319s] /Users/fergusproctor/dev/SLAM-robot/ros2_ws/src/serial_communicator/src/serial_node.cpp:81:9: error: statement requires expression of integer type ('float' invalid)
[2.319s]         switch (lin_vel_x_){
[2.319s]         ^       ~~~~~~~~~~
[2.319s] /Users/fergusproctor/dev/SLAM-robot/ros2_ws/src/serial_communicator/src/serial_node.cpp:82:18: error: conversion from 'float' to 'int' is not allowed in a converted constant expression
[2.319s]             case 2.0f:
[2.319s]                  ^~~~
[2.319s] /Users/fergusproctor/dev/SLAM-robot/ros2_ws/src/serial_communicator/src/serial_node.cpp:85:18: error: conversion from 'float' to 'int' is not allowed in a converted constant expression
[2.319s]             case -2.0f:
[2.319s]                  ^~~~~
[2.319s] /Users/fergusproctor/dev/SLAM-robot/ros2_ws/src/serial_communicator/src/serial_node.cpp:88:18: error: conversion from 'float' to 'int' is not allowed in a converted constant expression
[2.319s]             case 0.0f:
[2.319s]                  ^~~~
[2.319s] /Users/fergusproctor/dev/SLAM-robot/ros2_ws/src/serial_communicator/src/serial_node.cpp:89:17: error: statement requires expression of integer type ('float' invalid)
[2.319s]                 switch(ang_vel_){
[2.319s]                 ^      ~~~~~~~~
[2.319s] /Users/fergusproctor/dev/SLAM-robot/ros2_ws/src/serial_communicator/src/serial_node.cpp:90:26: error: conversion from 'float' to 'int' is not allowed in a converted constant expression
[2.319s]                     case 2.0f:
[2.319s]                          ^~~~
[2.319s] /Users/fergusproctor/dev/SLAM-robot/ros2_ws/src/serial_communicator/src/serial_node.cpp:93:26: error: conversion from 'float' to 'int' is not allowed in a converted constant expression
[2.319s]                     case -2.0f:
[2.319s]                          ^~~~~
[2.319s] /Users/fergusproctor/dev/SLAM-robot/ros2_ws/src/serial_communicator/src/serial_node.cpp:96:26: error: conversion from 'float' to 'int' is not allowed in a converted constant expression
[2.319s]                     case 0.0f:
[2.320s]                          ^~~~
[2.320s] /Users/fergusproctor/dev/SLAM-robot/ros2_ws/src/serial_communicator/src/serial_node.cpp:110:72: warning: unused parameter 'length' [-Wunused-parameter]
[2.320s]             [this](const boost::system::error_code& error, std::size_t length) {
[2.320s]                                                                        ^
[2.320s] /Users/fergusproctor/dev/SLAM-robot/ros2_ws/src/serial_communicator/src/serial_node.cpp:110:14: warning: lambda capture 'this' is not used [-Wunused-lambda-capture]
[2.320s]             [this](const boost::system::error_code& error, std::size_t length) {
[2.320s]              ^~~~
[3.308s] 2 warnings and 8 errors generated.
[3.318s] make[2]: *** [CMakeFiles/serial_node.dir/build.make:76: CMakeFiles/serial_node.dir/src/serial_node.cpp.o] Error 1
[3.319s] make[1]: *** [CMakeFiles/Makefile2:139: CMakeFiles/serial_node.dir/all] Error 2
[3.319s] make: *** [Makefile:146: all] Error 2
[3.321s] Invoked command in '/Users/fergusproctor/dev/SLAM-robot/ros2_ws/build/serial_communicator' returned '2': CMAKE_PREFIX_PATH=${CMAKE_PREFIX_PATH}:/Users/fergusproctor/miniforge3/envs/ros_env CONDA_PROMPT_MODIFIER=(ros_env) SHLVL=2 _=/Users/fergusproctor/miniforge3/envs/ros_env/bin/env __CF_USER_TEXT_ENCODING=0x1F5:0x0:0x0 /Users/fergusproctor/miniforge3/envs/ros_env/bin/cmake --build /Users/fergusproctor/dev/SLAM-robot/ros2_ws/build/serial_communicator -- -j8 -l8
