[0.024s] Invoking command in '/Users/fergusproctor/dev/SLAM-robot/ros2_ws/build/serial_communicator': CONDA_PROMPT_MODIFIER=(ros_env) SHLVL=2 _=/Users/fergusproctor/miniforge3/envs/ros_env/bin/env __CF_USER_TEXT_ENCODING=0x1F5:0x0:0x0 /Users/fergusproctor/miniforge3/envs/ros_env/bin/cmake --build /Users/fergusproctor/dev/SLAM-robot/ros2_ws/build/serial_communicator -- -j8 -l8
[0.199s] [ 25%] Building CXX object CMakeFiles/simple_serial.dir/src/simple_serial.cpp.o
[0.203s] [ 75%] Built target serial_node
[1.577s] /Users/fergusproctor/dev/SLAM-robot/ros2_ws/src/serial_communicator/src/simple_serial.cpp:40:78: warning: unused parameter 'length' [-Wunused-parameter]
[1.577s]             [this, data](const boost::system::error_code& error, std::size_t length) {
[1.578s]                                                                              ^
[1.578s] /Users/fergusproctor/dev/SLAM-robot/ros2_ws/src/serial_communicator/src/simple_serial.cpp:40:14: warning: lambda capture 'this' is not used [-Wunused-lambda-capture]
[1.578s]             [this, data](const boost::system::error_code& error, std::size_t length) {
[1.578s]              ^~~~~
[2.335s] 2 warnings generated.
[2.358s] [100%] Linking CXX executable simple_serial
[2.441s] [100%] Built target simple_serial
[2.456s] Invoked command in '/Users/fergusproctor/dev/SLAM-robot/ros2_ws/build/serial_communicator' returned '0': CONDA_PROMPT_MODIFIER=(ros_env) SHLVL=2 _=/Users/fergusproctor/miniforge3/envs/ros_env/bin/env __CF_USER_TEXT_ENCODING=0x1F5:0x0:0x0 /Users/fergusproctor/miniforge3/envs/ros_env/bin/cmake --build /Users/fergusproctor/dev/SLAM-robot/ros2_ws/build/serial_communicator -- -j8 -l8
[2.542s] Invoking command in '/Users/fergusproctor/dev/SLAM-robot/ros2_ws/build/serial_communicator': CONDA_PROMPT_MODIFIER=(ros_env) SHLVL=2 _=/Users/fergusproctor/miniforge3/envs/ros_env/bin/env __CF_USER_TEXT_ENCODING=0x1F5:0x0:0x0 /Users/fergusproctor/miniforge3/envs/ros_env/bin/cmake --install /Users/fergusproctor/dev/SLAM-robot/ros2_ws/build/serial_communicator
[2.556s] -- Install configuration: ""
[2.556s] -- Up-to-date: /Users/fergusproctor/dev/SLAM-robot/ros2_ws/install/serial_communicator/lib/serial_communicator/serial_node
[2.556s] -- Installing: /Users/fergusproctor/dev/SLAM-robot/ros2_ws/install/serial_communicator/lib/serial_communicator/simple_serial
[2.557s] -- Up-to-date: /Users/fergusproctor/dev/SLAM-robot/ros2_ws/install/serial_communicator/share/ament_index/resource_index/package_run_dependencies/serial_communicator
[2.557s] -- Up-to-date: /Users/fergusproctor/dev/SLAM-robot/ros2_ws/install/serial_communicator/share/ament_index/resource_index/parent_prefix_path/serial_communicator
[2.557s] -- Up-to-date: /Users/fergusproctor/dev/SLAM-robot/ros2_ws/install/serial_communicator/share/serial_communicator/environment/ament_prefix_path.sh
[2.557s] -- Up-to-date: /Users/fergusproctor/dev/SLAM-robot/ros2_ws/install/serial_communicator/share/serial_communicator/environment/ament_prefix_path.dsv
[2.557s] -- Up-to-date: /Users/fergusproctor/dev/SLAM-robot/ros2_ws/install/serial_communicator/share/serial_communicator/environment/path.sh
[2.558s] -- Up-to-date: /Users/fergusproctor/dev/SLAM-robot/ros2_ws/install/serial_communicator/share/serial_communicator/environment/path.dsv
[2.558s] -- Up-to-date: /Users/fergusproctor/dev/SLAM-robot/ros2_ws/install/serial_communicator/share/serial_communicator/local_setup.bash
[2.558s] -- Up-to-date: /Users/fergusproctor/dev/SLAM-robot/ros2_ws/install/serial_communicator/share/serial_communicator/local_setup.sh
[2.558s] -- Up-to-date: /Users/fergusproctor/dev/SLAM-robot/ros2_ws/install/serial_communicator/share/serial_communicator/local_setup.zsh
[2.558s] -- Up-to-date: /Users/fergusproctor/dev/SLAM-robot/ros2_ws/install/serial_communicator/share/serial_communicator/local_setup.dsv
[2.558s] -- Installing: /Users/fergusproctor/dev/SLAM-robot/ros2_ws/install/serial_communicator/share/serial_communicator/package.dsv
[2.558s] -- Up-to-date: /Users/fergusproctor/dev/SLAM-robot/ros2_ws/install/serial_communicator/share/ament_index/resource_index/packages/serial_communicator
[2.558s] -- Up-to-date: /Users/fergusproctor/dev/SLAM-robot/ros2_ws/install/serial_communicator/share/serial_communicator/cmake/serial_communicatorConfig.cmake
[2.558s] -- Up-to-date: /Users/fergusproctor/dev/SLAM-robot/ros2_ws/install/serial_communicator/share/serial_communicator/cmake/serial_communicatorConfig-version.cmake
[2.558s] -- Up-to-date: /Users/fergusproctor/dev/SLAM-robot/ros2_ws/install/serial_communicator/share/serial_communicator/package.xml
[2.559s] Invoked command in '/Users/fergusproctor/dev/SLAM-robot/ros2_ws/build/serial_communicator' returned '0': CONDA_PROMPT_MODIFIER=(ros_env) SHLVL=2 _=/Users/fergusproctor/miniforge3/envs/ros_env/bin/env __CF_USER_TEXT_ENCODING=0x1F5:0x0:0x0 /Users/fergusproctor/miniforge3/envs/ros_env/bin/cmake --install /Users/fergusproctor/dev/SLAM-robot/ros2_ws/build/serial_communicator
