[0.216s] [34mcolcon[0m [1;30mDEBUG[0m [32mCommand line arguments: ['/Users/fergusproctor/miniforge3/envs/ros_env/bin/colcon', 'build', '--packages-select', 'turtlesim', '--cmake-clean-cache'][0m
[0.216s] [34mcolcon[0m [1;30mDEBUG[0m [32mParsed command line arguments: Namespace(log_base=None, log_level=None, verb_name='build', build_base='build', install_base='install', merge_install=False, symlink_install=False, test_result_base=None, continue_on_error=False, executor='parallel', parallel_workers=8, event_handlers=None, ignore_user_meta=False, metas=['./colcon.meta'], base_paths=['.'], packages_ignore=None, packages_ignore_regex=None, paths=None, packages_up_to=None, packages_up_to_regex=None, packages_above=None, packages_above_and_dependencies=None, packages_above_depth=None, packages_select_by_dep=None, packages_skip_by_dep=None, packages_skip_up_to=None, packages_select_build_failed=False, packages_skip_build_finished=False, packages_select_test_failures=False, packages_skip_test_passed=False, packages_select=['turtlesim'], packages_skip=None, packages_select_regex=None, packages_skip_regex=None, packages_start=None, packages_end=None, cmake_args=None, cmake_target=None, cmake_target_skip_unavailable=False, cmake_clean_cache=True, cmake_clean_first=False, cmake_force_configure=False, ament_cmake_args=None, catkin_cmake_args=None, catkin_skip_building_tests=False, verb_parser=<colcon_defaults.argument_parser.defaults.DefaultArgumentsDecorator object at 0x106494e90>, verb_extension=<colcon_core.verb.build.BuildVerb object at 0x106598510>, main=<bound method BuildVerb.main of <colcon_core.verb.build.BuildVerb object at 0x106598510>>)[0m
[0.256s] [34mcolcon.colcon_core.package_discovery[0m [1;30mLevel 1[0m discover_packages(colcon_meta) check parameters
[0.256s] [34mcolcon.colcon_core.package_discovery[0m [1;30mLevel 1[0m discover_packages(recursive) check parameters
[0.256s] [34mcolcon.colcon_core.package_discovery[0m [1;30mLevel 1[0m discover_packages(ignore) check parameters
[0.256s] [34mcolcon.colcon_core.package_discovery[0m [1;30mLevel 1[0m discover_packages(path) check parameters
[0.256s] [34mcolcon.colcon_core.package_discovery[0m [1;30mLevel 1[0m discover_packages(colcon_meta) discover
[0.256s] [34mcolcon.colcon_core.package_discovery[0m [1;30mLevel 1[0m discover_packages(recursive) discover
[0.256s] [34mcolcon.colcon_core.package_discovery[0m [1;30mINFO[0m Crawling recursively for packages in '/Users/fergusproctor/dev/SLAM-robot/ros2_ws'
[0.257s] [34mcolcon.colcon_core.package_identification[0m [1;30mLevel 1[0m _identify(.) by extensions ['ignore', 'ignore_ament_install']
[0.257s] [34mcolcon.colcon_core.package_identification[0m [1;30mLevel 1[0m _identify(.) by extension 'ignore'
[0.257s] [34mcolcon.colcon_core.package_identification[0m [1;30mLevel 1[0m _identify(.) by extension 'ignore_ament_install'
[0.257s] [34mcolcon.colcon_core.package_identification[0m [1;30mLevel 1[0m _identify(.) by extensions ['colcon_pkg']
[0.257s] [34mcolcon.colcon_core.package_identification[0m [1;30mLevel 1[0m _identify(.) by extension 'colcon_pkg'
[0.257s] [34mcolcon.colcon_core.package_identification[0m [1;30mLevel 1[0m _identify(.) by extensions ['colcon_meta']
[0.257s] [34mcolcon.colcon_core.package_identification[0m [1;30mLevel 1[0m _identify(.) by extension 'colcon_meta'
[0.257s] [34mcolcon.colcon_core.package_identification[0m [1;30mLevel 1[0m _identify(.) by extensions ['ros']
[0.257s] [34mcolcon.colcon_core.package_identification[0m [1;30mLevel 1[0m _identify(.) by extension 'ros'
[0.278s] [34mcolcon.colcon_core.package_identification[0m [1;30mLevel 1[0m _identify(.) by extensions ['cmake', 'python']
[0.278s] [34mcolcon.colcon_core.package_identification[0m [1;30mLevel 1[0m _identify(.) by extension 'cmake'
[0.278s] [34mcolcon.colcon_core.package_identification[0m [1;30mLevel 1[0m _identify(.) by extension 'python'
[0.278s] [34mcolcon.colcon_core.package_identification[0m [1;30mLevel 1[0m _identify(.) by extensions ['python_setup_py']
[0.278s] [34mcolcon.colcon_core.package_identification[0m [1;30mLevel 1[0m _identify(.) by extension 'python_setup_py'
[0.278s] [34mcolcon.colcon_core.package_identification[0m [1;30mLevel 1[0m _identify(build) by extensions ['ignore', 'ignore_ament_install']
[0.278s] [34mcolcon.colcon_core.package_identification[0m [1;30mLevel 1[0m _identify(build) by extension 'ignore'
[0.278s] [34mcolcon.colcon_core.package_identification[0m [1;30mLevel 1[0m _identify(build) ignored
[0.278s] [34mcolcon.colcon_core.package_identification[0m [1;30mLevel 1[0m _identify(install) by extensions ['ignore', 'ignore_ament_install']
[0.278s] [34mcolcon.colcon_core.package_identification[0m [1;30mLevel 1[0m _identify(install) by extension 'ignore'
[0.278s] [34mcolcon.colcon_core.package_identification[0m [1;30mLevel 1[0m _identify(install) ignored
[0.278s] [34mcolcon.colcon_core.package_identification[0m [1;30mLevel 1[0m _identify(log) by extensions ['ignore', 'ignore_ament_install']
[0.278s] [34mcolcon.colcon_core.package_identification[0m [1;30mLevel 1[0m _identify(log) by extension 'ignore'
[0.278s] [34mcolcon.colcon_core.package_identification[0m [1;30mLevel 1[0m _identify(log) ignored
[0.279s] [34mcolcon.colcon_core.package_identification[0m [1;30mLevel 1[0m _identify(src) by extensions ['ignore', 'ignore_ament_install']
[0.279s] [34mcolcon.colcon_core.package_identification[0m [1;30mLevel 1[0m _identify(src) by extension 'ignore'
[0.279s] [34mcolcon.colcon_core.package_identification[0m [1;30mLevel 1[0m _identify(src) by extension 'ignore_ament_install'
[0.279s] [34mcolcon.colcon_core.package_identification[0m [1;30mLevel 1[0m _identify(src) by extensions ['colcon_pkg']
[0.279s] [34mcolcon.colcon_core.package_identification[0m [1;30mLevel 1[0m _identify(src) by extension 'colcon_pkg'
[0.279s] [34mcolcon.colcon_core.package_identification[0m [1;30mLevel 1[0m _identify(src) by extensions ['colcon_meta']
[0.279s] [34mcolcon.colcon_core.package_identification[0m [1;30mLevel 1[0m _identify(src) by extension 'colcon_meta'
[0.279s] [34mcolcon.colcon_core.package_identification[0m [1;30mLevel 1[0m _identify(src) by extensions ['ros']
[0.279s] [34mcolcon.colcon_core.package_identification[0m [1;30mLevel 1[0m _identify(src) by extension 'ros'
[0.279s] [34mcolcon.colcon_core.package_identification[0m [1;30mLevel 1[0m _identify(src) by extensions ['cmake', 'python']
[0.279s] [34mcolcon.colcon_core.package_identification[0m [1;30mLevel 1[0m _identify(src) by extension 'cmake'
[0.279s] [34mcolcon.colcon_core.package_identification[0m [1;30mLevel 1[0m _identify(src) by extension 'python'
[0.279s] [34mcolcon.colcon_core.package_identification[0m [1;30mLevel 1[0m _identify(src) by extensions ['python_setup_py']
[0.279s] [34mcolcon.colcon_core.package_identification[0m [1;30mLevel 1[0m _identify(src) by extension 'python_setup_py'
[0.280s] [34mcolcon.colcon_core.package_identification[0m [1;30mLevel 1[0m _identify(src/my_serial_communicator_cpp) by extensions ['ignore', 'ignore_ament_install']
[0.280s] [34mcolcon.colcon_core.package_identification[0m [1;30mLevel 1[0m _identify(src/my_serial_communicator_cpp) by extension 'ignore'
[0.280s] [34mcolcon.colcon_core.package_identification[0m [1;30mLevel 1[0m _identify(src/my_serial_communicator_cpp) by extension 'ignore_ament_install'
[0.280s] [34mcolcon.colcon_core.package_identification[0m [1;30mLevel 1[0m _identify(src/my_serial_communicator_cpp) by extensions ['colcon_pkg']
[0.280s] [34mcolcon.colcon_core.package_identification[0m [1;30mLevel 1[0m _identify(src/my_serial_communicator_cpp) by extension 'colcon_pkg'
[0.280s] [34mcolcon.colcon_core.package_identification[0m [1;30mLevel 1[0m _identify(src/my_serial_communicator_cpp) by extensions ['colcon_meta']
[0.280s] [34mcolcon.colcon_core.package_identification[0m [1;30mLevel 1[0m _identify(src/my_serial_communicator_cpp) by extension 'colcon_meta'
[0.280s] [34mcolcon.colcon_core.package_identification[0m [1;30mLevel 1[0m _identify(src/my_serial_communicator_cpp) by extensions ['ros']
[0.280s] [34mcolcon.colcon_core.package_identification[0m [1;30mLevel 1[0m _identify(src/my_serial_communicator_cpp) by extension 'ros'
[0.282s] [34mcolcon.colcon_core.package_identification[0m [1;30mDEBUG[0m [32mPackage 'src/my_serial_communicator_cpp' with type 'ros.ament_cmake' and name 'my_serial_communicator_cpp'[0m
[0.282s] [34mcolcon.colcon_core.package_identification[0m [1;30mLevel 1[0m _identify(src/serial_communicator) by extensions ['ignore', 'ignore_ament_install']
[0.282s] [34mcolcon.colcon_core.package_identification[0m [1;30mLevel 1[0m _identify(src/serial_communicator) by extension 'ignore'
[0.282s] [34mcolcon.colcon_core.package_identification[0m [1;30mLevel 1[0m _identify(src/serial_communicator) by extension 'ignore_ament_install'
[0.282s] [34mcolcon.colcon_core.package_identification[0m [1;30mLevel 1[0m _identify(src/serial_communicator) by extensions ['colcon_pkg']
[0.282s] [34mcolcon.colcon_core.package_identification[0m [1;30mLevel 1[0m _identify(src/serial_communicator) by extension 'colcon_pkg'
[0.282s] [34mcolcon.colcon_core.package_identification[0m [1;30mLevel 1[0m _identify(src/serial_communicator) by extensions ['colcon_meta']
[0.282s] [34mcolcon.colcon_core.package_identification[0m [1;30mLevel 1[0m _identify(src/serial_communicator) by extension 'colcon_meta'
[0.282s] [34mcolcon.colcon_core.package_identification[0m [1;30mLevel 1[0m _identify(src/serial_communicator) by extensions ['ros']
[0.282s] [34mcolcon.colcon_core.package_identification[0m [1;30mLevel 1[0m _identify(src/serial_communicator) by extension 'ros'
[0.283s] [34mcolcon.colcon_core.package_identification[0m [1;30mDEBUG[0m [32mPackage 'src/serial_communicator' with type 'ros.ament_cmake' and name 'serial_communicator'[0m
[0.283s] [34mcolcon.colcon_core.package_identification[0m [1;30mLevel 1[0m _identify(src/serial_communicator_py) by extensions ['ignore', 'ignore_ament_install']
[0.283s] [34mcolcon.colcon_core.package_identification[0m [1;30mLevel 1[0m _identify(src/serial_communicator_py) by extension 'ignore'
[0.283s] [34mcolcon.colcon_core.package_identification[0m [1;30mLevel 1[0m _identify(src/serial_communicator_py) by extension 'ignore_ament_install'
[0.283s] [34mcolcon.colcon_core.package_identification[0m [1;30mLevel 1[0m _identify(src/serial_communicator_py) by extensions ['colcon_pkg']
[0.283s] [34mcolcon.colcon_core.package_identification[0m [1;30mLevel 1[0m _identify(src/serial_communicator_py) by extension 'colcon_pkg'
[0.283s] [34mcolcon.colcon_core.package_identification[0m [1;30mLevel 1[0m _identify(src/serial_communicator_py) by extensions ['colcon_meta']
[0.283s] [34mcolcon.colcon_core.package_identification[0m [1;30mLevel 1[0m _identify(src/serial_communicator_py) by extension 'colcon_meta'
[0.283s] [34mcolcon.colcon_core.package_identification[0m [1;30mLevel 1[0m _identify(src/serial_communicator_py) by extensions ['ros']
[0.283s] [34mcolcon.colcon_core.package_identification[0m [1;30mLevel 1[0m _identify(src/serial_communicator_py) by extension 'ros'
[0.284s] [34mcolcon.colcon_core.package_identification[0m [1;30mDEBUG[0m [32mPackage 'src/serial_communicator_py' with type 'ros.ament_python' and name 'serial_communicator_py'[0m
[0.284s] [34mcolcon.colcon_core.package_identification[0m [1;30mLevel 1[0m _identify(src/turtlesim) by extensions ['ignore', 'ignore_ament_install']
[0.284s] [34mcolcon.colcon_core.package_identification[0m [1;30mLevel 1[0m _identify(src/turtlesim) by extension 'ignore'
[0.284s] [34mcolcon.colcon_core.package_identification[0m [1;30mLevel 1[0m _identify(src/turtlesim) by extension 'ignore_ament_install'
[0.284s] [34mcolcon.colcon_core.package_identification[0m [1;30mLevel 1[0m _identify(src/turtlesim) by extensions ['colcon_pkg']
[0.284s] [34mcolcon.colcon_core.package_identification[0m [1;30mLevel 1[0m _identify(src/turtlesim) by extension 'colcon_pkg'
[0.284s] [34mcolcon.colcon_core.package_identification[0m [1;30mLevel 1[0m _identify(src/turtlesim) by extensions ['colcon_meta']
[0.284s] [34mcolcon.colcon_core.package_identification[0m [1;30mLevel 1[0m _identify(src/turtlesim) by extension 'colcon_meta'
[0.284s] [34mcolcon.colcon_core.package_identification[0m [1;30mLevel 1[0m _identify(src/turtlesim) by extensions ['ros']
[0.284s] [34mcolcon.colcon_core.package_identification[0m [1;30mLevel 1[0m _identify(src/turtlesim) by extension 'ros'
[0.285s] [34mcolcon.colcon_core.package_identification[0m [1;30mDEBUG[0m [32mPackage 'src/turtlesim' with type 'ros.ament_cmake' and name 'turtlesim'[0m
[0.285s] [34mcolcon.colcon_core.package_discovery[0m [1;30mLevel 1[0m discover_packages(recursive) using defaults
[0.285s] [34mcolcon.colcon_core.package_discovery[0m [1;30mLevel 1[0m discover_packages(ignore) discover
[0.285s] [34mcolcon.colcon_core.package_discovery[0m [1;30mLevel 1[0m discover_packages(ignore) using defaults
[0.285s] [34mcolcon.colcon_core.package_discovery[0m [1;30mLevel 1[0m discover_packages(path) discover
[0.285s] [34mcolcon.colcon_core.package_discovery[0m [1;30mLevel 1[0m discover_packages(path) using defaults
[0.299s] [34mcolcon.colcon_core.package_selection[0m [1;30mINFO[0m Skipping not selected package 'my_serial_communicator_cpp' in 'src/my_serial_communicator_cpp'
[0.299s] [34mcolcon.colcon_core.package_selection[0m [1;30mINFO[0m Skipping not selected package 'serial_communicator' in 'src/serial_communicator'
[0.299s] [34mcolcon.colcon_core.package_selection[0m [1;30mINFO[0m Skipping not selected package 'serial_communicator_py' in 'src/serial_communicator_py'
[0.299s] [34mcolcon.colcon_core.verb[0m [1;30mLevel 5[0m set package 'turtlesim' build argument 'cmake_args' from command line to 'None'
[0.299s] [34mcolcon.colcon_core.verb[0m [1;30mLevel 5[0m set package 'turtlesim' build argument 'cmake_target' from command line to 'None'
[0.299s] [34mcolcon.colcon_core.verb[0m [1;30mLevel 5[0m set package 'turtlesim' build argument 'cmake_target_skip_unavailable' from command line to 'False'
[0.299s] [34mcolcon.colcon_core.verb[0m [1;30mLevel 5[0m set package 'turtlesim' build argument 'cmake_clean_cache' from command line to 'True'
[0.299s] [34mcolcon.colcon_core.verb[0m [1;30mLevel 5[0m set package 'turtlesim' build argument 'cmake_clean_first' from command line to 'False'
[0.299s] [34mcolcon.colcon_core.verb[0m [1;30mLevel 5[0m set package 'turtlesim' build argument 'cmake_force_configure' from command line to 'False'
[0.299s] [34mcolcon.colcon_core.verb[0m [1;30mLevel 5[0m set package 'turtlesim' build argument 'ament_cmake_args' from command line to 'None'
[0.299s] [34mcolcon.colcon_core.verb[0m [1;30mLevel 5[0m set package 'turtlesim' build argument 'catkin_cmake_args' from command line to 'None'
[0.299s] [34mcolcon.colcon_core.verb[0m [1;30mLevel 5[0m set package 'turtlesim' build argument 'catkin_skip_building_tests' from command line to 'False'
[0.299s] [34mcolcon.colcon_core.verb[0m [1;30mDEBUG[0m [32mBuilding package 'turtlesim' with the following arguments: {'ament_cmake_args': None, 'build_base': '/Users/fergusproctor/dev/SLAM-robot/ros2_ws/build/turtlesim', 'catkin_cmake_args': None, 'catkin_skip_building_tests': False, 'cmake_args': None, 'cmake_clean_cache': True, 'cmake_clean_first': False, 'cmake_force_configure': False, 'cmake_target': None, 'cmake_target_skip_unavailable': False, 'install_base': '/Users/fergusproctor/dev/SLAM-robot/ros2_ws/install/turtlesim', 'merge_install': False, 'path': '/Users/fergusproctor/dev/SLAM-robot/ros2_ws/src/turtlesim', 'symlink_install': False, 'test_result_base': None}[0m
[0.299s] [34mcolcon.colcon_core.executor[0m [1;30mINFO[0m Executing jobs using 'parallel' executor
[0.300s] [34mcolcon.colcon_parallel_executor.executor.parallel[0m [1;30mDEBUG[0m [32mrun_until_complete[0m
[0.300s] [34mcolcon.colcon_ros.task.ament_cmake.build[0m [1;30mINFO[0m Building ROS package in '/Users/fergusproctor/dev/SLAM-robot/ros2_ws/src/turtlesim' with build type 'ament_cmake'
[0.300s] [34mcolcon.colcon_cmake.task.cmake.build[0m [1;30mINFO[0m Building CMake package in '/Users/fergusproctor/dev/SLAM-robot/ros2_ws/src/turtlesim'
[0.302s] [34mcolcon.colcon_core.plugin_system[0m [1;30mINFO[0m Skipping extension 'colcon_core.shell.bat': Not used on non-Windows systems
[0.302s] [34mcolcon.colcon_core.shell[0m [1;30mINFO[0m Skip shell extension 'powershell' for command environment: Not usable outside of PowerShell
[0.302s] [34mcolcon.colcon_core.shell[0m [1;30mDEBUG[0m [32mSkip shell extension 'dsv' for command environment[0m
[0.322s] [34mcolcon.colcon_core.event_handler.log_command[0m [1;30mDEBUG[0m [32mInvoking command in '/Users/fergusproctor/dev/SLAM-robot/ros2_ws/build/turtlesim': CMAKE_PREFIX_PATH=${CMAKE_PREFIX_PATH}:/Users/fergusproctor/miniforge3/envs/ros_env CONDA_PROMPT_MODIFIER=(ros_env) SHLVL=2 _=/Users/fergusproctor/miniforge3/envs/ros_env/bin/env __CF_USER_TEXT_ENCODING=0x1F5:0x0:0x0 /Users/fergusproctor/miniforge3/envs/ros_env/bin/cmake /Users/fergusproctor/dev/SLAM-robot/ros2_ws/src/turtlesim -DCMAKE_INSTALL_PREFIX=/Users/fergusproctor/dev/SLAM-robot/ros2_ws/install/turtlesim[0m
[5.758s] [34mcolcon.colcon_core.event_handler.log_command[0m [1;30mDEBUG[0m [32mInvoked command in '/Users/fergusproctor/dev/SLAM-robot/ros2_ws/build/turtlesim' returned '0': CMAKE_PREFIX_PATH=${CMAKE_PREFIX_PATH}:/Users/fergusproctor/miniforge3/envs/ros_env CONDA_PROMPT_MODIFIER=(ros_env) SHLVL=2 _=/Users/fergusproctor/miniforge3/envs/ros_env/bin/env __CF_USER_TEXT_ENCODING=0x1F5:0x0:0x0 /Users/fergusproctor/miniforge3/envs/ros_env/bin/cmake /Users/fergusproctor/dev/SLAM-robot/ros2_ws/src/turtlesim -DCMAKE_INSTALL_PREFIX=/Users/fergusproctor/dev/SLAM-robot/ros2_ws/install/turtlesim[0m
[5.760s] [34mcolcon.colcon_core.event_handler.log_command[0m [1;30mDEBUG[0m [32mInvoking command in '/Users/fergusproctor/dev/SLAM-robot/ros2_ws/build/turtlesim': CMAKE_PREFIX_PATH=${CMAKE_PREFIX_PATH}:/Users/fergusproctor/miniforge3/envs/ros_env CONDA_PROMPT_MODIFIER=(ros_env) SHLVL=2 _=/Users/fergusproctor/miniforge3/envs/ros_env/bin/env __CF_USER_TEXT_ENCODING=0x1F5:0x0:0x0 /Users/fergusproctor/miniforge3/envs/ros_env/bin/cmake --build /Users/fergusproctor/dev/SLAM-robot/ros2_ws/build/turtlesim -- -j8 -l8[0m
[6.100s] [34mcolcon.colcon_core.event_handler.log_command[0m [1;30mDEBUG[0m [32mInvoked command in '/Users/fergusproctor/dev/SLAM-robot/ros2_ws/build/turtlesim' returned '0': CMAKE_PREFIX_PATH=${CMAKE_PREFIX_PATH}:/Users/fergusproctor/miniforge3/envs/ros_env CONDA_PROMPT_MODIFIER=(ros_env) SHLVL=2 _=/Users/fergusproctor/miniforge3/envs/ros_env/bin/env __CF_USER_TEXT_ENCODING=0x1F5:0x0:0x0 /Users/fergusproctor/miniforge3/envs/ros_env/bin/cmake --build /Users/fergusproctor/dev/SLAM-robot/ros2_ws/build/turtlesim -- -j8 -l8[0m
[6.689s] [34mcolcon.colcon_core.event_handler.log_command[0m [1;30mDEBUG[0m [32mInvoking command in '/Users/fergusproctor/dev/SLAM-robot/ros2_ws/build/turtlesim': CMAKE_PREFIX_PATH=${CMAKE_PREFIX_PATH}:/Users/fergusproctor/miniforge3/envs/ros_env CONDA_PROMPT_MODIFIER=(ros_env) SHLVL=2 _=/Users/fergusproctor/miniforge3/envs/ros_env/bin/env __CF_USER_TEXT_ENCODING=0x1F5:0x0:0x0 /Users/fergusproctor/miniforge3/envs/ros_env/bin/cmake --install /Users/fergusproctor/dev/SLAM-robot/ros2_ws/build/turtlesim[0m
[6.805s] [34mcolcon.colcon_core.environment[0m [1;30mLevel 1[0m create_environment_scripts_only(turtlesim)
[6.806s] [34mcolcon.colcon_core.event_handler.log_command[0m [1;30mDEBUG[0m [32mInvoked command in '/Users/fergusproctor/dev/SLAM-robot/ros2_ws/build/turtlesim' returned '0': CMAKE_PREFIX_PATH=${CMAKE_PREFIX_PATH}:/Users/fergusproctor/miniforge3/envs/ros_env CONDA_PROMPT_MODIFIER=(ros_env) SHLVL=2 _=/Users/fergusproctor/miniforge3/envs/ros_env/bin/env __CF_USER_TEXT_ENCODING=0x1F5:0x0:0x0 /Users/fergusproctor/miniforge3/envs/ros_env/bin/cmake --install /Users/fergusproctor/dev/SLAM-robot/ros2_ws/build/turtlesim[0m
[6.808s] [34mcolcon.colcon_core.environment[0m [1;30mLevel 1[0m checking '/Users/fergusproctor/dev/SLAM-robot/ros2_ws/install/turtlesim' for CMake module files
[6.809s] [34mcolcon.colcon_core.environment[0m [1;30mLevel 1[0m checking '/Users/fergusproctor/dev/SLAM-robot/ros2_ws/install/turtlesim' for CMake config files
[6.810s] [34mcolcon.colcon_core.shell[0m [1;30mLevel 1[0m create_environment_hook('turtlesim', 'cmake_prefix_path')
[6.810s] [34mcolcon.colcon_core.shell[0m [1;30mINFO[0m Creating environment hook '/Users/fergusproctor/dev/SLAM-robot/ros2_ws/install/turtlesim/share/turtlesim/hook/cmake_prefix_path.ps1'
[6.811s] [34mcolcon.colcon_core.shell[0m [1;30mINFO[0m Creating environment descriptor '/Users/fergusproctor/dev/SLAM-robot/ros2_ws/install/turtlesim/share/turtlesim/hook/cmake_prefix_path.dsv'
[6.811s] [34mcolcon.colcon_core.shell[0m [1;30mINFO[0m Creating environment hook '/Users/fergusproctor/dev/SLAM-robot/ros2_ws/install/turtlesim/share/turtlesim/hook/cmake_prefix_path.sh'
[6.811s] [34mcolcon.colcon_core.environment[0m [1;30mLevel 1[0m checking '/Users/fergusproctor/dev/SLAM-robot/ros2_ws/install/turtlesim/lib'
[6.811s] [34mcolcon.colcon_core.shell[0m [1;30mLevel 1[0m create_environment_hook('turtlesim', 'dyld_library_path')
[6.811s] [34mcolcon.colcon_core.shell[0m [1;30mINFO[0m Creating environment hook '/Users/fergusproctor/dev/SLAM-robot/ros2_ws/install/turtlesim/share/turtlesim/hook/dyld_library_path.ps1'
[6.812s] [34mcolcon.colcon_core.shell[0m [1;30mINFO[0m Creating environment descriptor '/Users/fergusproctor/dev/SLAM-robot/ros2_ws/install/turtlesim/share/turtlesim/hook/dyld_library_path.dsv'
[6.812s] [34mcolcon.colcon_core.shell[0m [1;30mINFO[0m Creating environment hook '/Users/fergusproctor/dev/SLAM-robot/ros2_ws/install/turtlesim/share/turtlesim/hook/dyld_library_path.sh'
[6.812s] [34mcolcon.colcon_core.environment[0m [1;30mLevel 1[0m checking '/Users/fergusproctor/dev/SLAM-robot/ros2_ws/install/turtlesim/bin'
[6.812s] [34mcolcon.colcon_core.environment[0m [1;30mLevel 1[0m checking '/Users/fergusproctor/dev/SLAM-robot/ros2_ws/install/turtlesim/lib/pkgconfig/turtlesim.pc'
[6.812s] [34mcolcon.colcon_core.environment[0m [1;30mLevel 1[0m checking '/Users/fergusproctor/dev/SLAM-robot/ros2_ws/install/turtlesim/lib/python3.11/site-packages'
[6.812s] [34mcolcon.colcon_core.environment[0m [1;30mLevel 1[0m checking '/Users/fergusproctor/dev/SLAM-robot/ros2_ws/install/turtlesim/bin'
[6.812s] [34mcolcon.colcon_core.shell[0m [1;30mINFO[0m Creating package script '/Users/fergusproctor/dev/SLAM-robot/ros2_ws/install/turtlesim/share/turtlesim/package.ps1'
[6.813s] [34mcolcon.colcon_core.shell[0m [1;30mINFO[0m Creating package descriptor '/Users/fergusproctor/dev/SLAM-robot/ros2_ws/install/turtlesim/share/turtlesim/package.dsv'
[6.813s] [34mcolcon.colcon_core.shell[0m [1;30mINFO[0m Creating package script '/Users/fergusproctor/dev/SLAM-robot/ros2_ws/install/turtlesim/share/turtlesim/package.sh'
[6.813s] [34mcolcon.colcon_core.shell[0m [1;30mINFO[0m Creating package script '/Users/fergusproctor/dev/SLAM-robot/ros2_ws/install/turtlesim/share/turtlesim/package.bash'
[6.814s] [34mcolcon.colcon_core.shell[0m [1;30mINFO[0m Creating package script '/Users/fergusproctor/dev/SLAM-robot/ros2_ws/install/turtlesim/share/turtlesim/package.zsh'
[6.814s] [34mcolcon.colcon_core.environment[0m [1;30mLevel 1[0m create_file_with_runtime_dependencies(/Users/fergusproctor/dev/SLAM-robot/ros2_ws/install/turtlesim/share/colcon-core/packages/turtlesim)
[7.383s] [34mcolcon.colcon_core.environment[0m [1;30mLevel 1[0m create_environment_scripts_only(turtlesim)
[7.384s] [34mcolcon.colcon_core.environment[0m [1;30mLevel 1[0m checking '/Users/fergusproctor/dev/SLAM-robot/ros2_ws/install/turtlesim' for CMake module files
[7.384s] [34mcolcon.colcon_core.environment[0m [1;30mLevel 1[0m checking '/Users/fergusproctor/dev/SLAM-robot/ros2_ws/install/turtlesim' for CMake config files
[7.384s] [34mcolcon.colcon_core.shell[0m [1;30mLevel 1[0m create_environment_hook('turtlesim', 'cmake_prefix_path')
[7.385s] [34mcolcon.colcon_core.shell[0m [1;30mINFO[0m Creating environment hook '/Users/fergusproctor/dev/SLAM-robot/ros2_ws/install/turtlesim/share/turtlesim/hook/cmake_prefix_path.ps1'
[7.385s] [34mcolcon.colcon_core.shell[0m [1;30mINFO[0m Creating environment descriptor '/Users/fergusproctor/dev/SLAM-robot/ros2_ws/install/turtlesim/share/turtlesim/hook/cmake_prefix_path.dsv'
[7.385s] [34mcolcon.colcon_core.shell[0m [1;30mINFO[0m Creating environment hook '/Users/fergusproctor/dev/SLAM-robot/ros2_ws/install/turtlesim/share/turtlesim/hook/cmake_prefix_path.sh'
[7.385s] [34mcolcon.colcon_core.environment[0m [1;30mLevel 1[0m checking '/Users/fergusproctor/dev/SLAM-robot/ros2_ws/install/turtlesim/lib'
[7.385s] [34mcolcon.colcon_core.shell[0m [1;30mLevel 1[0m create_environment_hook('turtlesim', 'dyld_library_path')
[7.385s] [34mcolcon.colcon_core.shell[0m [1;30mINFO[0m Creating environment hook '/Users/fergusproctor/dev/SLAM-robot/ros2_ws/install/turtlesim/share/turtlesim/hook/dyld_library_path.ps1'
[7.386s] [34mcolcon.colcon_core.shell[0m [1;30mINFO[0m Creating environment descriptor '/Users/fergusproctor/dev/SLAM-robot/ros2_ws/install/turtlesim/share/turtlesim/hook/dyld_library_path.dsv'
[7.386s] [34mcolcon.colcon_core.shell[0m [1;30mINFO[0m Creating environment hook '/Users/fergusproctor/dev/SLAM-robot/ros2_ws/install/turtlesim/share/turtlesim/hook/dyld_library_path.sh'
[7.386s] [34mcolcon.colcon_core.environment[0m [1;30mLevel 1[0m checking '/Users/fergusproctor/dev/SLAM-robot/ros2_ws/install/turtlesim/bin'
[7.386s] [34mcolcon.colcon_core.environment[0m [1;30mLevel 1[0m checking '/Users/fergusproctor/dev/SLAM-robot/ros2_ws/install/turtlesim/lib/pkgconfig/turtlesim.pc'
[7.386s] [34mcolcon.colcon_core.environment[0m [1;30mLevel 1[0m checking '/Users/fergusproctor/dev/SLAM-robot/ros2_ws/install/turtlesim/lib/python3.11/site-packages'
[7.386s] [34mcolcon.colcon_core.environment[0m [1;30mLevel 1[0m checking '/Users/fergusproctor/dev/SLAM-robot/ros2_ws/install/turtlesim/bin'
[7.386s] [34mcolcon.colcon_core.shell[0m [1;30mINFO[0m Creating package script '/Users/fergusproctor/dev/SLAM-robot/ros2_ws/install/turtlesim/share/turtlesim/package.ps1'
[7.387s] [34mcolcon.colcon_core.shell[0m [1;30mINFO[0m Creating package descriptor '/Users/fergusproctor/dev/SLAM-robot/ros2_ws/install/turtlesim/share/turtlesim/package.dsv'
[7.387s] [34mcolcon.colcon_core.shell[0m [1;30mINFO[0m Creating package script '/Users/fergusproctor/dev/SLAM-robot/ros2_ws/install/turtlesim/share/turtlesim/package.sh'
[7.387s] [34mcolcon.colcon_core.shell[0m [1;30mINFO[0m Creating package script '/Users/fergusproctor/dev/SLAM-robot/ros2_ws/install/turtlesim/share/turtlesim/package.bash'
[7.387s] [34mcolcon.colcon_core.shell[0m [1;30mINFO[0m Creating package script '/Users/fergusproctor/dev/SLAM-robot/ros2_ws/install/turtlesim/share/turtlesim/package.zsh'
[7.387s] [34mcolcon.colcon_core.environment[0m [1;30mLevel 1[0m create_file_with_runtime_dependencies(/Users/fergusproctor/dev/SLAM-robot/ros2_ws/install/turtlesim/share/colcon-core/packages/turtlesim)
[7.388s] [34mcolcon.colcon_parallel_executor.executor.parallel[0m [1;30mDEBUG[0m [32mclosing loop[0m
[7.388s] [34mcolcon.colcon_parallel_executor.executor.parallel[0m [1;30mDEBUG[0m [32mloop closed[0m
[7.388s] [34mcolcon.colcon_parallel_executor.executor.parallel[0m [1;30mDEBUG[0m [32mrun_until_complete finished with '0'[0m
[7.388s] [34mcolcon.colcon_core.event_reactor[0m [1;30mDEBUG[0m [32mjoining thread[0m
[7.390s] [34mcolcon.colcon_core.plugin_system[0m [1;30mINFO[0m Skipping extension 'colcon_notification.desktop_notification.notify2': 'notify2' not found
[7.390s] [34mcolcon.colcon_core.plugin_system[0m [1;30mINFO[0m Skipping extension 'colcon_notification.desktop_notification.notify_send': Not used on non-Linux systems
[7.390s] [34mcolcon.colcon_core.plugin_system[0m [1;30mINFO[0m Skipping extension 'colcon_notification.desktop_notification.win32': Not used on non-Windows systems
[7.390s] [34mcolcon.colcon_notification.desktop_notification[0m [1;30mINFO[0m Sending desktop notification using 'terminal_notifier'
[7.501s] [34mcolcon.colcon_core.event_reactor[0m [1;30mDEBUG[0m [32mjoined thread[0m
[7.502s] [34mcolcon.colcon_core.shell[0m [1;30mINFO[0m Creating prefix script '/Users/fergusproctor/dev/SLAM-robot/ros2_ws/install/local_setup.ps1'
[7.503s] [34mcolcon.colcon_core.shell[0m [1;30mINFO[0m Creating prefix util module '/Users/fergusproctor/dev/SLAM-robot/ros2_ws/install/_local_setup_util_ps1.py'
[7.504s] [34mcolcon.colcon_core.shell[0m [1;30mINFO[0m Creating prefix chain script '/Users/fergusproctor/dev/SLAM-robot/ros2_ws/install/setup.ps1'
[7.505s] [34mcolcon.colcon_core.shell[0m [1;30mINFO[0m Creating prefix script '/Users/fergusproctor/dev/SLAM-robot/ros2_ws/install/local_setup.sh'
[7.505s] [34mcolcon.colcon_core.shell[0m [1;30mINFO[0m Creating prefix util module '/Users/fergusproctor/dev/SLAM-robot/ros2_ws/install/_local_setup_util_sh.py'
[7.506s] [34mcolcon.colcon_core.shell[0m [1;30mINFO[0m Creating prefix chain script '/Users/fergusproctor/dev/SLAM-robot/ros2_ws/install/setup.sh'
[7.507s] [34mcolcon.colcon_core.shell[0m [1;30mINFO[0m Creating prefix script '/Users/fergusproctor/dev/SLAM-robot/ros2_ws/install/local_setup.bash'
[7.507s] [34mcolcon.colcon_core.shell[0m [1;30mINFO[0m Creating prefix chain script '/Users/fergusproctor/dev/SLAM-robot/ros2_ws/install/setup.bash'
[7.508s] [34mcolcon.colcon_core.shell[0m [1;30mINFO[0m Creating prefix script '/Users/fergusproctor/dev/SLAM-robot/ros2_ws/install/local_setup.zsh'
[7.508s] [34mcolcon.colcon_core.shell[0m [1;30mINFO[0m Creating prefix chain script '/Users/fergusproctor/dev/SLAM-robot/ros2_ws/install/setup.zsh'
