[0.000000] (-) TimerEvent: {}
[0.000000] (examples_rclcpp_async_client) JobQueued: {'identifier': 'examples_rclcpp_async_client', 'dependencies': OrderedDict()}
[0.016000] (examples_rclcpp_cbg_executor) JobQueued: {'identifier': 'examples_rclcpp_cbg_executor', 'dependencies': OrderedDict()}
[0.016000] (examples_rclcpp_minimal_action_client) JobQueued: {'identifier': 'examples_rclcpp_minimal_action_client', 'dependencies': OrderedDict()}
[0.016000] (examples_rclcpp_minimal_action_server) JobQueued: {'identifier': 'examples_rclcpp_minimal_action_server', 'dependencies': OrderedDict()}
[0.016000] (examples_rclcpp_minimal_client) JobQueued: {'identifier': 'examples_rclcpp_minimal_client', 'dependencies': OrderedDict()}
[0.016000] (examples_rclcpp_minimal_composition) JobQueued: {'identifier': 'examples_rclcpp_minimal_composition', 'dependencies': OrderedDict()}
[0.016000] (examples_rclcpp_minimal_publisher) JobQueued: {'identifier': 'examples_rclcpp_minimal_publisher', 'dependencies': OrderedDict()}
[0.016000] (examples_rclcpp_minimal_service) JobQueued: {'identifier': 'examples_rclcpp_minimal_service', 'dependencies': OrderedDict()}
[0.016000] (examples_rclcpp_minimal_subscriber) JobQueued: {'identifier': 'examples_rclcpp_minimal_subscriber', 'dependencies': OrderedDict()}
[0.016000] (examples_rclcpp_minimal_timer) JobQueued: {'identifier': 'examples_rclcpp_minimal_timer', 'dependencies': OrderedDict()}
[0.016000] (examples_rclcpp_multithreaded_executor) JobQueued: {'identifier': 'examples_rclcpp_multithreaded_executor', 'dependencies': OrderedDict()}
[0.016000] (examples_rclcpp_wait_set) JobQueued: {'identifier': 'examples_rclcpp_wait_set', 'dependencies': OrderedDict()}
[0.016000] (examples_rclpy_executors) JobQueued: {'identifier': 'examples_rclpy_executors', 'dependencies': OrderedDict()}
[0.016000] (examples_rclpy_guard_conditions) JobQueued: {'identifier': 'examples_rclpy_guard_conditions', 'dependencies': OrderedDict()}
[0.016000] (examples_rclpy_minimal_action_client) JobQueued: {'identifier': 'examples_rclpy_minimal_action_client', 'dependencies': OrderedDict()}
[0.016000] (examples_rclpy_minimal_action_server) JobQueued: {'identifier': 'examples_rclpy_minimal_action_server', 'dependencies': OrderedDict()}
[0.016000] (examples_rclpy_minimal_client) JobQueued: {'identifier': 'examples_rclpy_minimal_client', 'dependencies': OrderedDict()}
[0.016000] (examples_rclpy_minimal_publisher) JobQueued: {'identifier': 'examples_rclpy_minimal_publisher', 'dependencies': OrderedDict()}
[0.016000] (examples_rclpy_minimal_service) JobQueued: {'identifier': 'examples_rclpy_minimal_service', 'dependencies': OrderedDict()}
[0.016000] (examples_rclpy_minimal_subscriber) JobQueued: {'identifier': 'examples_rclpy_minimal_subscriber', 'dependencies': OrderedDict()}
[0.016000] (examples_rclpy_pointcloud_publisher) JobQueued: {'identifier': 'examples_rclpy_pointcloud_publisher', 'dependencies': OrderedDict()}
[0.016000] (launch_testing_examples) JobQueued: {'identifier': 'launch_testing_examples', 'dependencies': OrderedDict()}
[0.016000] (examples_rclcpp_async_client) JobStarted: {'identifier': 'examples_rclcpp_async_client'}
[0.109000] (-) TimerEvent: {}
[0.219000] (-) TimerEvent: {}
[0.344000] (-) TimerEvent: {}
[0.391000] (examples_rclcpp_cbg_executor) JobStarted: {'identifier': 'examples_rclcpp_cbg_executor'}
[0.453000] (-) TimerEvent: {}
[0.562000] (-) TimerEvent: {}
[0.672000] (-) TimerEvent: {}
[0.781000] (-) TimerEvent: {}
[0.797000] (examples_rclcpp_minimal_action_client) JobStarted: {'identifier': 'examples_rclcpp_minimal_action_client'}
[0.891000] (-) TimerEvent: {}
[1.000000] (-) TimerEvent: {}
[1.109000] (-) TimerEvent: {}
[1.219000] (examples_rclcpp_minimal_action_server) JobStarted: {'identifier': 'examples_rclcpp_minimal_action_server'}
[1.219000] (-) TimerEvent: {}
[1.328000] (-) TimerEvent: {}
[1.437000] (-) TimerEvent: {}
[1.547000] (-) TimerEvent: {}
[1.656000] (-) TimerEvent: {}
[1.719000] (examples_rclcpp_async_client) JobProgress: {'identifier': 'examples_rclcpp_async_client', 'progress': 'cmake'}
[1.719000] (examples_rclcpp_async_client) StderrLine: {'line': b'Traceback (most recent call last):\n  File "c:\\python38\\lib\\site-packages\\colcon_core\\executor\\__init__.py", line 91, in __call__\n    rc = await self.task(*args, **kwargs)\n  File "c:\\python38\\lib\\site-packages\\colcon_core\\task\\__init__.py", line 93, in __call__\n    return await task_method(*args, **kwargs)\n  File "c:\\python38\\lib\\site-packages\\colcon_ros\\task\\ament_cmake\\build.py", line 59, in build\n    rc = await extension.build(\n  File "c:\\python38\\lib\\site-packages\\colcon_cmake\\task\\cmake\\build.py", line 87, in build\n    rc = await self._reconfigure(args, env)\n  File "c:\\python38\\lib\\site-packages\\colcon_cmake\\task\\cmake\\build.py", line 153, in _reconfigure\n    raise RuntimeError(\nRuntimeError: VisualStudioVersion is not set, please run within a Visual Studio Command Prompt.\n'}
[1.734000] (examples_rclcpp_async_client) JobEnded: {'identifier': 'examples_rclcpp_async_client', 'rc': 1}
[1.766000] (-) TimerEvent: {}
[1.766000] (examples_rclcpp_cbg_executor) JobProgress: {'identifier': 'examples_rclcpp_cbg_executor', 'progress': 'cmake'}
[1.766000] (examples_rclcpp_cbg_executor) StderrLine: {'line': b'Traceback (most recent call last):\n  File "c:\\python38\\lib\\site-packages\\colcon_core\\executor\\__init__.py", line 91, in __call__\n    rc = await self.task(*args, **kwargs)\n  File "c:\\python38\\lib\\site-packages\\colcon_core\\task\\__init__.py", line 93, in __call__\n    return await task_method(*args, **kwargs)\n  File "c:\\python38\\lib\\site-packages\\colcon_ros\\task\\ament_cmake\\build.py", line 59, in build\n    rc = await extension.build(\n  File "c:\\python38\\lib\\site-packages\\colcon_cmake\\task\\cmake\\build.py", line 87, in build\n    rc = await self._reconfigure(args, env)\n  File "c:\\python38\\lib\\site-packages\\colcon_cmake\\task\\cmake\\build.py", line 153, in _reconfigure\n    raise RuntimeError(\nRuntimeError: VisualStudioVersion is not set, please run within a Visual Studio Command Prompt.\n'}
[1.781000] (examples_rclcpp_cbg_executor) JobEnded: {'identifier': 'examples_rclcpp_cbg_executor', 'rc': 1}
[1.797000] (examples_rclcpp_minimal_action_client) JobProgress: {'identifier': 'examples_rclcpp_minimal_action_client', 'progress': 'cmake'}
[1.797000] (examples_rclcpp_minimal_action_client) StderrLine: {'line': b'Traceback (most recent call last):\n  File "c:\\python38\\lib\\site-packages\\colcon_core\\executor\\__init__.py", line 91, in __call__\n    rc = await self.task(*args, **kwargs)\n  File "c:\\python38\\lib\\site-packages\\colcon_core\\task\\__init__.py", line 93, in __call__\n    return await task_method(*args, **kwargs)\n  File "c:\\python38\\lib\\site-packages\\colcon_ros\\task\\ament_cmake\\build.py", line 59, in build\n    rc = await extension.build(\n  File "c:\\python38\\lib\\site-packages\\colcon_cmake\\task\\cmake\\build.py", line 87, in build\n    rc = await self._reconfigure(args, env)\n  File "c:\\python38\\lib\\site-packages\\colcon_cmake\\task\\cmake\\build.py", line 153, in _reconfigure\n    raise RuntimeError(\nRuntimeError: VisualStudioVersion is not set, please run within a Visual Studio Command Prompt.\n'}
[1.812000] (examples_rclcpp_minimal_action_client) JobEnded: {'identifier': 'examples_rclcpp_minimal_action_client', 'rc': 1}
[1.828000] (examples_rclcpp_minimal_action_server) JobEnded: {'identifier': 'examples_rclcpp_minimal_action_server', 'rc': 'SIGINT'}
[1.844000] (examples_rclcpp_minimal_client) JobSkipped: {'identifier': 'examples_rclcpp_minimal_client'}
[1.844000] (examples_rclcpp_minimal_composition) JobSkipped: {'identifier': 'examples_rclcpp_minimal_composition'}
[1.844000] (examples_rclcpp_minimal_publisher) JobSkipped: {'identifier': 'examples_rclcpp_minimal_publisher'}
[1.844000] (examples_rclcpp_minimal_service) JobSkipped: {'identifier': 'examples_rclcpp_minimal_service'}
[1.844000] (examples_rclcpp_minimal_subscriber) JobSkipped: {'identifier': 'examples_rclcpp_minimal_subscriber'}
[1.844000] (examples_rclcpp_minimal_timer) JobSkipped: {'identifier': 'examples_rclcpp_minimal_timer'}
[1.844000] (examples_rclcpp_multithreaded_executor) JobSkipped: {'identifier': 'examples_rclcpp_multithreaded_executor'}
[1.844000] (examples_rclcpp_wait_set) JobSkipped: {'identifier': 'examples_rclcpp_wait_set'}
[1.844000] (examples_rclpy_executors) JobSkipped: {'identifier': 'examples_rclpy_executors'}
[1.844000] (examples_rclpy_guard_conditions) JobSkipped: {'identifier': 'examples_rclpy_guard_conditions'}
[1.844000] (examples_rclpy_minimal_action_client) JobSkipped: {'identifier': 'examples_rclpy_minimal_action_client'}
[1.844000] (examples_rclpy_minimal_action_server) JobSkipped: {'identifier': 'examples_rclpy_minimal_action_server'}
[1.844000] (examples_rclpy_minimal_client) JobSkipped: {'identifier': 'examples_rclpy_minimal_client'}
[1.844000] (examples_rclpy_minimal_publisher) JobSkipped: {'identifier': 'examples_rclpy_minimal_publisher'}
[1.844000] (examples_rclpy_minimal_service) JobSkipped: {'identifier': 'examples_rclpy_minimal_service'}
[1.844000] (examples_rclpy_minimal_subscriber) JobSkipped: {'identifier': 'examples_rclpy_minimal_subscriber'}
[1.844000] (examples_rclpy_pointcloud_publisher) JobSkipped: {'identifier': 'examples_rclpy_pointcloud_publisher'}
[1.844000] (launch_testing_examples) JobSkipped: {'identifier': 'launch_testing_examples'}
[1.844000] (-) EventReactorShutdown: {}
