[0.390s] Invoking command in 'C:\Users\felix\dev\SLAM-robot\ros2_ws\build\examples_rclcpp_minimal_action_server': C:\Program Files\CMake\bin\cmake.EXE C:\Users\felix\dev\SLAM-robot\ros2_ws\src\examples\rclcpp\actions\minimal_action_server -DAMENT_CMAKE_SYMLINK_INSTALL=1 -DCMAKE_INSTALL_PREFIX=C:\Users\felix\dev\SLAM-robot\ros2_ws\install -G Visual Studio 16 2019
[0.578s] -- Selecting Windows SDK version 10.0.19041.0 to target Windows 10.0.19045.
[8.906s] -- The C compiler identification is MSVC 19.29.30154.0
[163.437s] -- The CXX compiler identification is MSVC 19.29.30154.0
[163.453s] -- Detecting C compiler ABI info
[163.453s] -- Detecting C compiler ABI info - done
[163.453s] -- Check for working C compiler: C:/Program Files (x86)/Microsoft Visual Studio/2019/Community/VC/Tools/MSVC/14.29.30133/bin/Hostx64/x64/cl.exe - skipped
[163.453s] -- Detecting C compile features
[163.453s] -- Detecting C compile features - done
[163.453s] -- Detecting CXX compiler ABI info
[163.484s] -- Detecting CXX compiler ABI info - done
[163.484s] -- Check for working CXX compiler: C:/Program Files (x86)/Microsoft Visual Studio/2019/Community/VC/Tools/MSVC/14.29.30133/bin/Hostx64/x64/cl.exe - skipped
[163.484s] -- Detecting CXX compile features
[163.484s] -- Detecting CXX compile features - done
[163.484s] -- Found ament_cmake: 2.7.0 (C:/ros2-package-windows-AMD64/ros2-windows/share/ament_cmake/cmake)
[163.484s] -- Found Python3: C:/Python38/python.exe (found version "3.8.3") found components: Interpreter
[163.484s] -- Override CMake install command with custom implementation using symlinks instead of copying resources
[163.484s] -- Found example_interfaces: 0.13.0 (C:/ros2-package-windows-AMD64/ros2-windows/share/example_interfaces/cmake)
[163.500s] -- Found rosidl_generator_c: 4.8.1 (C:/ros2-package-windows-AMD64/ros2-windows/share/rosidl_generator_c/cmake)
[163.500s] -- Found rosidl_generator_cpp: 4.8.1 (C:/ros2-package-windows-AMD64/ros2-windows/share/rosidl_generator_cpp/cmake)
[163.500s] -- Using all available rosidl_typesupport_c: rosidl_typesupport_fastrtps_c;rosidl_typesupport_introspection_c
[163.500s] -- Using all available rosidl_typesupport_cpp: rosidl_typesupport_fastrtps_cpp;rosidl_typesupport_introspection_cpp
[163.500s] -- Found rclcpp: 28.3.1 (C:/ros2-package-windows-AMD64/ros2-windows/share/rclcpp/cmake)
[163.500s] -- Found rmw_implementation_cmake: 7.4.1 (C:/ros2-package-windows-AMD64/ros2-windows/share/rmw_implementation_cmake/cmake)
[163.500s] -- Found rmw_fastrtps_cpp: 9.0.0 (C:/ros2-package-windows-AMD64/ros2-windows/share/rmw_fastrtps_cpp/cmake)
[163.500s] -- Found OpenSSL: optimized;C:/Program Files/OpenSSL-Win64/lib/VC/libcrypto64MD.lib;debug;C:/Program Files/OpenSSL-Win64/lib/VC/libcrypto64MDd.lib (found version "1.1.1u")
[163.500s] -- Found FastRTPS: C:/ros2-package-windows-AMD64/ros2-windows/include (Required is at least version "2.13")
[163.500s] -- Using RMW implementation 'rmw_fastrtps_cpp' as default
[163.500s] -- Found rclcpp_action: 28.3.1 (C:/ros2-package-windows-AMD64/ros2-windows/share/rclcpp_action/cmake)
[163.500s] -- Found ament_lint_auto: 0.18.1 (C:/ros2-package-windows-AMD64/ros2-windows/share/ament_lint_auto/cmake)
[163.500s] -- Added test 'copyright' to check source files copyright and LICENSE
[163.500s] -- Added test 'cppcheck' to perform static code analysis on C / C++ code
[163.500s] -- Configured cppcheck include dirs: 
[163.500s] -- Configured cppcheck exclude dirs and/or files: 
[163.500s] -- Added test 'cpplint' to check C / C++ code against the Google style
[163.500s] -- Configured cpplint exclude dirs and/or files: 
[163.500s] -- Added test 'lint_cmake' to check CMake code style
[163.500s] -- Added test 'uncrustify' to check C / C++ code style
[163.500s] -- Configured uncrustify additional arguments: 
[163.500s] -- Added test 'xmllint' to check XML markup files
[163.500s] -- Configuring done (77.7s)
[163.500s] -- Generating done (3.2s)
[163.500s] -- Build files have been written to: C:/Users/felix/dev/SLAM-robot/ros2_ws/build/examples_rclcpp_minimal_action_server
[163.515s] Invoked command in 'C:\Users\felix\dev\SLAM-robot\ros2_ws\build\examples_rclcpp_minimal_action_server' returned '0': C:\Program Files\CMake\bin\cmake.EXE C:\Users\felix\dev\SLAM-robot\ros2_ws\src\examples\rclcpp\actions\minimal_action_server -DAMENT_CMAKE_SYMLINK_INSTALL=1 -DCMAKE_INSTALL_PREFIX=C:\Users\felix\dev\SLAM-robot\ros2_ws\install -G Visual Studio 16 2019
[163.515s] Invoking command in 'C:\Users\felix\dev\SLAM-robot\ros2_ws\build\examples_rclcpp_minimal_action_server': CL=/MP C:\Program Files\CMake\bin\cmake.EXE --build C:\Users\felix\dev\SLAM-robot\ros2_ws\build\examples_rclcpp_minimal_action_server --config Release
[163.937s] Microsoft (R) Build Engine version 16.11.2+f32259642 for .NET Framework
[163.937s] Copyright (C) Microsoft Corporation. All rights reserved.
[163.937s] 
[164.984s]   1>Checking Build System
[165.781s]   Building Custom Rule C:/Users/felix/dev/SLAM-robot/ros2_ws/src/examples/rclcpp/actions/minimal_action_server/CMakeLists.txt
[166.359s]   member_functions.cpp
[201.953s]   action_server_member_functions.vcxproj -> C:\Users\felix\dev\SLAM-robot\ros2_ws\build\examples_rclcpp_minimal_action_server\Release\action_server_member_functions.exe
[202.921s]   Building Custom Rule C:/Users/felix/dev/SLAM-robot/ros2_ws/src/examples/rclcpp/actions/minimal_action_server/CMakeLists.txt
[205.218s]   not_composable.cpp
[242.203s]   action_server_not_composable.vcxproj -> C:\Users\felix\dev\SLAM-robot\ros2_ws\build\examples_rclcpp_minimal_action_server\Release\action_server_not_composable.exe
[243.093s]   Building Custom Rule C:/Users/felix/dev/SLAM-robot/ros2_ws/src/examples/rclcpp/actions/minimal_action_server/CMakeLists.txt
