[0.022s] Invoking command in '/Users/fergusproctor/dev/SLAM-robot/ros2_ws/build/serial_communicator': CMAKE_PREFIX_PATH=${CMAKE_PREFIX_PATH}:/Users/fergusproctor/miniforge3/envs/ros_env CONDA_PROMPT_MODIFIER=(ros_env) SHLVL=2 _=/Users/fergusproctor/miniforge3/envs/ros_env/bin/env __CF_USER_TEXT_ENCODING=0x1F5:0x0:0x0 /Users/fergusproctor/miniforge3/envs/ros_env/bin/cmake --build /Users/fergusproctor/dev/SLAM-robot/ros2_ws/build/serial_communicator -- -j8 -l8
[0.226s] [ 50%] Built target simple_serial
[0.241s] [ 75%] Building CXX object CMakeFiles/serial_node.dir/src/serial_node.cpp.o
[2.400s] /Users/fergusproctor/dev/SLAM-robot/ros2_ws/src/serial_communicator/src/serial_node.cpp:92:72: warning: unused parameter 'length' [-Wunused-parameter]
[2.400s]             [this](const boost::system::error_code& error, std::size_t length) {
[2.400s]                                                                        ^
[2.400s] /Users/fergusproctor/dev/SLAM-robot/ros2_ws/src/serial_communicator/src/serial_node.cpp:92:14: warning: lambda capture 'this' is not used [-Wunused-lambda-capture]
[2.400s]             [this](const boost::system::error_code& error, std::size_t length) {
[2.400s]              ^~~~
[2.403s] /Users/fergusproctor/dev/SLAM-robot/ros2_ws/src/serial_communicator/src/serial_node.cpp:91:33: error: use of undeclared identifier 'data'
[2.403s]             boost::asio::buffer(data),
[2.403s]                                 ^
[2.403s] /Users/fergusproctor/dev/SLAM-robot/ros2_ws/src/serial_communicator/src/serial_node.cpp:92:72: warning: unused parameter 'length' [-Wunused-parameter]
[2.403s]             [this](const boost::system::error_code& error, std::size_t length) {
[2.403s]                                                                        ^
[2.403s] /Users/fergusproctor/dev/SLAM-robot/ros2_ws/src/serial_communicator/src/serial_node.cpp:92:14: warning: lambda capture 'this' is not used [-Wunused-lambda-capture]
[2.403s]             [this](const boost::system::error_code& error, std::size_t length) {
[2.403s]              ^
[3.383s] 4 warnings and 1 error generated.
[3.390s] make[2]: *** [CMakeFiles/serial_node.dir/build.make:76: CMakeFiles/serial_node.dir/src/serial_node.cpp.o] Error 1
[3.391s] make[1]: *** [CMakeFiles/Makefile2:139: CMakeFiles/serial_node.dir/all] Error 2
[3.391s] make: *** [Makefile:146: all] Error 2
[3.392s] Invoked command in '/Users/fergusproctor/dev/SLAM-robot/ros2_ws/build/serial_communicator' returned '2': CMAKE_PREFIX_PATH=${CMAKE_PREFIX_PATH}:/Users/fergusproctor/miniforge3/envs/ros_env CONDA_PROMPT_MODIFIER=(ros_env) SHLVL=2 _=/Users/fergusproctor/miniforge3/envs/ros_env/bin/env __CF_USER_TEXT_ENCODING=0x1F5:0x0:0x0 /Users/fergusproctor/miniforge3/envs/ros_env/bin/cmake --build /Users/fergusproctor/dev/SLAM-robot/ros2_ws/build/serial_communicator -- -j8 -l8
