running egg_info
creating ../../build/serial_communicator_py/serial_communicator_py.egg-info
writing ../../build/serial_communicator_py/serial_communicator_py.egg-info/PKG-INFO
writing dependency_links to ../../build/serial_communicator_py/serial_communicator_py.egg-info/dependency_links.txt
writing entry points to ../../build/serial_communicator_py/serial_communicator_py.egg-info/entry_points.txt
writing requirements to ../../build/serial_communicator_py/serial_communicator_py.egg-info/requires.txt
writing top-level names to ../../build/serial_communicator_py/serial_communicator_py.egg-info/top_level.txt
writing manifest file '../../build/serial_communicator_py/serial_communicator_py.egg-info/SOURCES.txt'
writing manifest file '../../build/serial_communicator_py/serial_communicator_py.egg-info/SOURCES.txt'
running build
running build_py
creating /Users/fergusproctor/dev/SLAM-robot/ros2_ws/build/serial_communicator_py/build
creating /Users/fergusproctor/dev/SLAM-robot/ros2_ws/build/serial_communicator_py/build/lib
creating /Users/fergusproctor/dev/SLAM-robot/ros2_ws/build/serial_communicator_py/build/lib/serial_communicator_py
copying serial_communicator_py/__init__.py -> /Users/fergusproctor/dev/SLAM-robot/ros2_ws/build/serial_communicator_py/build/lib/serial_communicator_py
copying serial_communicator_py/serial_node.py -> /Users/fergusproctor/dev/SLAM-robot/ros2_ws/build/serial_communicator_py/build/lib/serial_communicator_py
running install
running install_lib
creating /Users/fergusproctor/dev/SLAM-robot/ros2_ws/install/serial_communicator_py/lib/python3.11/site-packages/serial_communicator_py
copying /Users/fergusproctor/dev/SLAM-robot/ros2_ws/build/serial_communicator_py/build/lib/serial_communicator_py/__init__.py -> /Users/fergusproctor/dev/SLAM-robot/ros2_ws/install/serial_communicator_py/lib/python3.11/site-packages/serial_communicator_py
copying /Users/fergusproctor/dev/SLAM-robot/ros2_ws/build/serial_communicator_py/build/lib/serial_communicator_py/serial_node.py -> /Users/fergusproctor/dev/SLAM-robot/ros2_ws/install/serial_communicator_py/lib/python3.11/site-packages/serial_communicator_py
byte-compiling /Users/fergusproctor/dev/SLAM-robot/ros2_ws/install/serial_communicator_py/lib/python3.11/site-packages/serial_communicator_py/__init__.py to __init__.cpython-311.pyc
byte-compiling /Users/fergusproctor/dev/SLAM-robot/ros2_ws/install/serial_communicator_py/lib/python3.11/site-packages/serial_communicator_py/serial_node.py to serial_node.cpython-311.pyc
running install_data
creating /Users/fergusproctor/dev/SLAM-robot/ros2_ws/install/serial_communicator_py/share/ament_index
creating /Users/fergusproctor/dev/SLAM-robot/ros2_ws/install/serial_communicator_py/share/ament_index/resource_index
creating /Users/fergusproctor/dev/SLAM-robot/ros2_ws/install/serial_communicator_py/share/ament_index/resource_index/packages
copying resource/serial_communicator_py -> /Users/fergusproctor/dev/SLAM-robot/ros2_ws/install/serial_communicator_py/share/ament_index/resource_index/packages
copying package.xml -> /Users/fergusproctor/dev/SLAM-robot/ros2_ws/install/serial_communicator_py/share/serial_communicator_py
running install_egg_info
Copying ../../build/serial_communicator_py/serial_communicator_py.egg-info to /Users/fergusproctor/dev/SLAM-robot/ros2_ws/install/serial_communicator_py/lib/python3.11/site-packages/serial_communicator_py-0.0.0-py3.11.egg-info
running install_scripts
Installing serial_node script to /Users/fergusproctor/dev/SLAM-robot/ros2_ws/install/serial_communicator_py/lib/serial_communicator_py
writing list of installed files to '/Users/fergusproctor/dev/SLAM-robot/ros2_ws/build/serial_communicator_py/install.log'
