[0.020s] Invoking command in '/Users/fergusproctor/dev/SLAM-robot/ros2_ws/build/serial_communicator': CONDA_PROMPT_MODIFIER=(ros_env) SHLVL=2 _=/Users/fergusproctor/miniforge3/envs/ros_env/bin/env __CF_USER_TEXT_ENCODING=0x1F5:0x0:0x0 /Users/fergusproctor/miniforge3/envs/ros_env/bin/cmake /Users/fergusproctor/dev/SLAM-robot/ros2_ws/src/serial_communicator -DCMAKE_INSTALL_PREFIX=/Users/fergusproctor/dev/SLAM-robot/ros2_ws/install/serial_communicator
[0.451s] -- The C compiler identification is Clang 16.0.6
[0.584s] -- The CXX compiler identification is Clang 16.0.6
[0.620s] -- Detecting C compiler ABI info
[0.814s] -- Detecting C compiler ABI info - done
[0.818s] -- Check for working C compiler: /Users/fergusproctor/miniforge3/envs/ros_env/bin/arm64-apple-darwin20.0.0-clang - skipped
[0.818s] -- Detecting C compile features
[0.819s] -- Detecting C compile features - done
[0.849s] -- Detecting CXX compiler ABI info
[1.028s] -- Detecting CXX compiler ABI info - done
[1.032s] -- Check for working CXX compiler: /Users/fergusproctor/miniforge3/envs/ros_env/bin/arm64-apple-darwin20.0.0-clang++ - skipped
[1.032s] -- Detecting CXX compile features
[1.033s] -- Detecting CXX compile features - done
[1.050s] -- Found ament_cmake: 1.3.7 (/Users/fergusproctor/miniforge3/envs/ros_env/share/ament_cmake/cmake)
[1.595s] -- Found Python3: /opt/homebrew/Frameworks/Python.framework/Versions/3.12/bin/python3.12 (found version "3.12.4") found components: Interpreter 
[1.785s] -- Found rclcpp: 16.0.8 (/Users/fergusproctor/miniforge3/envs/ros_env/share/rclcpp/cmake)
[1.883s] -- Found rosidl_generator_c: 3.1.5 (/Users/fergusproctor/miniforge3/envs/ros_env/share/rosidl_generator_c/cmake)
[1.898s] -- Found rosidl_adapter: 3.1.5 (/Users/fergusproctor/miniforge3/envs/ros_env/share/rosidl_adapter/cmake)
[1.917s] -- Found rosidl_generator_cpp: 3.1.5 (/Users/fergusproctor/miniforge3/envs/ros_env/share/rosidl_generator_cpp/cmake)
[1.944s] -- Using all available rosidl_typesupport_c: rosidl_typesupport_fastrtps_c;rosidl_typesupport_introspection_c
[1.979s] -- Using all available rosidl_typesupport_cpp: rosidl_typesupport_fastrtps_cpp;rosidl_typesupport_introspection_cpp
[2.142s] -- Checking for module 'yaml-0.1'
[2.285s] --   Found yaml-0.1, version 0.2.5
[2.695s] -- Found rmw_implementation_cmake: 6.1.1 (/Users/fergusproctor/miniforge3/envs/ros_env/share/rmw_implementation_cmake/cmake)
[2.704s] -- Found rmw_cyclonedds_cpp: 1.3.4 (/Users/fergusproctor/miniforge3/envs/ros_env/share/rmw_cyclonedds_cpp/cmake)
[2.762s] -- Using RMW implementation 'rmw_cyclonedds_cpp' as default
[2.784s] -- Performing Test CMAKE_HAVE_LIBC_PTHREAD
[2.965s] -- Performing Test CMAKE_HAVE_LIBC_PTHREAD - Success
[2.966s] -- Found Threads: TRUE  
[3.080s] -- Found std_msgs: 4.2.3 (/Users/fergusproctor/miniforge3/envs/ros_env/share/std_msgs/cmake)
[3.123s] -- Found Boost: /Users/fergusproctor/miniforge3/envs/ros_env/lib/cmake/Boost-1.82.0/BoostConfig.cmake (found version "1.82.0") found components: system 
[3.185s] -- Found ament_lint_auto: 0.12.10 (/Users/fergusproctor/miniforge3/envs/ros_env/share/ament_lint_auto/cmake)
[3.353s] -- Added test 'cppcheck' to perform static code analysis on C / C++ code
[3.353s] -- Configured cppcheck include dirs: /Users/fergusproctor/dev/SLAM-robot/ros2_ws/src/serial_communicator/include
[3.353s] -- Configured cppcheck exclude dirs and/or files: 
[3.354s] -- Added test 'lint_cmake' to check CMake code style
[3.355s] -- Added test 'uncrustify' to check C / C++ code style
[3.355s] -- Configured uncrustify additional arguments: 
[3.356s] -- Added test 'xmllint' to check XML markup files
[3.357s] -- Configuring done (3.3s)
[3.385s] -- Generating done (0.0s)
[3.388s] -- Build files have been written to: /Users/fergusproctor/dev/SLAM-robot/ros2_ws/build/serial_communicator
[3.391s] Invoked command in '/Users/fergusproctor/dev/SLAM-robot/ros2_ws/build/serial_communicator' returned '0': CONDA_PROMPT_MODIFIER=(ros_env) SHLVL=2 _=/Users/fergusproctor/miniforge3/envs/ros_env/bin/env __CF_USER_TEXT_ENCODING=0x1F5:0x0:0x0 /Users/fergusproctor/miniforge3/envs/ros_env/bin/cmake /Users/fergusproctor/dev/SLAM-robot/ros2_ws/src/serial_communicator -DCMAKE_INSTALL_PREFIX=/Users/fergusproctor/dev/SLAM-robot/ros2_ws/install/serial_communicator
[3.392s] Invoking command in '/Users/fergusproctor/dev/SLAM-robot/ros2_ws/build/serial_communicator': CONDA_PROMPT_MODIFIER=(ros_env) SHLVL=2 _=/Users/fergusproctor/miniforge3/envs/ros_env/bin/env __CF_USER_TEXT_ENCODING=0x1F5:0x0:0x0 /Users/fergusproctor/miniforge3/envs/ros_env/bin/cmake --build /Users/fergusproctor/dev/SLAM-robot/ros2_ws/build/serial_communicator -- -j8 -l8
[3.474s] [ 50%] Building CXX object CMakeFiles/serial_node.dir/src/serial_node.cpp.o
[5.364s] /Users/fergusproctor/dev/SLAM-robot/ros2_ws/src/serial_communicator/src/serial_node.cpp:77:20: warning: multi-character character constant [-Wmultichar]
[5.364s]         std::cout<<'Hello';
[5.364s]                    ^
[5.364s] /Users/fergusproctor/dev/SLAM-robot/ros2_ws/src/serial_communicator/src/serial_node.cpp:77:20: warning: character constant too long for its type
[9.113s] 2 warnings generated.
[9.135s] [100%] Linking CXX executable serial_node
[9.223s] [100%] Built target serial_node
[9.237s] Invoked command in '/Users/fergusproctor/dev/SLAM-robot/ros2_ws/build/serial_communicator' returned '0': CONDA_PROMPT_MODIFIER=(ros_env) SHLVL=2 _=/Users/fergusproctor/miniforge3/envs/ros_env/bin/env __CF_USER_TEXT_ENCODING=0x1F5:0x0:0x0 /Users/fergusproctor/miniforge3/envs/ros_env/bin/cmake --build /Users/fergusproctor/dev/SLAM-robot/ros2_ws/build/serial_communicator -- -j8 -l8
[9.313s] Invoking command in '/Users/fergusproctor/dev/SLAM-robot/ros2_ws/build/serial_communicator': CONDA_PROMPT_MODIFIER=(ros_env) SHLVL=2 _=/Users/fergusproctor/miniforge3/envs/ros_env/bin/env __CF_USER_TEXT_ENCODING=0x1F5:0x0:0x0 /Users/fergusproctor/miniforge3/envs/ros_env/bin/cmake --install /Users/fergusproctor/dev/SLAM-robot/ros2_ws/build/serial_communicator
[9.325s] -- Install configuration: ""
[9.326s] -- Installing: /Users/fergusproctor/dev/SLAM-robot/ros2_ws/install/serial_communicator/lib/serial_communicator/serial_node
[9.326s] -- Installing: /Users/fergusproctor/dev/SLAM-robot/ros2_ws/install/serial_communicator/share/ament_index/resource_index/package_run_dependencies/serial_communicator
[9.326s] -- Installing: /Users/fergusproctor/dev/SLAM-robot/ros2_ws/install/serial_communicator/share/ament_index/resource_index/parent_prefix_path/serial_communicator
[9.326s] -- Installing: /Users/fergusproctor/dev/SLAM-robot/ros2_ws/install/serial_communicator/share/serial_communicator/environment/ament_prefix_path.sh
[9.327s] -- Installing: /Users/fergusproctor/dev/SLAM-robot/ros2_ws/install/serial_communicator/share/serial_communicator/environment/ament_prefix_path.dsv
[9.327s] -- Installing: /Users/fergusproctor/dev/SLAM-robot/ros2_ws/install/serial_communicator/share/serial_communicator/environment/path.sh
[9.327s] -- Installing: /Users/fergusproctor/dev/SLAM-robot/ros2_ws/install/serial_communicator/share/serial_communicator/environment/path.dsv
[9.327s] -- Installing: /Users/fergusproctor/dev/SLAM-robot/ros2_ws/install/serial_communicator/share/serial_communicator/local_setup.bash
[9.327s] -- Installing: /Users/fergusproctor/dev/SLAM-robot/ros2_ws/install/serial_communicator/share/serial_communicator/local_setup.sh
[9.327s] -- Installing: /Users/fergusproctor/dev/SLAM-robot/ros2_ws/install/serial_communicator/share/serial_communicator/local_setup.zsh
[9.327s] -- Installing: /Users/fergusproctor/dev/SLAM-robot/ros2_ws/install/serial_communicator/share/serial_communicator/local_setup.dsv
[9.328s] -- Installing: /Users/fergusproctor/dev/SLAM-robot/ros2_ws/install/serial_communicator/share/serial_communicator/package.dsv
[9.328s] -- Installing: /Users/fergusproctor/dev/SLAM-robot/ros2_ws/install/serial_communicator/share/ament_index/resource_index/packages/serial_communicator
[9.328s] -- Installing: /Users/fergusproctor/dev/SLAM-robot/ros2_ws/install/serial_communicator/share/serial_communicator/cmake/serial_communicatorConfig.cmake
[9.328s] -- Installing: /Users/fergusproctor/dev/SLAM-robot/ros2_ws/install/serial_communicator/share/serial_communicator/cmake/serial_communicatorConfig-version.cmake
[9.328s] -- Installing: /Users/fergusproctor/dev/SLAM-robot/ros2_ws/install/serial_communicator/share/serial_communicator/package.xml
[9.329s] Invoked command in '/Users/fergusproctor/dev/SLAM-robot/ros2_ws/build/serial_communicator' returned '0': CONDA_PROMPT_MODIFIER=(ros_env) SHLVL=2 _=/Users/fergusproctor/miniforge3/envs/ros_env/bin/env __CF_USER_TEXT_ENCODING=0x1F5:0x0:0x0 /Users/fergusproctor/miniforge3/envs/ros_env/bin/cmake --install /Users/fergusproctor/dev/SLAM-robot/ros2_ws/build/serial_communicator
