[0.024s] Invoking command in '/Users/fergusproctor/dev/SLAM-robot/ros2_ws/build/serial_communicator': CMAKE_PREFIX_PATH=${CMAKE_PREFIX_PATH}:/Users/fergusproctor/miniforge3/envs/ros_env CONDA_PROMPT_MODIFIER=(ros_env) SHLVL=2 _=/Users/fergusproctor/miniforge3/envs/ros_env/bin/env __CF_USER_TEXT_ENCODING=0x1F5:0x0:0x0 /Users/fergusproctor/miniforge3/envs/ros_env/bin/cmake --build /Users/fergusproctor/dev/SLAM-robot/ros2_ws/build/serial_communicator -- -j8 -l8
[0.181s] [ 50%] Built target simple_serial
[0.202s] [ 75%] Building CXX object CMakeFiles/serial_node.dir/src/serial_node.cpp.o
[2.239s] /Users/fergusproctor/dev/SLAM-robot/ros2_ws/src/serial_communicator/src/serial_node.cpp:79:21: error: no viable conversion from 'double' to 'std::string' (aka 'basic_string<char>')
[2.239s]         std::string data = 0.0
[2.239s]                     ^      ~~~
[2.239s] /Users/fergusproctor/miniforge3/envs/ros_env/bin/../include/c++/v1/string:896:71: note: candidate constructor not viable: no known conversion from 'double' to 'const string &' for 1st argument
[2.239s]   _LIBCPP_CONSTEXPR_SINCE_CXX20 _LIBCPP_STRING_INTERNAL_MEMORY_ACCESS basic_string(const basic_string& __str)
[2.240s]                                                                       ^
[2.240s] /Users/fergusproctor/miniforge3/envs/ros_env/bin/../include/c++/v1/string:916:55: note: candidate constructor not viable: no known conversion from 'double' to 'string &&' for 1st argument
[2.240s]   _LIBCPP_HIDE_FROM_ABI _LIBCPP_CONSTEXPR_SINCE_CXX20 basic_string(basic_string&& __str)
[2.240s]                                                       ^
[2.240s] /Users/fergusproctor/miniforge3/envs/ros_env/bin/../include/c++/v1/string:951:55: note: candidate constructor template not viable: no known conversion from 'double' to 'const char *' for 1st argument
[2.240s]   _LIBCPP_HIDE_FROM_ABI _LIBCPP_CONSTEXPR_SINCE_CXX20 basic_string(const _CharT* __s)
[2.240s]                                                       ^
[2.240s] /Users/fergusproctor/miniforge3/envs/ros_env/bin/../include/c++/v1/string:1091:55: note: candidate constructor not viable: no known conversion from 'double' to 'initializer_list<char>' for 1st argument
[2.240s]   _LIBCPP_HIDE_FROM_ABI _LIBCPP_CONSTEXPR_SINCE_CXX20 basic_string(initializer_list<_CharT> __il)
[2.240s]                                                       ^
[2.240s] /Users/fergusproctor/miniforge3/envs/ros_env/bin/../include/c++/v1/string:886:64: note: explicit constructor is not a candidate
[2.240s]   _LIBCPP_HIDE_FROM_ABI _LIBCPP_CONSTEXPR_SINCE_CXX20 explicit basic_string(const allocator_type& __a)
[2.240s]                                                                ^
[2.240s] /Users/fergusproctor/miniforge3/envs/ros_env/bin/../include/c++/v1/string:1047:93: note: explicit constructor is not a candidate
[2.240s]   _LIBCPP_METHOD_TEMPLATE_IMPLICIT_INSTANTIATION_VIS _LIBCPP_CONSTEXPR_SINCE_CXX20 explicit basic_string(const _Tp& __t)
[2.240s]                                                                                             ^
[2.240s] /Users/fergusproctor/dev/SLAM-robot/ros2_ws/src/serial_communicator/src/serial_node.cpp:79:31: error: expected ';' at end of declaration
[2.240s]         std::string data = 0.0
[2.240s]                               ^
[2.240s]                               ;
[3.206s] 2 errors generated.
[3.214s] make[2]: *** [CMakeFiles/serial_node.dir/build.make:76: CMakeFiles/serial_node.dir/src/serial_node.cpp.o] Error 1
[3.214s] make[1]: *** [CMakeFiles/Makefile2:139: CMakeFiles/serial_node.dir/all] Error 2
[3.214s] make: *** [Makefile:146: all] Error 2
[3.216s] Invoked command in '/Users/fergusproctor/dev/SLAM-robot/ros2_ws/build/serial_communicator' returned '2': CMAKE_PREFIX_PATH=${CMAKE_PREFIX_PATH}:/Users/fergusproctor/miniforge3/envs/ros_env CONDA_PROMPT_MODIFIER=(ros_env) SHLVL=2 _=/Users/fergusproctor/miniforge3/envs/ros_env/bin/env __CF_USER_TEXT_ENCODING=0x1F5:0x0:0x0 /Users/fergusproctor/miniforge3/envs/ros_env/bin/cmake --build /Users/fergusproctor/dev/SLAM-robot/ros2_ws/build/serial_communicator -- -j8 -l8
