[0.020s] Invoking command in '/Users/fergusproctor/dev/SLAM-robot/ros2_ws/build/turtlesim': CMAKE_PREFIX_PATH=${CMAKE_PREFIX_PATH}:/Users/fergusproctor/miniforge3/envs/ros_env CONDA_PROMPT_MODIFIER=(ros_env) SHLVL=2 _=/Users/fergusproctor/miniforge3/envs/ros_env/bin/env __CF_USER_TEXT_ENCODING=0x1F5:0x0:0x0 /Users/fergusproctor/miniforge3/envs/ros_env/bin/cmake /Users/fergusproctor/dev/SLAM-robot/ros2_ws/src/turtlesim -DCMAKE_INSTALL_PREFIX=/Users/fergusproctor/dev/SLAM-robot/ros2_ws/install/turtlesim
[0.417s] -- The C compiler identification is Clang 16.0.6
[0.519s] -- The CXX compiler identification is Clang 16.0.6
[0.555s] -- Detecting C compiler ABI info
[0.746s] -- Detecting C compiler ABI info - done
[0.750s] -- Check for working C compiler: /Users/fergusproctor/miniforge3/envs/ros_env/bin/arm64-apple-darwin20.0.0-clang - skipped
[0.750s] -- Detecting C compile features
[0.751s] -- Detecting C compile features - done
[0.781s] -- Detecting CXX compiler ABI info
[0.963s] -- Detecting CXX compiler ABI info - done
[0.966s] -- Check for working CXX compiler: /Users/fergusproctor/miniforge3/envs/ros_env/bin/arm64-apple-darwin20.0.0-clang++ - skipped
[0.966s] -- Detecting CXX compile features
[0.967s] -- Detecting CXX compile features - done
[0.990s] -- Found ament_cmake: 1.3.7 (/Users/fergusproctor/miniforge3/envs/ros_env/share/ament_cmake/cmake)
[1.526s] -- Found Python3: /opt/homebrew/Frameworks/Python.framework/Versions/3.12/bin/python3.12 (found version "3.12.4") found components: Interpreter 
[1.747s] -- Found ament_index_cpp: 1.4.0 (/Users/fergusproctor/miniforge3/envs/ros_env/share/ament_index_cpp/cmake)
[1.757s] -- Found geometry_msgs: 4.2.3 (/Users/fergusproctor/miniforge3/envs/ros_env/share/geometry_msgs/cmake)
[1.869s] -- Found rosidl_generator_c: 3.1.5 (/Users/fergusproctor/miniforge3/envs/ros_env/share/rosidl_generator_c/cmake)
[1.889s] -- Found rosidl_adapter: 3.1.5 (/Users/fergusproctor/miniforge3/envs/ros_env/share/rosidl_adapter/cmake)
[1.914s] -- Found rosidl_generator_cpp: 3.1.5 (/Users/fergusproctor/miniforge3/envs/ros_env/share/rosidl_generator_cpp/cmake)
[1.944s] -- Using all available rosidl_typesupport_c: rosidl_typesupport_fastrtps_c;rosidl_typesupport_introspection_c
[1.986s] -- Using all available rosidl_typesupport_cpp: rosidl_typesupport_fastrtps_cpp;rosidl_typesupport_introspection_cpp
[2.242s] -- Found rclcpp: 16.0.8 (/Users/fergusproctor/miniforge3/envs/ros_env/share/rclcpp/cmake)
[2.398s] -- Checking for module 'yaml-0.1'
[2.541s] --   Found yaml-0.1, version 0.2.5
[2.966s] -- Found rmw_implementation_cmake: 6.1.1 (/Users/fergusproctor/miniforge3/envs/ros_env/share/rmw_implementation_cmake/cmake)
[2.979s] -- Found rmw_cyclonedds_cpp: 1.3.4 (/Users/fergusproctor/miniforge3/envs/ros_env/share/rmw_cyclonedds_cpp/cmake)
[3.053s] -- Using RMW implementation 'rmw_cyclonedds_cpp' as default
[3.084s] -- Performing Test CMAKE_HAVE_LIBC_PTHREAD
[3.274s] -- Performing Test CMAKE_HAVE_LIBC_PTHREAD - Success
[3.275s] -- Found Threads: TRUE  
[3.393s] -- Found rclcpp_action: 16.0.8 (/Users/fergusproctor/miniforge3/envs/ros_env/share/rclcpp_action/cmake)
[3.499s] -- Found std_srvs: 4.2.3 (/Users/fergusproctor/miniforge3/envs/ros_env/share/std_srvs/cmake)
[4.002s] -- Found ament_cmake_ros: 0.10.0 (/Users/fergusproctor/miniforge3/envs/ros_env/share/ament_cmake_ros/cmake)
[4.869s] -- Using all available rosidl_typesupport_c: rosidl_typesupport_fastrtps_c;rosidl_typesupport_introspection_c
[5.204s] -- Using all available rosidl_typesupport_cpp: rosidl_typesupport_fastrtps_cpp;rosidl_typesupport_introspection_cpp
[5.220s] -- Configuring done (5.2s)
[5.323s] -- Generating done (0.1s)
[5.330s] -- Build files have been written to: /Users/fergusproctor/dev/SLAM-robot/ros2_ws/build/turtlesim
[5.334s] Invoked command in '/Users/fergusproctor/dev/SLAM-robot/ros2_ws/build/turtlesim' returned '0': CMAKE_PREFIX_PATH=${CMAKE_PREFIX_PATH}:/Users/fergusproctor/miniforge3/envs/ros_env CONDA_PROMPT_MODIFIER=(ros_env) SHLVL=2 _=/Users/fergusproctor/miniforge3/envs/ros_env/bin/env __CF_USER_TEXT_ENCODING=0x1F5:0x0:0x0 /Users/fergusproctor/miniforge3/envs/ros_env/bin/cmake /Users/fergusproctor/dev/SLAM-robot/ros2_ws/src/turtlesim -DCMAKE_INSTALL_PREFIX=/Users/fergusproctor/dev/SLAM-robot/ros2_ws/install/turtlesim
[5.336s] Invoking command in '/Users/fergusproctor/dev/SLAM-robot/ros2_ws/build/turtlesim': CMAKE_PREFIX_PATH=${CMAKE_PREFIX_PATH}:/Users/fergusproctor/miniforge3/envs/ros_env CONDA_PROMPT_MODIFIER=(ros_env) SHLVL=2 _=/Users/fergusproctor/miniforge3/envs/ros_env/bin/env __CF_USER_TEXT_ENCODING=0x1F5:0x0:0x0 /Users/fergusproctor/miniforge3/envs/ros_env/bin/cmake --build /Users/fergusproctor/dev/SLAM-robot/ros2_ws/build/turtlesim -- -j8 -l8
[5.425s] [  1%] Built target turtlesim__cpp
[5.435s] [ 13%] Built target turtlesim__rosidl_generator_c
[5.524s] [ 26%] Built target turtlesim__rosidl_typesupport_c
[5.525s] [ 37%] Built target turtlesim__rosidl_typesupport_introspection_c
[5.562s] [ 49%] Built target turtlesim__rosidl_typesupport_introspection_cpp
[5.569s] [ 73%] Built target turtlesim__rosidl_typesupport_cpp
[5.569s] [ 73%] Built target turtlesim__rosidl_typesupport_fastrtps_cpp
[5.581s] [ 85%] Built target turtlesim__rosidl_typesupport_fastrtps_c
[5.631s] [ 85%] Built target turtlesim
[5.656s] [ 92%] Built target mimic
[5.656s] [ 92%] Built target turtle_teleop_key
[5.656s] [ 92%] Built target draw_square
[5.677s] [100%] Built target turtlesim_node
[5.694s] Invoked command in '/Users/fergusproctor/dev/SLAM-robot/ros2_ws/build/turtlesim' returned '0': CMAKE_PREFIX_PATH=${CMAKE_PREFIX_PATH}:/Users/fergusproctor/miniforge3/envs/ros_env CONDA_PROMPT_MODIFIER=(ros_env) SHLVL=2 _=/Users/fergusproctor/miniforge3/envs/ros_env/bin/env __CF_USER_TEXT_ENCODING=0x1F5:0x0:0x0 /Users/fergusproctor/miniforge3/envs/ros_env/bin/cmake --build /Users/fergusproctor/dev/SLAM-robot/ros2_ws/build/turtlesim -- -j8 -l8
[6.289s] Invoking command in '/Users/fergusproctor/dev/SLAM-robot/ros2_ws/build/turtlesim': CMAKE_PREFIX_PATH=${CMAKE_PREFIX_PATH}:/Users/fergusproctor/miniforge3/envs/ros_env CONDA_PROMPT_MODIFIER=(ros_env) SHLVL=2 _=/Users/fergusproctor/miniforge3/envs/ros_env/bin/env __CF_USER_TEXT_ENCODING=0x1F5:0x0:0x0 /Users/fergusproctor/miniforge3/envs/ros_env/bin/cmake --install /Users/fergusproctor/dev/SLAM-robot/ros2_ws/build/turtlesim
[6.302s] -- Install configuration: ""
[6.302s] -- Up-to-date: /Users/fergusproctor/dev/SLAM-robot/ros2_ws/install/turtlesim/share/ament_index/resource_index/rosidl_interfaces/turtlesim
[6.303s] -- Up-to-date: /Users/fergusproctor/dev/SLAM-robot/ros2_ws/install/turtlesim/include/turtlesim/turtlesim
[6.303s] -- Up-to-date: /Users/fergusproctor/dev/SLAM-robot/ros2_ws/install/turtlesim/include/turtlesim/turtlesim/msg
[6.303s] -- Up-to-date: /Users/fergusproctor/dev/SLAM-robot/ros2_ws/install/turtlesim/include/turtlesim/turtlesim/msg/rosidl_generator_c__visibility_control.h
[6.303s] -- Up-to-date: /Users/fergusproctor/dev/SLAM-robot/ros2_ws/install/turtlesim/include/turtlesim/turtlesim/msg/color.h
[6.303s] -- Up-to-date: /Users/fergusproctor/dev/SLAM-robot/ros2_ws/install/turtlesim/include/turtlesim/turtlesim/msg/pose.h
[6.303s] -- Up-to-date: /Users/fergusproctor/dev/SLAM-robot/ros2_ws/install/turtlesim/include/turtlesim/turtlesim/msg/detail
[6.303s] -- Up-to-date: /Users/fergusproctor/dev/SLAM-robot/ros2_ws/install/turtlesim/include/turtlesim/turtlesim/msg/detail/pose__type_support.h
[6.303s] -- Up-to-date: /Users/fergusproctor/dev/SLAM-robot/ros2_ws/install/turtlesim/include/turtlesim/turtlesim/msg/detail/color__functions.h
[6.303s] -- Up-to-date: /Users/fergusproctor/dev/SLAM-robot/ros2_ws/install/turtlesim/include/turtlesim/turtlesim/msg/detail/pose__functions.h
[6.303s] -- Up-to-date: /Users/fergusproctor/dev/SLAM-robot/ros2_ws/install/turtlesim/include/turtlesim/turtlesim/msg/detail/color__struct.h
[6.303s] -- Up-to-date: /Users/fergusproctor/dev/SLAM-robot/ros2_ws/install/turtlesim/include/turtlesim/turtlesim/msg/detail/pose__struct.h
[6.303s] -- Up-to-date: /Users/fergusproctor/dev/SLAM-robot/ros2_ws/install/turtlesim/include/turtlesim/turtlesim/msg/detail/color__functions.c
[6.303s] -- Up-to-date: /Users/fergusproctor/dev/SLAM-robot/ros2_ws/install/turtlesim/include/turtlesim/turtlesim/msg/detail/color__type_support.h
[6.303s] -- Up-to-date: /Users/fergusproctor/dev/SLAM-robot/ros2_ws/install/turtlesim/include/turtlesim/turtlesim/msg/detail/pose__functions.c
[6.303s] -- Up-to-date: /Users/fergusproctor/dev/SLAM-robot/ros2_ws/install/turtlesim/include/turtlesim/turtlesim/action
[6.303s] -- Up-to-date: /Users/fergusproctor/dev/SLAM-robot/ros2_ws/install/turtlesim/include/turtlesim/turtlesim/action/rotate_absolute.h
[6.303s] -- Up-to-date: /Users/fergusproctor/dev/SLAM-robot/ros2_ws/install/turtlesim/include/turtlesim/turtlesim/action/detail
[6.303s] -- Up-to-date: /Users/fergusproctor/dev/SLAM-robot/ros2_ws/install/turtlesim/include/turtlesim/turtlesim/action/detail/rotate_absolute__functions.c
[6.303s] -- Up-to-date: /Users/fergusproctor/dev/SLAM-robot/ros2_ws/install/turtlesim/include/turtlesim/turtlesim/action/detail/rotate_absolute__type_support.h
[6.303s] -- Up-to-date: /Users/fergusproctor/dev/SLAM-robot/ros2_ws/install/turtlesim/include/turtlesim/turtlesim/action/detail/rotate_absolute__struct.h
[6.303s] -- Up-to-date: /Users/fergusproctor/dev/SLAM-robot/ros2_ws/install/turtlesim/include/turtlesim/turtlesim/action/detail/rotate_absolute__functions.h
[6.304s] -- Up-to-date: /Users/fergusproctor/dev/SLAM-robot/ros2_ws/install/turtlesim/include/turtlesim/turtlesim/srv
[6.304s] -- Up-to-date: /Users/fergusproctor/dev/SLAM-robot/ros2_ws/install/turtlesim/include/turtlesim/turtlesim/srv/teleport_relative.h
[6.304s] -- Up-to-date: /Users/fergusproctor/dev/SLAM-robot/ros2_ws/install/turtlesim/include/turtlesim/turtlesim/srv/kill.h
[6.304s] -- Up-to-date: /Users/fergusproctor/dev/SLAM-robot/ros2_ws/install/turtlesim/include/turtlesim/turtlesim/srv/spawn.h
[6.304s] -- Up-to-date: /Users/fergusproctor/dev/SLAM-robot/ros2_ws/install/turtlesim/include/turtlesim/turtlesim/srv/detail
[6.304s] -- Up-to-date: /Users/fergusproctor/dev/SLAM-robot/ros2_ws/install/turtlesim/include/turtlesim/turtlesim/srv/detail/spawn__functions.h
[6.304s] -- Up-to-date: /Users/fergusproctor/dev/SLAM-robot/ros2_ws/install/turtlesim/include/turtlesim/turtlesim/srv/detail/kill__struct.h
[6.304s] -- Up-to-date: /Users/fergusproctor/dev/SLAM-robot/ros2_ws/install/turtlesim/include/turtlesim/turtlesim/srv/detail/teleport_relative__type_support.h
[6.304s] -- Up-to-date: /Users/fergusproctor/dev/SLAM-robot/ros2_ws/install/turtlesim/include/turtlesim/turtlesim/srv/detail/teleport_absolute__functions.c
[6.304s] -- Up-to-date: /Users/fergusproctor/dev/SLAM-robot/ros2_ws/install/turtlesim/include/turtlesim/turtlesim/srv/detail/teleport_absolute__struct.h
[6.304s] -- Up-to-date: /Users/fergusproctor/dev/SLAM-robot/ros2_ws/install/turtlesim/include/turtlesim/turtlesim/srv/detail/set_pen__functions.c
[6.304s] -- Up-to-date: /Users/fergusproctor/dev/SLAM-robot/ros2_ws/install/turtlesim/include/turtlesim/turtlesim/srv/detail/kill__functions.c
[6.304s] -- Up-to-date: /Users/fergusproctor/dev/SLAM-robot/ros2_ws/install/turtlesim/include/turtlesim/turtlesim/srv/detail/teleport_relative__struct.h
[6.304s] -- Up-to-date: /Users/fergusproctor/dev/SLAM-robot/ros2_ws/install/turtlesim/include/turtlesim/turtlesim/srv/detail/teleport_absolute__type_support.h
[6.304s] -- Up-to-date: /Users/fergusproctor/dev/SLAM-robot/ros2_ws/install/turtlesim/include/turtlesim/turtlesim/srv/detail/teleport_relative__functions.c
[6.304s] -- Up-to-date: /Users/fergusproctor/dev/SLAM-robot/ros2_ws/install/turtlesim/include/turtlesim/turtlesim/srv/detail/set_pen__type_support.h
[6.304s] -- Up-to-date: /Users/fergusproctor/dev/SLAM-robot/ros2_ws/install/turtlesim/include/turtlesim/turtlesim/srv/detail/spawn__struct.h
[6.304s] -- Up-to-date: /Users/fergusproctor/dev/SLAM-robot/ros2_ws/install/turtlesim/include/turtlesim/turtlesim/srv/detail/spawn__functions.c
[6.304s] -- Up-to-date: /Users/fergusproctor/dev/SLAM-robot/ros2_ws/install/turtlesim/include/turtlesim/turtlesim/srv/detail/set_pen__struct.h
[6.304s] -- Up-to-date: /Users/fergusproctor/dev/SLAM-robot/ros2_ws/install/turtlesim/include/turtlesim/turtlesim/srv/detail/teleport_absolute__functions.h
[6.304s] -- Up-to-date: /Users/fergusproctor/dev/SLAM-robot/ros2_ws/install/turtlesim/include/turtlesim/turtlesim/srv/detail/spawn__type_support.h
[6.304s] -- Up-to-date: /Users/fergusproctor/dev/SLAM-robot/ros2_ws/install/turtlesim/include/turtlesim/turtlesim/srv/detail/kill__type_support.h
[6.304s] -- Up-to-date: /Users/fergusproctor/dev/SLAM-robot/ros2_ws/install/turtlesim/include/turtlesim/turtlesim/srv/detail/teleport_relative__functions.h
[6.304s] -- Up-to-date: /Users/fergusproctor/dev/SLAM-robot/ros2_ws/install/turtlesim/include/turtlesim/turtlesim/srv/detail/kill__functions.h
[6.304s] -- Up-to-date: /Users/fergusproctor/dev/SLAM-robot/ros2_ws/install/turtlesim/include/turtlesim/turtlesim/srv/detail/set_pen__functions.h
[6.304s] -- Up-to-date: /Users/fergusproctor/dev/SLAM-robot/ros2_ws/install/turtlesim/include/turtlesim/turtlesim/srv/set_pen.h
[6.305s] -- Up-to-date: /Users/fergusproctor/dev/SLAM-robot/ros2_ws/install/turtlesim/include/turtlesim/turtlesim/srv/teleport_absolute.h
[6.305s] -- Up-to-date: /Users/fergusproctor/dev/SLAM-robot/ros2_ws/install/turtlesim/lib/libturtlesim__rosidl_generator_c.dylib
[6.305s] -- Up-to-date: /Users/fergusproctor/dev/SLAM-robot/ros2_ws/install/turtlesim/include/turtlesim/turtlesim
[6.305s] -- Up-to-date: /Users/fergusproctor/dev/SLAM-robot/ros2_ws/install/turtlesim/include/turtlesim/turtlesim/msg
[6.305s] -- Up-to-date: /Users/fergusproctor/dev/SLAM-robot/ros2_ws/install/turtlesim/include/turtlesim/turtlesim/msg/detail
[6.305s] -- Up-to-date: /Users/fergusproctor/dev/SLAM-robot/ros2_ws/install/turtlesim/include/turtlesim/turtlesim/msg/detail/color__rosidl_typesupport_fastrtps_c.h
[6.305s] -- Up-to-date: /Users/fergusproctor/dev/SLAM-robot/ros2_ws/install/turtlesim/include/turtlesim/turtlesim/msg/detail/pose__rosidl_typesupport_fastrtps_c.h
[6.305s] -- Up-to-date: /Users/fergusproctor/dev/SLAM-robot/ros2_ws/install/turtlesim/include/turtlesim/turtlesim/msg/rosidl_typesupport_fastrtps_c__visibility_control.h
[6.305s] -- Up-to-date: /Users/fergusproctor/dev/SLAM-robot/ros2_ws/install/turtlesim/include/turtlesim/turtlesim/action
[6.305s] -- Up-to-date: /Users/fergusproctor/dev/SLAM-robot/ros2_ws/install/turtlesim/include/turtlesim/turtlesim/action/detail
[6.305s] -- Up-to-date: /Users/fergusproctor/dev/SLAM-robot/ros2_ws/install/turtlesim/include/turtlesim/turtlesim/action/detail/rotate_absolute__rosidl_typesupport_fastrtps_c.h
[6.305s] -- Up-to-date: /Users/fergusproctor/dev/SLAM-robot/ros2_ws/install/turtlesim/include/turtlesim/turtlesim/srv
[6.305s] -- Up-to-date: /Users/fergusproctor/dev/SLAM-robot/ros2_ws/install/turtlesim/include/turtlesim/turtlesim/srv/detail
[6.305s] -- Up-to-date: /Users/fergusproctor/dev/SLAM-robot/ros2_ws/install/turtlesim/include/turtlesim/turtlesim/srv/detail/set_pen__rosidl_typesupport_fastrtps_c.h
[6.305s] -- Up-to-date: /Users/fergusproctor/dev/SLAM-robot/ros2_ws/install/turtlesim/include/turtlesim/turtlesim/srv/detail/kill__rosidl_typesupport_fastrtps_c.h
[6.305s] -- Up-to-date: /Users/fergusproctor/dev/SLAM-robot/ros2_ws/install/turtlesim/include/turtlesim/turtlesim/srv/detail/spawn__rosidl_typesupport_fastrtps_c.h
[6.305s] -- Up-to-date: /Users/fergusproctor/dev/SLAM-robot/ros2_ws/install/turtlesim/include/turtlesim/turtlesim/srv/detail/teleport_absolute__rosidl_typesupport_fastrtps_c.h
[6.305s] -- Up-to-date: /Users/fergusproctor/dev/SLAM-robot/ros2_ws/install/turtlesim/include/turtlesim/turtlesim/srv/detail/teleport_relative__rosidl_typesupport_fastrtps_c.h
[6.305s] -- Installing: /Users/fergusproctor/dev/SLAM-robot/ros2_ws/install/turtlesim/lib/libturtlesim__rosidl_typesupport_fastrtps_c.dylib
[6.310s] /Users/fergusproctor/miniforge3/envs/ros_env/bin/install_name_tool: warning: changes being made to the file will invalidate the code signature in: /Users/fergusproctor/dev/SLAM-robot/ros2_ws/install/turtlesim/lib/libturtlesim__rosidl_typesupport_fastrtps_c.dylib
[6.311s] [cctools-port]: generating fake signature for '/Users/fergusproctor/dev/SLAM-robot/ros2_ws/install/turtlesim/lib/libturtlesim__rosidl_typesupport_fastrtps_c.dylib'
[6.322s] -- Up-to-date: /Users/fergusproctor/dev/SLAM-robot/ros2_ws/install/turtlesim/include/turtlesim/turtlesim
[6.323s] -- Up-to-date: /Users/fergusproctor/dev/SLAM-robot/ros2_ws/install/turtlesim/include/turtlesim/turtlesim/msg
[6.323s] -- Up-to-date: /Users/fergusproctor/dev/SLAM-robot/ros2_ws/install/turtlesim/include/turtlesim/turtlesim/msg/pose.hpp
[6.323s] -- Up-to-date: /Users/fergusproctor/dev/SLAM-robot/ros2_ws/install/turtlesim/include/turtlesim/turtlesim/msg/detail
[6.323s] -- Up-to-date: /Users/fergusproctor/dev/SLAM-robot/ros2_ws/install/turtlesim/include/turtlesim/turtlesim/msg/detail/pose__struct.hpp
[6.323s] -- Up-to-date: /Users/fergusproctor/dev/SLAM-robot/ros2_ws/install/turtlesim/include/turtlesim/turtlesim/msg/detail/color__struct.hpp
[6.323s] -- Up-to-date: /Users/fergusproctor/dev/SLAM-robot/ros2_ws/install/turtlesim/include/turtlesim/turtlesim/msg/detail/pose__builder.hpp
[6.323s] -- Up-to-date: /Users/fergusproctor/dev/SLAM-robot/ros2_ws/install/turtlesim/include/turtlesim/turtlesim/msg/detail/pose__traits.hpp
[6.323s] -- Up-to-date: /Users/fergusproctor/dev/SLAM-robot/ros2_ws/install/turtlesim/include/turtlesim/turtlesim/msg/detail/color__builder.hpp
[6.323s] -- Up-to-date: /Users/fergusproctor/dev/SLAM-robot/ros2_ws/install/turtlesim/include/turtlesim/turtlesim/msg/detail/color__traits.hpp
[6.323s] -- Up-to-date: /Users/fergusproctor/dev/SLAM-robot/ros2_ws/install/turtlesim/include/turtlesim/turtlesim/msg/color.hpp
[6.323s] -- Up-to-date: /Users/fergusproctor/dev/SLAM-robot/ros2_ws/install/turtlesim/include/turtlesim/turtlesim/action
[6.323s] -- Up-to-date: /Users/fergusproctor/dev/SLAM-robot/ros2_ws/install/turtlesim/include/turtlesim/turtlesim/action/rotate_absolute.hpp
[6.323s] -- Up-to-date: /Users/fergusproctor/dev/SLAM-robot/ros2_ws/install/turtlesim/include/turtlesim/turtlesim/action/detail
[6.323s] -- Up-to-date: /Users/fergusproctor/dev/SLAM-robot/ros2_ws/install/turtlesim/include/turtlesim/turtlesim/action/detail/rotate_absolute__traits.hpp
[6.323s] -- Up-to-date: /Users/fergusproctor/dev/SLAM-robot/ros2_ws/install/turtlesim/include/turtlesim/turtlesim/action/detail/rotate_absolute__builder.hpp
[6.323s] -- Up-to-date: /Users/fergusproctor/dev/SLAM-robot/ros2_ws/install/turtlesim/include/turtlesim/turtlesim/action/detail/rotate_absolute__struct.hpp
[6.323s] -- Up-to-date: /Users/fergusproctor/dev/SLAM-robot/ros2_ws/install/turtlesim/include/turtlesim/turtlesim/srv
[6.324s] -- Up-to-date: /Users/fergusproctor/dev/SLAM-robot/ros2_ws/install/turtlesim/include/turtlesim/turtlesim/srv/kill.hpp
[6.324s] -- Up-to-date: /Users/fergusproctor/dev/SLAM-robot/ros2_ws/install/turtlesim/include/turtlesim/turtlesim/srv/detail
[6.324s] -- Up-to-date: /Users/fergusproctor/dev/SLAM-robot/ros2_ws/install/turtlesim/include/turtlesim/turtlesim/srv/detail/spawn__struct.hpp
[6.324s] -- Up-to-date: /Users/fergusproctor/dev/SLAM-robot/ros2_ws/install/turtlesim/include/turtlesim/turtlesim/srv/detail/set_pen__builder.hpp
[6.324s] -- Up-to-date: /Users/fergusproctor/dev/SLAM-robot/ros2_ws/install/turtlesim/include/turtlesim/turtlesim/srv/detail/teleport_relative__traits.hpp
[6.324s] -- Up-to-date: /Users/fergusproctor/dev/SLAM-robot/ros2_ws/install/turtlesim/include/turtlesim/turtlesim/srv/detail/set_pen__traits.hpp
[6.324s] -- Up-to-date: /Users/fergusproctor/dev/SLAM-robot/ros2_ws/install/turtlesim/include/turtlesim/turtlesim/srv/detail/kill__builder.hpp
[6.324s] -- Up-to-date: /Users/fergusproctor/dev/SLAM-robot/ros2_ws/install/turtlesim/include/turtlesim/turtlesim/srv/detail/teleport_absolute__struct.hpp
[6.324s] -- Up-to-date: /Users/fergusproctor/dev/SLAM-robot/ros2_ws/install/turtlesim/include/turtlesim/turtlesim/srv/detail/teleport_relative__builder.hpp
[6.324s] -- Up-to-date: /Users/fergusproctor/dev/SLAM-robot/ros2_ws/install/turtlesim/include/turtlesim/turtlesim/srv/detail/teleport_absolute__builder.hpp
[6.324s] -- Up-to-date: /Users/fergusproctor/dev/SLAM-robot/ros2_ws/install/turtlesim/include/turtlesim/turtlesim/srv/detail/kill__struct.hpp
[6.324s] -- Up-to-date: /Users/fergusproctor/dev/SLAM-robot/ros2_ws/install/turtlesim/include/turtlesim/turtlesim/srv/detail/teleport_absolute__traits.hpp
[6.324s] -- Up-to-date: /Users/fergusproctor/dev/SLAM-robot/ros2_ws/install/turtlesim/include/turtlesim/turtlesim/srv/detail/spawn__traits.hpp
[6.324s] -- Up-to-date: /Users/fergusproctor/dev/SLAM-robot/ros2_ws/install/turtlesim/include/turtlesim/turtlesim/srv/detail/set_pen__struct.hpp
[6.324s] -- Up-to-date: /Users/fergusproctor/dev/SLAM-robot/ros2_ws/install/turtlesim/include/turtlesim/turtlesim/srv/detail/teleport_relative__struct.hpp
[6.324s] -- Up-to-date: /Users/fergusproctor/dev/SLAM-robot/ros2_ws/install/turtlesim/include/turtlesim/turtlesim/srv/detail/spawn__builder.hpp
[6.324s] -- Up-to-date: /Users/fergusproctor/dev/SLAM-robot/ros2_ws/install/turtlesim/include/turtlesim/turtlesim/srv/detail/kill__traits.hpp
[6.324s] -- Up-to-date: /Users/fergusproctor/dev/SLAM-robot/ros2_ws/install/turtlesim/include/turtlesim/turtlesim/srv/teleport_absolute.hpp
[6.324s] -- Up-to-date: /Users/fergusproctor/dev/SLAM-robot/ros2_ws/install/turtlesim/include/turtlesim/turtlesim/srv/teleport_relative.hpp
[6.324s] -- Up-to-date: /Users/fergusproctor/dev/SLAM-robot/ros2_ws/install/turtlesim/include/turtlesim/turtlesim/srv/spawn.hpp
[6.325s] -- Up-to-date: /Users/fergusproctor/dev/SLAM-robot/ros2_ws/install/turtlesim/include/turtlesim/turtlesim/srv/set_pen.hpp
[6.325s] -- Up-to-date: /Users/fergusproctor/dev/SLAM-robot/ros2_ws/install/turtlesim/include/turtlesim/turtlesim
[6.325s] -- Up-to-date: /Users/fergusproctor/dev/SLAM-robot/ros2_ws/install/turtlesim/include/turtlesim/turtlesim/msg
[6.325s] -- Up-to-date: /Users/fergusproctor/dev/SLAM-robot/ros2_ws/install/turtlesim/include/turtlesim/turtlesim/msg/rosidl_typesupport_fastrtps_cpp__visibility_control.h
[6.325s] -- Up-to-date: /Users/fergusproctor/dev/SLAM-robot/ros2_ws/install/turtlesim/include/turtlesim/turtlesim/msg/detail
[6.325s] -- Up-to-date: /Users/fergusproctor/dev/SLAM-robot/ros2_ws/install/turtlesim/include/turtlesim/turtlesim/msg/detail/color__rosidl_typesupport_fastrtps_cpp.hpp
[6.325s] -- Up-to-date: /Users/fergusproctor/dev/SLAM-robot/ros2_ws/install/turtlesim/include/turtlesim/turtlesim/msg/detail/pose__rosidl_typesupport_fastrtps_cpp.hpp
[6.325s] -- Up-to-date: /Users/fergusproctor/dev/SLAM-robot/ros2_ws/install/turtlesim/include/turtlesim/turtlesim/msg/detail/dds_fastrtps
[6.325s] -- Up-to-date: /Users/fergusproctor/dev/SLAM-robot/ros2_ws/install/turtlesim/include/turtlesim/turtlesim/action
[6.325s] -- Up-to-date: /Users/fergusproctor/dev/SLAM-robot/ros2_ws/install/turtlesim/include/turtlesim/turtlesim/action/detail
[6.325s] -- Up-to-date: /Users/fergusproctor/dev/SLAM-robot/ros2_ws/install/turtlesim/include/turtlesim/turtlesim/action/detail/rotate_absolute__rosidl_typesupport_fastrtps_cpp.hpp
[6.325s] -- Up-to-date: /Users/fergusproctor/dev/SLAM-robot/ros2_ws/install/turtlesim/include/turtlesim/turtlesim/action/detail/dds_fastrtps
[6.325s] -- Up-to-date: /Users/fergusproctor/dev/SLAM-robot/ros2_ws/install/turtlesim/include/turtlesim/turtlesim/srv
[6.325s] -- Up-to-date: /Users/fergusproctor/dev/SLAM-robot/ros2_ws/install/turtlesim/include/turtlesim/turtlesim/srv/detail
[6.325s] -- Up-to-date: /Users/fergusproctor/dev/SLAM-robot/ros2_ws/install/turtlesim/include/turtlesim/turtlesim/srv/detail/spawn__rosidl_typesupport_fastrtps_cpp.hpp
[6.325s] -- Up-to-date: /Users/fergusproctor/dev/SLAM-robot/ros2_ws/install/turtlesim/include/turtlesim/turtlesim/srv/detail/teleport_relative__rosidl_typesupport_fastrtps_cpp.hpp
[6.325s] -- Up-to-date: /Users/fergusproctor/dev/SLAM-robot/ros2_ws/install/turtlesim/include/turtlesim/turtlesim/srv/detail/kill__rosidl_typesupport_fastrtps_cpp.hpp
[6.326s] -- Up-to-date: /Users/fergusproctor/dev/SLAM-robot/ros2_ws/install/turtlesim/include/turtlesim/turtlesim/srv/detail/dds_fastrtps
[6.326s] -- Up-to-date: /Users/fergusproctor/dev/SLAM-robot/ros2_ws/install/turtlesim/include/turtlesim/turtlesim/srv/detail/set_pen__rosidl_typesupport_fastrtps_cpp.hpp
[6.326s] -- Up-to-date: /Users/fergusproctor/dev/SLAM-robot/ros2_ws/install/turtlesim/include/turtlesim/turtlesim/srv/detail/teleport_absolute__rosidl_typesupport_fastrtps_cpp.hpp
[6.326s] -- Up-to-date: /Users/fergusproctor/dev/SLAM-robot/ros2_ws/install/turtlesim/lib/libturtlesim__rosidl_typesupport_fastrtps_cpp.dylib
[6.326s] -- Up-to-date: /Users/fergusproctor/dev/SLAM-robot/ros2_ws/install/turtlesim/include/turtlesim/turtlesim
[6.326s] -- Up-to-date: /Users/fergusproctor/dev/SLAM-robot/ros2_ws/install/turtlesim/include/turtlesim/turtlesim/msg
[6.326s] -- Up-to-date: /Users/fergusproctor/dev/SLAM-robot/ros2_ws/install/turtlesim/include/turtlesim/turtlesim/msg/detail
[6.326s] -- Up-to-date: /Users/fergusproctor/dev/SLAM-robot/ros2_ws/install/turtlesim/include/turtlesim/turtlesim/msg/detail/pose__rosidl_typesupport_introspection_c.h
[6.326s] -- Up-to-date: /Users/fergusproctor/dev/SLAM-robot/ros2_ws/install/turtlesim/include/turtlesim/turtlesim/msg/detail/color__rosidl_typesupport_introspection_c.h
[6.326s] -- Up-to-date: /Users/fergusproctor/dev/SLAM-robot/ros2_ws/install/turtlesim/include/turtlesim/turtlesim/msg/detail/color__type_support.c
[6.326s] -- Up-to-date: /Users/fergusproctor/dev/SLAM-robot/ros2_ws/install/turtlesim/include/turtlesim/turtlesim/msg/detail/pose__type_support.c
[6.326s] -- Up-to-date: /Users/fergusproctor/dev/SLAM-robot/ros2_ws/install/turtlesim/include/turtlesim/turtlesim/msg/rosidl_typesupport_introspection_c__visibility_control.h
[6.326s] -- Up-to-date: /Users/fergusproctor/dev/SLAM-robot/ros2_ws/install/turtlesim/include/turtlesim/turtlesim/action
[6.326s] -- Up-to-date: /Users/fergusproctor/dev/SLAM-robot/ros2_ws/install/turtlesim/include/turtlesim/turtlesim/action/detail
[6.326s] -- Up-to-date: /Users/fergusproctor/dev/SLAM-robot/ros2_ws/install/turtlesim/include/turtlesim/turtlesim/action/detail/rotate_absolute__rosidl_typesupport_introspection_c.h
[6.326s] -- Up-to-date: /Users/fergusproctor/dev/SLAM-robot/ros2_ws/install/turtlesim/include/turtlesim/turtlesim/action/detail/rotate_absolute__type_support.c
[6.326s] -- Up-to-date: /Users/fergusproctor/dev/SLAM-robot/ros2_ws/install/turtlesim/include/turtlesim/turtlesim/srv
[6.326s] -- Up-to-date: /Users/fergusproctor/dev/SLAM-robot/ros2_ws/install/turtlesim/include/turtlesim/turtlesim/srv/detail
[6.326s] -- Up-to-date: /Users/fergusproctor/dev/SLAM-robot/ros2_ws/install/turtlesim/include/turtlesim/turtlesim/srv/detail/set_pen__type_support.c
[6.326s] -- Up-to-date: /Users/fergusproctor/dev/SLAM-robot/ros2_ws/install/turtlesim/include/turtlesim/turtlesim/srv/detail/teleport_relative__rosidl_typesupport_introspection_c.h
[6.326s] -- Up-to-date: /Users/fergusproctor/dev/SLAM-robot/ros2_ws/install/turtlesim/include/turtlesim/turtlesim/srv/detail/spawn__type_support.c
[6.326s] -- Up-to-date: /Users/fergusproctor/dev/SLAM-robot/ros2_ws/install/turtlesim/include/turtlesim/turtlesim/srv/detail/spawn__rosidl_typesupport_introspection_c.h
[6.326s] -- Up-to-date: /Users/fergusproctor/dev/SLAM-robot/ros2_ws/install/turtlesim/include/turtlesim/turtlesim/srv/detail/teleport_absolute__rosidl_typesupport_introspection_c.h
[6.326s] -- Up-to-date: /Users/fergusproctor/dev/SLAM-robot/ros2_ws/install/turtlesim/include/turtlesim/turtlesim/srv/detail/kill__type_support.c
[6.326s] -- Up-to-date: /Users/fergusproctor/dev/SLAM-robot/ros2_ws/install/turtlesim/include/turtlesim/turtlesim/srv/detail/set_pen__rosidl_typesupport_introspection_c.h
[6.326s] -- Up-to-date: /Users/fergusproctor/dev/SLAM-robot/ros2_ws/install/turtlesim/include/turtlesim/turtlesim/srv/detail/teleport_relative__type_support.c
[6.326s] -- Up-to-date: /Users/fergusproctor/dev/SLAM-robot/ros2_ws/install/turtlesim/include/turtlesim/turtlesim/srv/detail/kill__rosidl_typesupport_introspection_c.h
[6.326s] -- Up-to-date: /Users/fergusproctor/dev/SLAM-robot/ros2_ws/install/turtlesim/include/turtlesim/turtlesim/srv/detail/teleport_absolute__type_support.c
[6.326s] -- Installing: /Users/fergusproctor/dev/SLAM-robot/ros2_ws/install/turtlesim/lib/libturtlesim__rosidl_typesupport_introspection_c.dylib
[6.329s] /Users/fergusproctor/miniforge3/envs/ros_env/bin/install_name_tool: warning: changes being made to the file will invalidate the code signature in: /Users/fergusproctor/dev/SLAM-robot/ros2_ws/install/turtlesim/lib/libturtlesim__rosidl_typesupport_introspection_c.dylib
[6.329s] [cctools-port]: generating fake signature for '/Users/fergusproctor/dev/SLAM-robot/ros2_ws/install/turtlesim/lib/libturtlesim__rosidl_typesupport_introspection_c.dylib'
[6.337s] -- Installing: /Users/fergusproctor/dev/SLAM-robot/ros2_ws/install/turtlesim/lib/libturtlesim__rosidl_typesupport_c.dylib
[6.344s] /Users/fergusproctor/miniforge3/envs/ros_env/bin/install_name_tool: warning: changes being made to the file will invalidate the code signature in: /Users/fergusproctor/dev/SLAM-robot/ros2_ws/install/turtlesim/lib/libturtlesim__rosidl_typesupport_c.dylib
[6.344s] [cctools-port]: generating fake signature for '/Users/fergusproctor/dev/SLAM-robot/ros2_ws/install/turtlesim/lib/libturtlesim__rosidl_typesupport_c.dylib'
[6.354s] -- Up-to-date: /Users/fergusproctor/dev/SLAM-robot/ros2_ws/install/turtlesim/include/turtlesim/turtlesim
[6.354s] -- Up-to-date: /Users/fergusproctor/dev/SLAM-robot/ros2_ws/install/turtlesim/include/turtlesim/turtlesim/msg
[6.354s] -- Up-to-date: /Users/fergusproctor/dev/SLAM-robot/ros2_ws/install/turtlesim/include/turtlesim/turtlesim/msg/detail
[6.354s] -- Up-to-date: /Users/fergusproctor/dev/SLAM-robot/ros2_ws/install/turtlesim/include/turtlesim/turtlesim/msg/detail/pose__rosidl_typesupport_introspection_cpp.hpp
[6.354s] -- Up-to-date: /Users/fergusproctor/dev/SLAM-robot/ros2_ws/install/turtlesim/include/turtlesim/turtlesim/msg/detail/color__type_support.cpp
[6.354s] -- Up-to-date: /Users/fergusproctor/dev/SLAM-robot/ros2_ws/install/turtlesim/include/turtlesim/turtlesim/msg/detail/pose__type_support.cpp
[6.354s] -- Up-to-date: /Users/fergusproctor/dev/SLAM-robot/ros2_ws/install/turtlesim/include/turtlesim/turtlesim/msg/detail/color__rosidl_typesupport_introspection_cpp.hpp
[6.354s] -- Up-to-date: /Users/fergusproctor/dev/SLAM-robot/ros2_ws/install/turtlesim/include/turtlesim/turtlesim/action
[6.354s] -- Up-to-date: /Users/fergusproctor/dev/SLAM-robot/ros2_ws/install/turtlesim/include/turtlesim/turtlesim/action/detail
[6.354s] -- Up-to-date: /Users/fergusproctor/dev/SLAM-robot/ros2_ws/install/turtlesim/include/turtlesim/turtlesim/action/detail/rotate_absolute__type_support.cpp
[6.354s] -- Up-to-date: /Users/fergusproctor/dev/SLAM-robot/ros2_ws/install/turtlesim/include/turtlesim/turtlesim/action/detail/rotate_absolute__rosidl_typesupport_introspection_cpp.hpp
[6.354s] -- Up-to-date: /Users/fergusproctor/dev/SLAM-robot/ros2_ws/install/turtlesim/include/turtlesim/turtlesim/srv
[6.354s] -- Up-to-date: /Users/fergusproctor/dev/SLAM-robot/ros2_ws/install/turtlesim/include/turtlesim/turtlesim/srv/detail
[6.354s] -- Up-to-date: /Users/fergusproctor/dev/SLAM-robot/ros2_ws/install/turtlesim/include/turtlesim/turtlesim/srv/detail/spawn__rosidl_typesupport_introspection_cpp.hpp
[6.354s] -- Up-to-date: /Users/fergusproctor/dev/SLAM-robot/ros2_ws/install/turtlesim/include/turtlesim/turtlesim/srv/detail/teleport_absolute__rosidl_typesupport_introspection_cpp.hpp
[6.355s] -- Up-to-date: /Users/fergusproctor/dev/SLAM-robot/ros2_ws/install/turtlesim/include/turtlesim/turtlesim/srv/detail/spawn__type_support.cpp
[6.355s] -- Up-to-date: /Users/fergusproctor/dev/SLAM-robot/ros2_ws/install/turtlesim/include/turtlesim/turtlesim/srv/detail/set_pen__rosidl_typesupport_introspection_cpp.hpp
[6.355s] -- Up-to-date: /Users/fergusproctor/dev/SLAM-robot/ros2_ws/install/turtlesim/include/turtlesim/turtlesim/srv/detail/teleport_relative__rosidl_typesupport_introspection_cpp.hpp
[6.355s] -- Up-to-date: /Users/fergusproctor/dev/SLAM-robot/ros2_ws/install/turtlesim/include/turtlesim/turtlesim/srv/detail/teleport_relative__type_support.cpp
[6.355s] -- Up-to-date: /Users/fergusproctor/dev/SLAM-robot/ros2_ws/install/turtlesim/include/turtlesim/turtlesim/srv/detail/teleport_absolute__type_support.cpp
[6.355s] -- Up-to-date: /Users/fergusproctor/dev/SLAM-robot/ros2_ws/install/turtlesim/include/turtlesim/turtlesim/srv/detail/kill__rosidl_typesupport_introspection_cpp.hpp
[6.355s] -- Up-to-date: /Users/fergusproctor/dev/SLAM-robot/ros2_ws/install/turtlesim/include/turtlesim/turtlesim/srv/detail/kill__type_support.cpp
[6.355s] -- Up-to-date: /Users/fergusproctor/dev/SLAM-robot/ros2_ws/install/turtlesim/include/turtlesim/turtlesim/srv/detail/set_pen__type_support.cpp
[6.355s] -- Up-to-date: /Users/fergusproctor/dev/SLAM-robot/ros2_ws/install/turtlesim/lib/libturtlesim__rosidl_typesupport_introspection_cpp.dylib
[6.355s] -- Up-to-date: /Users/fergusproctor/dev/SLAM-robot/ros2_ws/install/turtlesim/lib/libturtlesim__rosidl_typesupport_cpp.dylib
[6.355s] -- Up-to-date: /Users/fergusproctor/dev/SLAM-robot/ros2_ws/install/turtlesim/share/turtlesim/action/RotateAbsolute.idl
[6.355s] -- Up-to-date: /Users/fergusproctor/dev/SLAM-robot/ros2_ws/install/turtlesim/share/turtlesim/msg/Color.idl
[6.355s] -- Up-to-date: /Users/fergusproctor/dev/SLAM-robot/ros2_ws/install/turtlesim/share/turtlesim/msg/Pose.idl
[6.355s] -- Up-to-date: /Users/fergusproctor/dev/SLAM-robot/ros2_ws/install/turtlesim/share/turtlesim/srv/Kill.idl
[6.355s] -- Up-to-date: /Users/fergusproctor/dev/SLAM-robot/ros2_ws/install/turtlesim/share/turtlesim/srv/SetPen.idl
[6.355s] -- Up-to-date: /Users/fergusproctor/dev/SLAM-robot/ros2_ws/install/turtlesim/share/turtlesim/srv/Spawn.idl
[6.355s] -- Up-to-date: /Users/fergusproctor/dev/SLAM-robot/ros2_ws/install/turtlesim/share/turtlesim/srv/TeleportAbsolute.idl
[6.355s] -- Up-to-date: /Users/fergusproctor/dev/SLAM-robot/ros2_ws/install/turtlesim/share/turtlesim/srv/TeleportRelative.idl
[6.355s] -- Up-to-date: /Users/fergusproctor/dev/SLAM-robot/ros2_ws/install/turtlesim/share/turtlesim/action/RotateAbsolute.action
[6.355s] -- Up-to-date: /Users/fergusproctor/dev/SLAM-robot/ros2_ws/install/turtlesim/share/turtlesim/msg/Color.msg
[6.356s] -- Up-to-date: /Users/fergusproctor/dev/SLAM-robot/ros2_ws/install/turtlesim/share/turtlesim/msg/Pose.msg
[6.356s] -- Up-to-date: /Users/fergusproctor/dev/SLAM-robot/ros2_ws/install/turtlesim/share/turtlesim/srv/Kill.srv
[6.356s] -- Up-to-date: /Users/fergusproctor/dev/SLAM-robot/ros2_ws/install/turtlesim/share/turtlesim/srv/Kill_Request.msg
[6.356s] -- Up-to-date: /Users/fergusproctor/dev/SLAM-robot/ros2_ws/install/turtlesim/share/turtlesim/srv/Kill_Response.msg
[6.356s] -- Up-to-date: /Users/fergusproctor/dev/SLAM-robot/ros2_ws/install/turtlesim/share/turtlesim/srv/SetPen.srv
[6.356s] -- Up-to-date: /Users/fergusproctor/dev/SLAM-robot/ros2_ws/install/turtlesim/share/turtlesim/srv/SetPen_Request.msg
[6.356s] -- Up-to-date: /Users/fergusproctor/dev/SLAM-robot/ros2_ws/install/turtlesim/share/turtlesim/srv/SetPen_Response.msg
[6.356s] -- Up-to-date: /Users/fergusproctor/dev/SLAM-robot/ros2_ws/install/turtlesim/share/turtlesim/srv/Spawn.srv
[6.356s] -- Up-to-date: /Users/fergusproctor/dev/SLAM-robot/ros2_ws/install/turtlesim/share/turtlesim/srv/Spawn_Request.msg
[6.356s] -- Up-to-date: /Users/fergusproctor/dev/SLAM-robot/ros2_ws/install/turtlesim/share/turtlesim/srv/Spawn_Response.msg
[6.356s] -- Up-to-date: /Users/fergusproctor/dev/SLAM-robot/ros2_ws/install/turtlesim/share/turtlesim/srv/TeleportAbsolute.srv
[6.356s] -- Up-to-date: /Users/fergusproctor/dev/SLAM-robot/ros2_ws/install/turtlesim/share/turtlesim/srv/TeleportAbsolute_Request.msg
[6.356s] -- Up-to-date: /Users/fergusproctor/dev/SLAM-robot/ros2_ws/install/turtlesim/share/turtlesim/srv/TeleportAbsolute_Response.msg
[6.356s] -- Up-to-date: /Users/fergusproctor/dev/SLAM-robot/ros2_ws/install/turtlesim/share/turtlesim/srv/TeleportRelative.srv
[6.356s] -- Up-to-date: /Users/fergusproctor/dev/SLAM-robot/ros2_ws/install/turtlesim/share/turtlesim/srv/TeleportRelative_Request.msg
[6.356s] -- Up-to-date: /Users/fergusproctor/dev/SLAM-robot/ros2_ws/install/turtlesim/share/turtlesim/srv/TeleportRelative_Response.msg
[6.356s] -- Up-to-date: /Users/fergusproctor/dev/SLAM-robot/ros2_ws/install/turtlesim/lib/turtlesim/turtlesim_node
[6.358s] error: /Users/fergusproctor/miniforge3/envs/ros_env/bin/install_name_tool: no LC_RPATH load command with path: /Users/fergusproctor/dev/SLAM-robot/ros2_ws/build/turtlesim found in: /Users/fergusproctor/dev/SLAM-robot/ros2_ws/install/turtlesim/lib/turtlesim/turtlesim_node (for architecture arm64), required for specified option "-delete_rpath /Users/fergusproctor/dev/SLAM-robot/ros2_ws/build/turtlesim"
[6.358s] -- Installing: /Users/fergusproctor/dev/SLAM-robot/ros2_ws/install/turtlesim/lib/turtlesim/turtle_teleop_key
[6.362s] /Users/fergusproctor/miniforge3/envs/ros_env/bin/install_name_tool: warning: changes being made to the file will invalidate the code signature in: /Users/fergusproctor/dev/SLAM-robot/ros2_ws/install/turtlesim/lib/turtlesim/turtle_teleop_key
[6.362s] [cctools-port]: generating fake signature for '/Users/fergusproctor/dev/SLAM-robot/ros2_ws/install/turtlesim/lib/turtlesim/turtle_teleop_key'
[6.373s] -- Installing: /Users/fergusproctor/dev/SLAM-robot/ros2_ws/install/turtlesim/lib/turtlesim/draw_square
[6.377s] /Users/fergusproctor/miniforge3/envs/ros_env/bin/install_name_tool: warning: changes being made to the file will invalidate the code signature in: /Users/fergusproctor/dev/SLAM-robot/ros2_ws/install/turtlesim/lib/turtlesim/draw_square
[6.378s] [cctools-port]: generating fake signature for '/Users/fergusproctor/dev/SLAM-robot/ros2_ws/install/turtlesim/lib/turtlesim/draw_square'
[6.388s] -- Installing: /Users/fergusproctor/dev/SLAM-robot/ros2_ws/install/turtlesim/lib/turtlesim/mimic
[6.392s] /Users/fergusproctor/miniforge3/envs/ros_env/bin/install_name_tool: warning: changes being made to the file will invalidate the code signature in: /Users/fergusproctor/dev/SLAM-robot/ros2_ws/install/turtlesim/lib/turtlesim/mimic
[6.392s] [cctools-port]: generating fake signature for '/Users/fergusproctor/dev/SLAM-robot/ros2_ws/install/turtlesim/lib/turtlesim/mimic'
[6.403s] -- Up-to-date: /Users/fergusproctor/dev/SLAM-robot/ros2_ws/install/turtlesim/share/turtlesim/images
[6.403s] -- Up-to-date: /Users/fergusproctor/dev/SLAM-robot/ros2_ws/install/turtlesim/share/turtlesim/images/skrey.png
[6.403s] -- Up-to-date: /Users/fergusproctor/dev/SLAM-robot/ros2_ws/install/turtlesim/share/turtlesim/images/humble.png
[6.404s] -- Up-to-date: /Users/fergusproctor/dev/SLAM-robot/ros2_ws/install/turtlesim/share/turtlesim/launch
[6.404s] -- Up-to-date: /Users/fergusproctor/dev/SLAM-robot/ros2_ws/install/turtlesim/share/turtlesim/launch/multisim.launch.py
[6.404s] -- Up-to-date: /Users/fergusproctor/dev/SLAM-robot/ros2_ws/install/turtlesim/share/ament_index/resource_index/package_run_dependencies/turtlesim
[6.404s] -- Up-to-date: /Users/fergusproctor/dev/SLAM-robot/ros2_ws/install/turtlesim/share/ament_index/resource_index/parent_prefix_path/turtlesim
[6.404s] -- Up-to-date: /Users/fergusproctor/dev/SLAM-robot/ros2_ws/install/turtlesim/share/turtlesim/environment/ament_prefix_path.sh
[6.404s] -- Installing: /Users/fergusproctor/dev/SLAM-robot/ros2_ws/install/turtlesim/share/turtlesim/environment/ament_prefix_path.dsv
[6.404s] -- Up-to-date: /Users/fergusproctor/dev/SLAM-robot/ros2_ws/install/turtlesim/share/turtlesim/environment/path.sh
[6.404s] -- Installing: /Users/fergusproctor/dev/SLAM-robot/ros2_ws/install/turtlesim/share/turtlesim/environment/path.dsv
[6.404s] -- Up-to-date: /Users/fergusproctor/dev/SLAM-robot/ros2_ws/install/turtlesim/share/turtlesim/local_setup.bash
[6.404s] -- Up-to-date: /Users/fergusproctor/dev/SLAM-robot/ros2_ws/install/turtlesim/share/turtlesim/local_setup.sh
[6.404s] -- Up-to-date: /Users/fergusproctor/dev/SLAM-robot/ros2_ws/install/turtlesim/share/turtlesim/local_setup.zsh
[6.404s] -- Installing: /Users/fergusproctor/dev/SLAM-robot/ros2_ws/install/turtlesim/share/turtlesim/local_setup.dsv
[6.405s] -- Installing: /Users/fergusproctor/dev/SLAM-robot/ros2_ws/install/turtlesim/share/turtlesim/package.dsv
[6.405s] -- Up-to-date: /Users/fergusproctor/dev/SLAM-robot/ros2_ws/install/turtlesim/share/ament_index/resource_index/packages/turtlesim
[6.405s] -- Up-to-date: /Users/fergusproctor/dev/SLAM-robot/ros2_ws/install/turtlesim/share/turtlesim/cmake/export_turtlesim__rosidl_generator_cExport.cmake
[6.405s] -- Up-to-date: /Users/fergusproctor/dev/SLAM-robot/ros2_ws/install/turtlesim/share/turtlesim/cmake/export_turtlesim__rosidl_generator_cExport-noconfig.cmake
[6.406s] -- Up-to-date: /Users/fergusproctor/dev/SLAM-robot/ros2_ws/install/turtlesim/share/turtlesim/cmake/export_turtlesim__rosidl_typesupport_fastrtps_cExport.cmake
[6.406s] -- Up-to-date: /Users/fergusproctor/dev/SLAM-robot/ros2_ws/install/turtlesim/share/turtlesim/cmake/export_turtlesim__rosidl_typesupport_fastrtps_cExport-noconfig.cmake
[6.406s] -- Up-to-date: /Users/fergusproctor/dev/SLAM-robot/ros2_ws/install/turtlesim/share/turtlesim/cmake/export_turtlesim__rosidl_generator_cppExport.cmake
[6.406s] -- Up-to-date: /Users/fergusproctor/dev/SLAM-robot/ros2_ws/install/turtlesim/share/turtlesim/cmake/export_turtlesim__rosidl_typesupport_fastrtps_cppExport.cmake
[6.406s] -- Up-to-date: /Users/fergusproctor/dev/SLAM-robot/ros2_ws/install/turtlesim/share/turtlesim/cmake/export_turtlesim__rosidl_typesupport_fastrtps_cppExport-noconfig.cmake
[6.406s] -- Up-to-date: /Users/fergusproctor/dev/SLAM-robot/ros2_ws/install/turtlesim/share/turtlesim/cmake/turtlesim__rosidl_typesupport_introspection_cExport.cmake
[6.407s] -- Up-to-date: /Users/fergusproctor/dev/SLAM-robot/ros2_ws/install/turtlesim/share/turtlesim/cmake/turtlesim__rosidl_typesupport_introspection_cExport-noconfig.cmake
[6.407s] -- Up-to-date: /Users/fergusproctor/dev/SLAM-robot/ros2_ws/install/turtlesim/share/turtlesim/cmake/turtlesim__rosidl_typesupport_cExport.cmake
[6.407s] -- Up-to-date: /Users/fergusproctor/dev/SLAM-robot/ros2_ws/install/turtlesim/share/turtlesim/cmake/turtlesim__rosidl_typesupport_cExport-noconfig.cmake
[6.407s] -- Up-to-date: /Users/fergusproctor/dev/SLAM-robot/ros2_ws/install/turtlesim/share/turtlesim/cmake/turtlesim__rosidl_typesupport_introspection_cppExport.cmake
[6.407s] -- Up-to-date: /Users/fergusproctor/dev/SLAM-robot/ros2_ws/install/turtlesim/share/turtlesim/cmake/turtlesim__rosidl_typesupport_introspection_cppExport-noconfig.cmake
[6.407s] -- Up-to-date: /Users/fergusproctor/dev/SLAM-robot/ros2_ws/install/turtlesim/share/turtlesim/cmake/turtlesim__rosidl_typesupport_cppExport.cmake
[6.407s] -- Up-to-date: /Users/fergusproctor/dev/SLAM-robot/ros2_ws/install/turtlesim/share/turtlesim/cmake/turtlesim__rosidl_typesupport_cppExport-noconfig.cmake
[6.408s] -- Up-to-date: /Users/fergusproctor/dev/SLAM-robot/ros2_ws/install/turtlesim/share/turtlesim/cmake/rosidl_cmake-extras.cmake
[6.408s] -- Up-to-date: /Users/fergusproctor/dev/SLAM-robot/ros2_ws/install/turtlesim/share/turtlesim/cmake/ament_cmake_export_dependencies-extras.cmake
[6.408s] -- Up-to-date: /Users/fergusproctor/dev/SLAM-robot/ros2_ws/install/turtlesim/share/turtlesim/cmake/ament_cmake_export_include_directories-extras.cmake
[6.408s] -- Up-to-date: /Users/fergusproctor/dev/SLAM-robot/ros2_ws/install/turtlesim/share/turtlesim/cmake/ament_cmake_export_libraries-extras.cmake
[6.408s] -- Up-to-date: /Users/fergusproctor/dev/SLAM-robot/ros2_ws/install/turtlesim/share/turtlesim/cmake/ament_cmake_export_targets-extras.cmake
[6.408s] -- Up-to-date: /Users/fergusproctor/dev/SLAM-robot/ros2_ws/install/turtlesim/share/turtlesim/cmake/rosidl_cmake_export_typesupport_targets-extras.cmake
[6.408s] -- Up-to-date: /Users/fergusproctor/dev/SLAM-robot/ros2_ws/install/turtlesim/share/turtlesim/cmake/rosidl_cmake_export_typesupport_libraries-extras.cmake
[6.408s] -- Up-to-date: /Users/fergusproctor/dev/SLAM-robot/ros2_ws/install/turtlesim/share/turtlesim/cmake/turtlesimConfig.cmake
[6.408s] -- Up-to-date: /Users/fergusproctor/dev/SLAM-robot/ros2_ws/install/turtlesim/share/turtlesim/cmake/turtlesimConfig-version.cmake
[6.408s] -- Up-to-date: /Users/fergusproctor/dev/SLAM-robot/ros2_ws/install/turtlesim/share/turtlesim/package.xml
[6.409s] Invoked command in '/Users/fergusproctor/dev/SLAM-robot/ros2_ws/build/turtlesim' returned '0': CMAKE_PREFIX_PATH=${CMAKE_PREFIX_PATH}:/Users/fergusproctor/miniforge3/envs/ros_env CONDA_PROMPT_MODIFIER=(ros_env) SHLVL=2 _=/Users/fergusproctor/miniforge3/envs/ros_env/bin/env __CF_USER_TEXT_ENCODING=0x1F5:0x0:0x0 /Users/fergusproctor/miniforge3/envs/ros_env/bin/cmake --install /Users/fergusproctor/dev/SLAM-robot/ros2_ws/build/turtlesim
